[2025-09-07T13:34:55.641Z] Start single-user TUI: user=0x3C44CdDdB6a900fa2b585dd299e03d12FA4293BC
[2025-09-07T13:34:56.409Z] withdraw MESH +3.9951171875
[2025-09-07T13:34:57.199Z] error: cannot estimate gas; transaction may fail or may require manual gas limit [ See:
[2025-09-07T13:34:58.797Z] claim E573N1161
[2025-09-07T13:35:00.123Z] withdraw MESH +5.0
[2025-09-07T13:35:01.418Z] claim W483N7462
[2025-09-07T13:35:02.797Z] withdraw MESH +6.0
[2025-09-07T13:35:04.149Z] claim W970N8459
[2025-09-07T13:35:05.794Z] claim E370S3832
[2025-09-07T13:35:07.398Z] claim W451S7195
[2025-09-07T13:35:09.132Z] claim E777N2745
[2025-09-07T13:35:11.090Z] claim W713S4995
[2025-09-07T13:35:11.853Z] error: cannot estimate gas; transaction may fail or may require manual gas limit [ See:
[2025-09-07T13:35:13.475Z] withdraw MESH +19.55078125
[2025-09-07T13:35:14.327Z] error: cannot estimate gas; transaction may fail or may require manual gas limit [ See:
[2025-09-07T13:35:15.774Z] claim E343S8241
[2025-09-07T13:35:16.499Z] error: cannot estimate gas; transaction may fail or may require manual gas limit [ See:
[2025-09-07T13:35:17.763Z] claim W27S3972
[2025-09-07T13:35:19.232Z] withdraw MESH +18.0
[2025-09-07T13:35:20.742Z] claim E100N100
[2025-09-07T13:35:22.055Z] reward withdraw +6.5
[2025-09-07T13:35:22.057Z] reward set +4.0
[2025-09-07T13:35:23.397Z] withdraw MESH +19.8
[2025-09-07T13:35:24.611Z] reward withdraw +4.25
[2025-09-07T13:35:24.612Z] reward set +2.0
[2025-09-07T13:35:25.828Z] reward withdraw +2.625
[2025-09-07T13:35:25.829Z] reward set +1.0
[2025-09-07T13:35:27.250Z] claim E219S4056
[2025-09-07T13:35:28.605Z] claim W552S6999
[2025-09-07T13:35:29.445Z] reward set +1.0
[2025-09-07T13:35:31.503Z] claim W342N89
[2025-09-07T13:35:32.928Z] withdraw MESH +28.1
[2025-09-07T13:35:33.751Z] error: cannot estimate gas; transaction may fail or may require manual gas limit [ See:
[2025-09-07T13:35:35.081Z] withdraw MESH +24.3
[2025-09-07T13:35:35.851Z] reward set +3.0
[2025-09-07T13:35:36.911Z] reward withdraw +4.8125
[2025-09-07T13:35:36.912Z] reward set +3.0
[2025-09-07T13:35:37.707Z] error: cannot estimate gas; transaction may fail or may require manual gas limit [ See:
[2025-09-07T13:35:38.477Z] error: cannot estimate gas; transaction may fail or may require manual gas limit [ See:
[2025-09-07T13:35:40.201Z] claim W280S1678
[2025-09-07T13:35:41.975Z] claim E697N3215
[2025-09-07T13:35:42.731Z] reward set +2.0
[2025-09-07T13:35:43.912Z] reward withdraw +4.40625
[2025-09-07T13:35:43.913Z] reward set +2.0
[2025-09-07T13:35:44.608Z] error: cannot estimate gas; transaction may fail or may require manual gas limit [ See:
[2025-09-07T13:35:45.390Z] reward set +4.0
[2025-09-07T13:35:46.109Z] error: cannot estimate gas; transaction may fail or may require manual gas limit [ See:
[2025-09-07T13:35:46.813Z] reward set +1.0
[2025-09-07T13:35:47.504Z] error: cannot estimate gas; transaction may fail or may require manual gas limit [ See:
[2025-09-07T13:35:48.200Z] reward set +4.0
[2025-09-07T13:35:49.334Z] withdraw MESH +34.125
[2025-09-07T13:35:50.831Z] claim E408N7305
[2025-09-07T13:35:51.991Z] reward withdraw +8.203125
[2025-09-07T13:35:51.991Z] reward set +3.0
[2025-09-07T13:35:53.336Z] withdraw MESH +28.8
[2025-09-07T13:35:54.240Z] reward set +5.0
[2025-09-07T13:35:54.940Z] error: cannot estimate gas; transaction may fail or may require manual gas limit [ See:
[2025-09-07T13:35:56.439Z] claim E864N472
[2025-09-07T13:35:58.166Z] claim W984S563
[2025-09-07T13:35:58.923Z] error: cannot estimate gas; transaction may fail or may require manual gas limit [ See:
[2025-09-07T13:35:59.635Z] error: cannot estimate gas; transaction may fail or may require manual gas limit [ See:
[2025-09-07T13:36:00.311Z] error: cannot estimate gas; transaction may fail or may require manual gas limit [ See:
[2025-09-07T13:36:01.012Z] reward set +4.0
[2025-09-07T13:36:02.763Z] claim W220N5900
[2025-09-07T13:36:04.076Z] withdraw MESH +43.44375
[2025-09-07T13:36:04.783Z] error: cannot estimate gas; transaction may fail or may require manual gas limit [ See:
[2025-09-07T13:36:05.478Z] reward set +3.0
[2025-09-07T13:36:06.784Z] withdraw MESH +33.3
[2025-09-07T13:36:07.499Z] reward set +1.0
[2025-09-07T13:36:08.576Z] reward withdraw +12.6015625
[2025-09-07T13:36:08.576Z] reward set +4.0
[2025-09-07T13:36:09.846Z] reward withdraw +6.80078125
[2025-09-07T13:36:09.847Z] reward set +1.0
[2025-09-07T13:36:11.174Z] withdraw MESH +33.3
[2025-09-07T13:36:11.961Z] error: cannot estimate gas; transaction may fail or may require manual gas limit [ See:
[2025-09-07T13:36:13.422Z] claim W512N7212
[2025-09-07T13:36:14.279Z] error: cannot estimate gas; transaction may fail or may require manual gas limit [ See:
[2025-09-07T13:36:15.516Z] withdraw MESH +34.8
[2025-09-07T13:36:16.296Z] error: cannot estimate gas; transaction may fail or may require manual gas limit [ See:
[2025-09-07T13:36:17.097Z] reward set +2.0
[2025-09-07T13:36:18.405Z] withdraw MESH +34.8
[2025-09-07T13:36:19.157Z] error: cannot estimate gas; transaction may fail or may require manual gas limit [ See:
[2025-09-07T13:36:20.549Z] claim E698N7659
[2025-09-07T13:36:21.297Z] error: cannot estimate gas; transaction may fail or may require manual gas limit [ See:
[2025-09-07T13:36:22.669Z] withdraw MESH +42.35
[2025-09-07T13:36:23.430Z] error: cannot estimate gas; transaction may fail or may require manual gas limit [ See:
[2025-09-07T13:36:24.462Z] reward withdraw +4.900390625
[2025-09-07T13:36:24.463Z] reward set +1.0
[2025-09-07T13:36:25.303Z] error: cannot estimate gas; transaction may fail or may require manual gas limit [ See:
[2025-09-07T13:36:26.058Z] error: cannot estimate gas; transaction may fail or may require manual gas limit [ See:
[2025-09-07T13:36:27.092Z] reward withdraw +2.22509765625
[2025-09-07T13:36:27.093Z] reward set +1.0
[2025-09-07T13:36:27.803Z] error: cannot estimate gas; transaction may fail or may require manual gas limit [ See:
[2025-09-07T13:36:28.486Z] error: cannot estimate gas; transaction may fail or may require manual gas limit [ See:
[2025-09-07T13:36:29.160Z] error: cannot estimate gas; transaction may fail or may require manual gas limit [ See:
[2025-09-07T13:36:29.845Z] reward set +2.0
[2025-09-07T13:36:31.699Z] claim E805S2841
[2025-09-07T13:36:32.520Z] reward set +3.0
[2025-09-07T13:36:33.258Z] error: cannot estimate gas; transaction may fail or may require manual gas limit [ See:
[2025-09-07T13:36:34.128Z] reward set +3.0
[2025-09-07T13:36:36.011Z] claim E771N4602
[2025-09-07T13:36:37.516Z] withdraw MESH +51.709375
[2025-09-07T13:36:38.359Z] reward set +3.0
[2025-09-07T13:36:39.488Z] reward withdraw +9.112548828125
[2025-09-07T13:36:39.489Z] reward set +3.0
[2025-09-07T13:36:40.287Z] error: cannot estimate gas; transaction may fail or may require manual gas limit [ See:
[2025-09-07T13:36:41.551Z] reward withdraw +6.0562744140625
[2025-09-07T13:36:41.553Z] reward set +3.0
[2025-09-07T13:36:42.313Z] reward set +2.0
[2025-09-07T13:36:43.843Z] withdraw MESH +39.3
[2025-09-07T13:36:46.033Z] claim E303N6391
[2025-09-07T13:36:46.894Z] reward set +4.0
[2025-09-07T13:36:48.997Z] claim W13S56
[2025-09-07T13:36:50.107Z] reward withdraw +6.52813720703125
[2025-09-07T13:36:50.107Z] reward set +1.0
[2025-09-07T13:36:51.204Z] reward withdraw +5.264068603515625
[2025-09-07T13:36:51.205Z] reward set +4.0
[2025-09-07T13:36:52.392Z] reward withdraw +3.1320343017578125
[2025-09-07T13:36:52.393Z] reward set +1.0
[2025-09-07T13:36:53.197Z] error: cannot estimate gas; transaction may fail or may require manual gas limit [ See:
[2025-09-07T13:36:54.046Z] error: cannot estimate gas; transaction may fail or may require manual gas limit [ See:
[2025-09-07T13:36:56.273Z] claim E848S284
[2025-09-07T13:36:57.554Z] reward withdraw +3.56601715087890625
[2025-09-07T13:36:57.555Z] reward set +4.0
[2025-09-07T13:36:58.885Z] withdraw MESH +57.44375
[2025-09-07T13:37:00.093Z] withdraw MESH +43.8
[2025-09-07T13:37:00.833Z] error: cannot estimate gas; transaction may fail or may require manual gas limit [ See:
[2025-09-07T13:37:01.516Z] error: cannot estimate gas; transaction may fail or may require manual gas limit [ See:
[2025-09-07T13:37:02.343Z] error: cannot estimate gas; transaction may fail or may require manual gas limit [ See:
[2025-09-07T13:37:03.422Z] reward withdraw +2.783008575439453125
[2025-09-07T13:37:03.423Z] reward set +2.0
[2025-09-07T13:37:04.209Z] reward set +4.0
[2025-09-07T13:37:05.516Z] withdraw MESH +51.1
[2025-09-07T13:37:07.304Z] claim E611S5803
[2025-09-07T13:37:08.615Z] withdraw MESH +52.6
[2025-09-07T13:37:09.428Z] error: cannot estimate gas; transaction may fail or may require manual gas limit [ See:
[2025-09-07T13:37:10.518Z] reward withdraw +4.391504287719726562
[2025-09-07T13:37:10.518Z] reward set +2.0
[2025-09-07T13:37:11.377Z] reward set +4.0
[2025-09-07T13:37:13.014Z] claim E227N1502
[2025-09-07T13:37:14.834Z] claim E137N4324
[2025-09-07T13:37:16.174Z] withdraw MESH +62.1375
[2025-09-07T13:37:17.155Z] reward withdraw +6.695752143859863281
[2025-09-07T13:37:17.155Z] reward set +5.0
[2025-09-07T13:37:17.985Z] error: cannot estimate gas; transaction may fail or may require manual gas limit [ See:
[2025-09-07T13:37:18.774Z] error: cannot estimate gas; transaction may fail or may require manual gas limit [ See:
[2025-09-07T13:37:19.514Z] error: cannot estimate gas; transaction may fail or may require manual gas limit [ See:
[2025-09-07T13:37:20.212Z] reward set +3.0
[2025-09-07T13:37:21.566Z] withdraw MESH +48.3
[2025-09-07T13:37:22.531Z] reward withdraw +6.847876071929931641
[2025-09-07T13:37:22.531Z] reward set +4.0
[2025-09-07T13:37:23.321Z] error: cannot estimate gas; transaction may fail or may require manual gas limit [ See:
[2025-09-07T13:37:24.071Z] error: cannot estimate gas; transaction may fail or may require manual gas limit [ See:
[2025-09-07T13:37:24.832Z] error: cannot estimate gas; transaction may fail or may require manual gas limit [ See:
[2025-09-07T13:37:25.547Z] reward set +4.0
[2025-09-07T13:37:26.350Z] error: cannot estimate gas; transaction may fail or may require manual gas limit [ See:
[2025-09-07T13:37:27.134Z] error: cannot estimate gas; transaction may fail or may require manual gas limit [ See:
[2025-09-07T13:37:28.698Z] withdraw MESH +60.375
[2025-09-07T13:37:30.056Z] reward withdraw +7.92393803596496582
[2025-09-07T13:37:30.057Z] reward set +5.0
[2025-09-07T13:37:31.547Z] withdraw MESH +56.35
[2025-09-07T13:37:33.050Z] reward withdraw +5.46196901798248291
[2025-09-07T13:37:33.050Z] reward set +3.0
[2025-09-07T13:37:33.773Z] error: cannot estimate gas; transaction may fail or may require manual gas limit [ See:
[2025-09-07T13:37:35.647Z] claim W414N8330
[2025-09-07T13:37:37.230Z] withdraw MESH +62.125
[2025-09-07T13:37:38.725Z] claim W581S8579
[2025-09-07T13:37:39.442Z] error: cannot estimate gas; transaction may fail or may require manual gas limit [ See:
[2025-09-07T13:37:40.132Z] error: cannot estimate gas; transaction may fail or may require manual gas limit [ See:
[2025-09-07T13:37:40.903Z] reward set +5.0
[2025-09-07T13:37:42.600Z] claim W780S3391
[2025-09-07T13:37:43.864Z] reward withdraw +6.730984508991241455
[2025-09-07T13:37:43.864Z] reward set +3.0
[2025-09-07T13:37:45.045Z] withdraw MESH +61.35
[2025-09-07T13:37:45.831Z] error: cannot estimate gas; transaction may fail or may require manual gas limit [ See:
[2025-09-07T13:37:46.596Z] reward set +3.0
[2025-09-07T13:37:47.369Z] reward set +3.0
[2025-09-07T13:37:49.066Z] withdraw MESH +52.8
[2025-09-07T13:37:49.924Z] reward set +5.0
[2025-09-07T13:37:50.739Z] error: cannot estimate gas; transaction may fail or may require manual gas limit [ See:
[2025-09-07T13:37:51.421Z] error: cannot estimate gas; transaction may fail or may require manual gas limit [ See:
[2025-09-07T13:37:52.194Z] error: cannot estimate gas; transaction may fail or may require manual gas limit [ See:
[2025-09-07T13:37:52.905Z] reward set +1.0
[2025-09-07T13:37:54.364Z] withdraw MESH +61.6
[2025-09-07T13:37:55.059Z] error: cannot estimate gas; transaction may fail or may require manual gas limit [ See:
[2025-09-07T13:37:56.584Z] claim W768S3036
[2025-09-07T13:37:57.355Z] error: cannot estimate gas; transaction may fail or may require manual gas limit [ See:
[2025-09-07T13:37:58.110Z] error: cannot estimate gas; transaction may fail or may require manual gas limit [ See:
[2025-09-07T13:37:58.790Z] error: cannot estimate gas; transaction may fail or may require manual gas limit [ See:
[2025-09-07T13:37:59.544Z] error: cannot estimate gas; transaction may fail or may require manual gas limit [ See:
[2025-09-07T13:38:00.337Z] error: cannot estimate gas; transaction may fail or may require manual gas limit [ See:
[2025-09-07T13:38:01.114Z] error: cannot estimate gas; transaction may fail or may require manual gas limit [ See:
[2025-09-07T13:38:01.969Z] reward set +3.0
[2025-09-07T13:38:02.717Z] error: cannot estimate gas; transaction may fail or may require manual gas limit [ See:
[2025-09-07T13:38:03.392Z] error: cannot estimate gas; transaction may fail or may require manual gas limit [ See:
[2025-09-07T13:38:04.973Z] claim W691S5702
[2025-09-07T13:38:06.265Z] reward withdraw +9.682746127247810364
[2025-09-07T13:38:06.266Z] reward set +4.0
[2025-09-07T13:38:06.987Z] reward set +2.0
[2025-09-07T13:38:08.075Z] reward withdraw +6.341373063623905182
[2025-09-07T13:38:08.075Z] reward set +1.0
[2025-09-07T13:38:09.300Z] reward withdraw +3.670686531811952591
[2025-09-07T13:38:09.301Z] reward set +1.0
[2025-09-07T13:38:10.071Z] error: cannot estimate gas; transaction may fail or may require manual gas limit [ See:
[2025-09-07T13:38:11.410Z] withdraw MESH +69.375
[2025-09-07T13:38:12.144Z] reward set +4.0
[2025-09-07T13:38:12.914Z] reward set +3.0
[2025-09-07T13:38:13.590Z] error: cannot estimate gas; transaction may fail or may require manual gas limit [ See:
[2025-09-07T13:38:14.413Z] error: cannot estimate gas; transaction may fail or may require manual gas limit [ See:
[2025-09-07T13:38:16.533Z] claim W513S7730
[2025-09-07T13:38:17.352Z] reward set +1.0
[2025-09-07T13:38:18.122Z] error: cannot estimate gas; transaction may fail or may require manual gas limit [ See:
[2025-09-07T13:38:19.448Z] withdraw MESH +66.6
[2025-09-07T13:38:20.189Z] error: cannot estimate gas; transaction may fail or may require manual gas limit [ See:
[2025-09-07T13:38:20.891Z] error: cannot estimate gas; transaction may fail or may require manual gas limit [ See:
[2025-09-07T13:38:21.627Z] error: cannot estimate gas; transaction may fail or may require manual gas limit [ See:
[2025-09-07T13:38:22.959Z] withdraw MESH +57.3
[2025-09-07T13:38:23.661Z] error: cannot estimate gas; transaction may fail or may require manual gas limit [ See:
[2025-09-07T13:38:24.764Z] reward withdraw +7.335343265905976295
[2025-09-07T13:38:24.764Z] reward set +3.0
[2025-09-07T13:38:26.232Z] withdraw MESH +57.3
[2025-09-07T13:38:27.536Z] claim E941S3654
[2025-09-07T13:38:28.588Z] reward withdraw +4.167671632952988148
[2025-09-07T13:38:28.588Z] reward set +1.0
[2025-09-07T13:38:29.840Z] reward withdraw +4.083835816476494074
[2025-09-07T13:38:29.840Z] reward set +4.0
[2025-09-07T13:38:30.621Z] error: cannot estimate gas; transaction may fail or may require manual gas limit [ See:
[2025-09-07T13:38:31.806Z] reward withdraw +4.041917908238247037
[2025-09-07T13:38:31.807Z] reward set +4.0
[2025-09-07T13:38:32.573Z] error: cannot estimate gas; transaction may fail or may require manual gas limit [ See:
[2025-09-07T13:38:33.806Z] reward withdraw +4.520958954119123518
[2025-09-07T13:38:33.806Z] reward set +5.0
[2025-09-07T13:38:34.575Z] error: cannot estimate gas; transaction may fail or may require manual gas limit [ See:
[2025-09-07T13:38:35.398Z] reward set +2.0
[2025-09-07T13:38:36.118Z] reward set +2.0
[2025-09-07T13:38:38.092Z] claim W904N2115
[2025-09-07T13:38:38.894Z] reward set +3.0
[2025-09-07T13:38:39.716Z] error: cannot estimate gas; transaction may fail or may require manual gas limit [ See:
[2025-09-07T13:38:40.843Z] reward withdraw +7.260479477059561759
[2025-09-07T13:38:40.844Z] reward set +3.0
[2025-09-07T13:38:41.860Z] reward withdraw +5.13023973852978088
[2025-09-07T13:38:41.860Z] reward set +3.0
[2025-09-07T13:38:43.796Z] claim E380N8769
[2025-09-07T13:38:44.679Z] reward set +1.0
[2025-09-07T13:38:45.867Z] reward withdraw +3.56511986926489044
[2025-09-07T13:38:45.867Z] reward set +1.0
[2025-09-07T13:38:47.845Z] claim E175N2143
[2025-09-07T13:38:48.658Z] error: cannot estimate gas; transaction may fail or may require manual gas limit [ See:
[2025-09-07T13:38:49.337Z] error: cannot estimate gas; transaction may fail or may require manual gas limit [ See:
[2025-09-07T13:38:50.160Z] error: cannot estimate gas; transaction may fail or may require manual gas limit [ See:
[2025-09-07T13:38:52.298Z] claim W508S2283
[2025-09-07T13:38:53.773Z] withdraw MESH +86.11375732421875
[2025-09-07T13:38:54.564Z] error: cannot estimate gas; transaction may fail or may require manual gas limit [ See:
[2025-09-07T13:38:56.143Z] claim W168N2618
[2025-09-07T13:38:56.877Z] error: cannot estimate gas; transaction may fail or may require manual gas limit [ See:
[2025-09-07T13:38:57.666Z] error: cannot estimate gas; transaction may fail or may require manual gas limit [ See:
[2025-09-07T13:38:58.529Z] reward set +1.0
[2025-09-07T13:38:59.291Z] error: cannot estimate gas; transaction may fail or may require manual gas limit [ See:
[2025-09-07T13:39:00.810Z] withdraw MESH +77.35
[2025-09-07T13:39:01.708Z] error: cannot estimate gas; transaction may fail or may require manual gas limit [ See:
[2025-09-07T13:39:03.039Z] reward withdraw +4.28255993463244522
[2025-09-07T13:39:03.039Z] reward set +4.0
[2025-09-07T13:39:03.753Z] error: cannot estimate gas; transaction may fail or may require manual gas limit [ See:
[2025-09-07T13:39:04.460Z] error: cannot estimate gas; transaction may fail or may require manual gas limit [ See:
[2025-09-07T13:39:05.261Z] error: cannot estimate gas; transaction may fail or may require manual gas limit [ See:
[2025-09-07T13:39:06.410Z] reward withdraw +4.64127996731622261
[2025-09-07T13:39:06.410Z] reward set +5.0
[2025-09-07T13:39:07.810Z] withdraw MESH +77.35
[2025-09-07T13:39:08.583Z] reward set +5.0
[2025-09-07T13:39:10.502Z] claim E858N5792
[2025-09-07T13:39:11.971Z] withdraw MESH +84.625
[2025-09-07T13:39:12.782Z] reward set +3.0
[2025-09-07T13:39:14.529Z] withdraw MESH +67.8
[2025-09-07T13:39:15.231Z] error: cannot estimate gas; transaction may fail or may require manual gas limit [ See:
[2025-09-07T13:39:16.685Z] withdraw MESH +67.8
[2025-09-07T13:39:17.413Z] reward set +2.0
[2025-09-07T13:39:18.338Z] reward withdraw +9.320639983658111305
[2025-09-07T13:39:18.338Z] reward set +4.0
[2025-09-07T13:39:19.165Z] reward set +1.0
[2025-09-07T13:39:19.913Z] error: cannot estimate gas; transaction may fail or may require manual gas limit [ See:
[2025-09-07T13:39:21.347Z] withdraw MESH +67.8
[2025-09-07T13:39:23.229Z] withdraw MESH +67.8
[2025-09-07T13:39:24.109Z] reward set +5.0
[2025-09-07T13:39:25.021Z] error: cannot estimate gas; transaction may fail or may require manual gas limit [ See:
[2025-09-07T13:39:25.709Z] error: cannot estimate gas; transaction may fail or may require manual gas limit [ See:
[2025-09-07T13:39:26.449Z] error: cannot estimate gas; transaction may fail or may require manual gas limit [ See:
[2025-09-07T13:39:27.225Z] error: cannot estimate gas; transaction may fail or may require manual gas limit [ See:
[2025-09-07T13:39:28.066Z] error: cannot estimate gas; transaction may fail or may require manual gas limit [ See:
[2025-09-07T13:39:29.585Z] withdraw MESH +79.1
[2025-09-07T13:39:31.194Z] claim E585S7473
[2025-09-07T13:39:32.068Z] error: cannot estimate gas; transaction may fail or may require manual gas limit [ See:
[2025-09-07T13:39:33.553Z] withdraw MESH +69.3
[2025-09-07T13:39:34.358Z] reward set +1.0
[2025-09-07T13:39:35.079Z] error: cannot estimate gas; transaction may fail or may require manual gas limit [ See:
[2025-09-07T13:39:35.816Z] error: cannot estimate gas; transaction may fail or may require manual gas limit [ See:
[2025-09-07T13:39:36.502Z] error: cannot estimate gas; transaction may fail or may require manual gas limit [ See:
[2025-09-07T13:39:37.226Z] error: cannot estimate gas; transaction may fail or may require manual gas limit [ See:
[2025-09-07T13:39:39.053Z] claim E464S8942
[2025-09-07T13:39:39.958Z] reward set +2.0
[2025-09-07T13:39:40.771Z] error: cannot estimate gas; transaction may fail or may require manual gas limit [ See:
[2025-09-07T13:39:41.497Z] error: cannot estimate gas; transaction may fail or may require manual gas limit [ See:
[2025-09-07T13:39:42.889Z] withdraw MESH +91.2625
[2025-09-07T13:39:43.643Z] error: cannot estimate gas; transaction may fail or may require manual gas limit [ See:
[2025-09-07T13:39:44.459Z] error: cannot estimate gas; transaction may fail or may require manual gas limit [ See:
[2025-09-07T13:39:45.169Z] error: cannot estimate gas; transaction may fail or may require manual gas limit [ See:
[2025-09-07T13:39:45.838Z] error: cannot estimate gas; transaction may fail or may require manual gas limit [ See:
[2025-09-07T13:39:46.604Z] reward set +3.0
[2025-09-07T13:39:47.305Z] error: cannot estimate gas; transaction may fail or may require manual gas limit [ See:
[2025-09-07T13:39:48.050Z] error: cannot estimate gas; transaction may fail or may require manual gas limit [ See:
[2025-09-07T13:39:48.742Z] error: cannot estimate gas; transaction may fail or may require manual gas limit [ See:
[2025-09-07T13:39:49.454Z] error: cannot estimate gas; transaction may fail or may require manual gas limit [ See:
[2025-09-07T13:39:50.172Z] error: cannot estimate gas; transaction may fail or may require manual gas limit [ See:
[2025-09-07T13:39:52.658Z] claim E75N7656
[2025-09-07T13:39:53.518Z] error: cannot estimate gas; transaction may fail or may require manual gas limit [ See:
[2025-09-07T13:39:55.262Z] withdraw MESH +93.2
[2025-09-07T13:39:56.813Z] withdraw MESH +72.3
[2025-09-07T13:39:57.529Z] error: cannot estimate gas; transaction may fail or may require manual gas limit [ See:
[2025-09-07T13:39:58.209Z] error: cannot estimate gas; transaction may fail or may require manual gas limit [ See:
[2025-09-07T13:39:59.373Z] reward withdraw +12.660319991829055652
[2025-09-07T13:39:59.374Z] reward set +4.0
[2025-09-07T13:40:00.123Z] error: cannot estimate gas; transaction may fail or may require manual gas limit [ See:
[2025-09-07T13:40:01.328Z] reward withdraw +6.830159995914527826
[2025-09-07T13:40:01.328Z] reward set +1.0
[2025-09-07T13:40:02.203Z] error: cannot estimate gas; transaction may fail or may require manual gas limit [ See:
[2025-09-07T13:40:04.119Z] claim E883S4155
[2025-09-07T13:40:05.720Z] withdraw MESH +92.125
[2025-09-07T13:40:06.451Z] reward set +4.0
[2025-09-07T13:40:07.125Z] error: cannot estimate gas; transaction may fail or may require manual gas limit [ See:
[2025-09-07T13:40:07.810Z] error: cannot estimate gas; transaction may fail or may require manual gas limit [ See:
[2025-09-07T13:40:08.559Z] reward set +2.0
[2025-09-07T13:40:10.115Z] withdraw MESH +92.25
[2025-09-07T13:40:10.857Z] error: cannot estimate gas; transaction may fail or may require manual gas limit [ See:
[2025-09-07T13:40:11.576Z] error: cannot estimate gas; transaction may fail or may require manual gas limit [ See:
[2025-09-07T13:40:13.160Z] claim E392S7790
[2025-09-07T13:40:13.899Z] error: cannot estimate gas; transaction may fail or may require manual gas limit [ See:
[2025-09-07T13:40:14.732Z] error: cannot estimate gas; transaction may fail or may require manual gas limit [ See:
[2025-09-07T13:40:15.424Z] error: cannot estimate gas; transaction may fail or may require manual gas limit [ See:
[2025-09-07T13:40:16.200Z] reward set +4.0
[2025-09-07T13:40:17.011Z] error: cannot estimate gas; transaction may fail or may require manual gas limit [ See:
[2025-09-07T13:40:17.812Z] error: cannot estimate gas; transaction may fail or may require manual gas limit [ See:
[2025-09-07T13:40:18.646Z] reward set +4.0
[2025-09-07T13:40:19.432Z] error: cannot estimate gas; transaction may fail or may require manual gas limit [ See:
[2025-09-07T13:40:20.394Z] reward withdraw +11.915079997957263913
[2025-09-07T13:40:20.394Z] reward set +3.0
[2025-09-07T13:40:21.504Z] reward withdraw +7.457539998978631957
[2025-09-07T13:40:21.504Z] reward set +3.0
[2025-09-07T13:40:22.350Z] error: cannot estimate gas; transaction may fail or may require manual gas limit [ See:
[2025-09-07T13:40:23.059Z] error: cannot estimate gas; transaction may fail or may require manual gas limit [ See:
[2025-09-07T13:40:25.233Z] claim W456N4693
[2025-09-07T13:40:26.457Z] reward withdraw +4.228769999489315978
[2025-09-07T13:40:26.458Z] reward set +1.0
[2025-09-07T13:40:27.652Z] reward withdraw +3.614384999744657989
[2025-09-07T13:40:27.653Z] reward set +3.0
[2025-09-07T13:40:29.332Z] withdraw MESH +99.0125
[2025-09-07T13:40:30.061Z] error: cannot estimate gas; transaction may fail or may require manual gas limit [ See:
[2025-09-07T13:40:30.869Z] error: cannot estimate gas; transaction may fail or may require manual gas limit [ See:
[2025-09-07T13:40:31.591Z] error: cannot estimate gas; transaction may fail or may require manual gas limit [ See:
[2025-09-07T13:40:33.095Z] withdraw MESH +76.8
[2025-09-07T13:40:34.921Z] claim E727S6645
[2025-09-07T13:40:36.883Z] claim W501N3940
[2025-09-07T13:40:38.516Z] withdraw MESH +102.575
[2025-09-07T13:40:39.818Z] reward withdraw +3.307192499872328995
[2025-09-07T13:40:39.818Z] reward set +3.0
[2025-09-07T13:40:40.536Z] error: cannot estimate gas; transaction may fail or may require manual gas limit [ See:
[2025-09-07T13:40:41.401Z] reward set +4.0
[2025-09-07T13:40:42.110Z] error: cannot estimate gas; transaction may fail or may require manual gas limit [ See:
[2025-09-07T13:40:42.826Z] error: cannot estimate gas; transaction may fail or may require manual gas limit [ See:
[2025-09-07T13:40:44.269Z] claim E699N7922
[2025-09-07T13:40:45.124Z] error: cannot estimate gas; transaction may fail or may require manual gas limit [ See:
