[2025-09-07T15:44:29.201Z] Start single-user TUI: user=0x3C44CdDdB6a900fa2b585dd299e03d12FA4293BC
[2025-09-07T15:44:29.669Z] CALL ClaimMesh(W98S3690) ok | gas=328829 | costQuote=0.0 | applyCount 0->1 | heat 0.0->1.0 | myMESH 0.0->0.0 (Δ0.0)
  burn: claim=0.0 decay=0.0 totalΔ=0.0 totalBurn=0.4
[2025-09-07T15:44:30.593Z] CALL ClaimMesh(W970N8459) ok | gas=314148 | costQuote=0.0 | applyCount 0->1 | heat 0.0->1.0 | myMESH 0.0->0.0 (Δ0.0)
  burn: claim=0.0 decay=0.0 totalΔ=0.4 totalBurn=0.8
[2025-09-07T15:44:31.342Z] CALL withdraw ok | gas=198903 | myMESH 0.0->3.8125 (Δ3.8125)
  burn: claim=0.0 decay=0.0 totalΔ=3.75 totalBurn=4.55
[2025-09-07T15:44:31.996Z] SKIP withdraw | ineligible (weight=2.0 lastDay=5 curDay=5)
[2025-09-07T15:44:32.998Z] CALL ClaimMesh(W214N3095) ok | gas=314148 | costQuote=0.0 | applyCount 0->1 | heat 0.0->1.0 | myMESH 3.8125->3.8125 (Δ0.0)
  burn: claim=0.0 decay=0.0 totalΔ=0.8 totalBurn=5.35
[2025-09-07T15:44:33.878Z] CALL ClaimMesh(W483N7462) ok | gas=309464 | costQuote=0.0 | applyCount 0->1 | heat 0.0->1.0 | myMESH 3.8125->3.8125 (Δ0.0)
  burn: claim=0.0 decay=0.0 totalΔ=3.6 totalBurn=13.75625
[2025-09-07T15:44:35.013Z] CALL ClaimMesh(E35S1812) ok | gas=269591 | costQuote=0.0 | applyCount 0->1 | heat 0.0->1.0 | myMESH 3.8125->3.8125 (Δ0.0)
  burn: claim=0.0 decay=0.0 totalΔ=3.45 totalBurn=26.71875
[2025-09-07T15:44:35.898Z] CALL ClaimMesh(W121S7631) ok | gas=301174 | costQuote=0.0 | applyCount 0->1 | heat 0.0->1.0 | myMESH 3.8125->3.8125 (Δ0.0)
  burn: claim=0.0 decay=0.0 totalΔ=8.5875 totalBurn=35.30625
[2025-09-07T15:44:36.745Z] CALL withdraw ok | gas=170549 | myMESH 3.8125->17.45703125 (Δ13.64453125)
  burn: claim=0.0 decay=0.0 totalΔ=10.346875 totalBurn=45.653125
[2025-09-07T15:44:37.929Z] CALL ClaimMesh(W201S1380) ok | gas=318274 | costQuote=0.0 | applyCount 0->1 | heat 0.0->1.0 | myMESH 17.45703125->17.45703125 (Δ0.0)
  burn: claim=0.0 decay=0.0 totalΔ=7.0 totalBurn=56.665625
[2025-09-07T15:44:38.766Z] CALL withdraw ok | gas=151460 | myMESH 17.45703125->32.76953125 (Δ15.3125)
  burn: claim=0.0 decay=0.0 totalΔ=11.15 totalBurn=75.01640625
[2025-09-07T15:44:39.903Z] CALL ClaimMesh(E697N8037) ok | gas=227497 | costQuote=0.0 | applyCount 0->1 | heat 0.0->1.0 | myMESH 32.76953125->32.76953125 (Δ0.0)
  burn: claim=0.0 decay=0.0 totalΔ=0.0 totalBurn=78.24140625
[2025-09-07T15:44:40.584Z] SKIP withdraw | ineligible (weight=10.0 lastDay=13 curDay=13)
[2025-09-07T15:44:41.417Z] CALL ClaimMesh(E573N1161) ok | gas=322414 | costQuote=0.0 | applyCount 0->1 | heat 0.0->1.0 | myMESH 32.76953125->32.76953125 (Δ0.0)
  burn: claim=0.0 decay=0.0 totalΔ=4.0 totalBurn=82.64140625
[2025-09-07T15:44:42.232Z] CALL withdraw ok | gas=120744 | myMESH 32.76953125->51.76953125 (Δ19.0)
  burn: claim=0.0 decay=0.0 totalΔ=6.4 totalBurn=89.04140625
[2025-09-07T15:44:43.222Z] CALL ClaimMesh(E689S250) ok | gas=316940 | costQuote=0.0 | applyCount 0->1 | heat 0.0->1.0 | myMESH 51.76953125->51.76953125 (Δ0.0)
  burn: claim=0.0 decay=0.0 totalΔ=11.0 totalBurn=100.04140625
[2025-09-07T15:44:44.103Z] CALL withdraw ok | gas=150218 | myMESH 51.76953125->76.33203125 (Δ24.5625)
  burn: claim=0.0 decay=0.0 totalΔ=14.899267578125 totalBurn=123.040673828125
[2025-09-07T15:44:45.136Z] CALL ClaimMesh(E288N6368) ok | gas=225386 | costQuote=0.0 | applyCount 0->1 | heat 0.0->1.0 | myMESH 76.33203125->76.33203125 (Δ0.0)
  burn: claim=0.0 decay=0.0 totalΔ=0.0 totalBurn=125.490673828125
[2025-09-07T15:44:45.988Z] CALL withdraw ok | gas=169556 | myMESH 76.33203125->97.33203125 (Δ21.0)
  burn: claim=0.0 decay=0.0 totalΔ=5.6 totalBurn=146.27896728515625
[2025-09-07T15:44:46.937Z] CALL withdraw ok | gas=184229 | myMESH 97.33203125->121.83203125 (Δ24.5)
  burn: claim=0.0 decay=0.0 totalΔ=14.0 totalBurn=160.27896728515625
[2025-09-07T15:44:47.866Z] CALL ClaimMesh(E777N2745) ok | gas=322414 | costQuote=0.0 | applyCount 0->1 | heat 0.0->1.0 | myMESH 121.83203125->121.83203125 (Δ0.0)
  burn: claim=0.0 decay=0.0 totalΔ=19.2000030517578125 totalBurn=181.1789703369140625
[2025-09-07T15:44:48.800Z] CALL withdraw ok | gas=151460 | myMESH 121.83203125->149.83203125 (Δ28.0)
  burn: claim=0.0 decay=0.0 totalΔ=19.2 totalBurn=223.572744941711425782
[2025-09-07T15:44:49.995Z] CALL ClaimMesh(E668N1542) ok | gas=339514 | costQuote=0.0 | applyCount 0->1 | heat 0.0->1.0 | myMESH 149.83203125->149.83203125 (Δ0.0)
  burn: claim=0.0 decay=0.0 totalΔ=6.0 totalBurn=229.572744941711425782
[2025-09-07T15:44:50.835Z] CALL withdraw ok | gas=170549 | myMESH 149.83203125->179.70703125 (Δ29.875)
  burn: claim=0.0 decay=0.0 totalΔ=20.5 totalBurn=250.072744941711425782
[2025-09-07T15:44:51.567Z] CALL withdraw ok | gas=158095 | myMESH 179.70703125->203.70703125 (Δ24.0)
  burn: claim=0.0 decay=0.0 totalΔ=6.4 totalBurn=266.072842597961425782
[2025-09-07T15:44:52.412Z] CALL withdraw ok | gas=166950 | myMESH 203.70703125->227.70703125 (Δ24.0)
  burn: claim=0.0 decay=0.0 totalΔ=6.4 totalBurn=280.473233222961425782
[2025-09-07T15:44:53.196Z] CALL ClaimMesh(E95S2190) ok | gas=223863 | costQuote=0.0 | applyCount 0->1 | heat 0.0->1.0 | myMESH 227.70703125->227.70703125 (Δ0.0)
  burn: claim=0.0 decay=0.0 totalΔ=0.0 totalBurn=299.673233246803283694
[2025-09-07T15:44:54.141Z] CALL ClaimMesh(E240N989) ok | gas=321188 | costQuote=0.0 | applyCount 0->1 | heat 0.0->1.0 | myMESH 227.70703125->227.70703125 (Δ0.0)
  burn: claim=0.0 decay=0.0 totalΔ=26.400146484375 totalBurn=329.298379731178283694
[2025-09-07T15:44:55.062Z] CALL withdraw ok | gas=155257 | myMESH 227.70703125->262.51953125 (Δ34.8125)
  burn: claim=0.0 decay=0.0 totalΔ=36.55 totalBurn=384.251480222493410116
[2025-09-07T15:44:56.005Z] CALL ClaimMesh(E495S1928) ok | gas=297024 | costQuote=0.0 | applyCount 0->1 | heat 0.0->1.0 | myMESH 262.51953125->262.51953125 (Δ0.0)
  burn: claim=0.0 decay=0.0 totalΔ=7.2 totalBurn=397.078042722493410116
[2025-09-07T15:44:56.836Z] CALL withdraw ok | gas=171543 | myMESH 262.51953125->299.26953125 (Δ36.75)
  burn: claim=0.0 decay=0.0 totalΔ=38.6 totalBurn=442.878823972493410116
[2025-09-07T15:44:57.505Z] SKIP withdraw | ineligible (weight=19.0 lastDay=31 curDay=31)
[2025-09-07T15:44:58.483Z] CALL ClaimMesh(E984N1903) ok | gas=305314 | costQuote=0.0 | applyCount 0->1 | heat 0.0->1.0 | myMESH 299.26953125->299.26953125 (Δ0.0)
  burn: claim=0.0 decay=0.0 totalΔ=11.8 totalBurn=462.278823972493410116
[2025-09-07T15:44:59.208Z] CALL withdraw ok | gas=151460 | myMESH 299.26953125->339.70703125 (Δ40.4375)
  burn: claim=0.0 decay=0.0 totalΔ=29.85 totalBurn=501.741323972493410116
[2025-09-07T15:45:00.096Z] CALL ClaimMesh(E892N3667) ok | gas=225386 | costQuote=0.0 | applyCount 0->1 | heat 0.0->1.0 | myMESH 339.70703125->339.70703125 (Δ0.0)
  burn: claim=0.0 decay=0.0 totalΔ=0.0 totalBurn=511.416323972493410116
[2025-09-07T15:45:00.916Z] CALL withdraw ok | gas=183236 | myMESH 339.70703125->372.70703125 (Δ33.0)
  burn: claim=0.0 decay=0.0 totalΔ=9.2 totalBurn=520.616323972493410116
[2025-09-07T15:45:02.215Z] CALL ClaimMesh(W336N8402) ok | gas=297048 | costQuote=0.0 | applyCount 0->1 | heat 0.0->1.0 | myMESH 372.70703125->372.70703125 (Δ0.0)
  burn: claim=0.0 decay=0.0 totalΔ=8.8 totalBurn=532.641323972493410116
[2025-09-07T15:45:02.997Z] CALL withdraw ok | gas=146961 | myMESH 372.70703125->412.70703125 (Δ40.0)
  burn: claim=0.0 decay=0.0 totalΔ=13.6 totalBurn=553.442105222493410116
[2025-09-07T15:45:03.778Z] CALL ClaimMesh(W226S9) ok | gas=314596 | costQuote=0.0 | applyCount 0->1 | heat 0.0->1.0 | myMESH 412.70703125->412.70703125 (Δ0.0)
  burn: claim=0.0 decay=0.0 totalΔ=23.0 totalBurn=576.842105222493410116
[2025-09-07T15:45:04.742Z] CALL ClaimMesh(W410N6970) ok | gas=305422 | costQuote=0.0 | applyCount 0->1 | heat 0.0->1.0 | myMESH 412.70703125->412.70703125 (Δ0.0)
  burn: claim=0.0 decay=0.0 totalΔ=18.25 totalBurn=611.592105222493410116
[2025-09-07T15:45:05.976Z] CALL ClaimMesh(E119S2899) ok | gas=279966 | costQuote=0.0 | applyCount 0->1 | heat 0.0->1.0 | myMESH 412.70703125->412.70703125 (Δ0.0)
  burn: claim=0.0 decay=0.0 totalΔ=39.6875 totalBurn=715.229654151952127005
[2025-09-07T15:45:06.803Z] CALL withdraw ok | gas=156869 | myMESH 412.70703125->466.2578125 (Δ53.55078125)
  burn: claim=0.0 decay=0.0 totalΔ=42.121875 totalBurn=773.345376808202127005
[2025-09-07T15:45:07.579Z] CALL withdraw ok | gas=155489 | myMESH 466.2578125->506.7578125 (Δ40.5)
  burn: claim=0.0 decay=0.0 totalΔ=10.8 totalBurn=800.146158058202127005
[2025-09-07T15:45:08.309Z] CALL withdraw ok | gas=183236 | myMESH 506.7578125->547.2578125 (Δ40.5)
  burn: claim=0.0 decay=0.0 totalΔ=10.8 totalBurn=819.734048683202127005
[2025-09-07T15:45:09.037Z] CALL withdraw ok | gas=183236 | myMESH 547.2578125->587.7578125 (Δ40.5)
  burn: claim=0.0 decay=0.0 totalΔ=10.8 totalBurn=838.952798683202127005
[2025-09-07T15:45:10.212Z] CALL ClaimMesh(W244N1594) ok | gas=314148 | costQuote=0.0 | applyCount 0->1 | heat 0.0->1.0 | myMESH 587.7578125->587.7578125 (Δ0.0)
  burn: claim=0.0 decay=0.0 totalΔ=45.12542724609375 totalBurn=884.078225929295877005
[2025-09-07T15:45:11.349Z] CALL withdraw ok | gas=150218 | myMESH 587.7578125->636.5078125 (Δ48.75)
  burn: claim=0.0 decay=0.0 totalΔ=16.6 totalBurn=917.478226120030740287
[2025-09-07T15:45:12.429Z] CALL withdraw ok | gas=158095 | myMESH 636.5078125->678.5078125 (Δ42.0)
  burn: claim=0.0 decay=0.0 totalΔ=11.2 totalBurn=974.228226121613988668
[2025-09-07T15:45:13.344Z] CALL withdraw ok | gas=155489 | myMESH 678.5078125->720.5078125 (Δ42.0)
  burn: claim=0.0 decay=0.0 totalΔ=11.2 totalBurn=1010.227457090566167625
[2025-09-07T15:45:14.350Z] CALL withdraw ok | gas=158095 | myMESH 720.5078125->762.5078125 (Δ42.0)
  burn: claim=0.0 decay=0.0 totalΔ=11.2 totalBurn=1041.427457102487096582
[2025-09-07T15:45:15.432Z] CALL ClaimMesh(W751N8012) ok | gas=227605 | costQuote=0.0 | applyCount 0->1 | heat 0.0->1.0 | myMESH 804.5078125->804.5078125 (Δ0.0)
  burn: claim=0.0 decay=0.0 totalΔ=0.0 totalBurn=1052.627457102487096582
[2025-09-07T15:45:16.241Z] CALL withdraw ok | gas=155489 | myMESH 804.5078125->848.0078125 (Δ43.5)
  burn: claim=0.0 decay=0.0 totalΔ=11.6 totalBurn=1073.039956914732465541
[2025-09-07T15:45:16.967Z] CALL withdraw ok | gas=155489 | myMESH 848.0078125->891.5078125 (Δ43.5)
  burn: claim=0.0 decay=0.0 totalΔ=11.6 totalBurn=1090.289956903556594646
[2025-09-07T15:45:17.685Z] CALL withdraw ok | gas=155489 | myMESH 891.5078125->935.0078125 (Δ43.5)
  burn: claim=0.0 decay=0.0 totalΔ=11.6 totalBurn=1102.689956903556594646
[2025-09-07T15:45:18.679Z] CALL ClaimMesh(W446S4279) ok | gas=297132 | costQuote=0.0 | applyCount 0->1 | heat 0.0->1.0 | myMESH 935.0078125->935.0078125 (Δ0.0)
  burn: claim=0.0 decay=0.0 totalΔ=11.6 totalBurn=1197.489163446548650808
[2025-09-07T15:45:19.434Z] CALL withdraw ok | gas=148203 | myMESH 935.0078125->991.1328125 (Δ56.125)
  burn: claim=0.0 decay=0.0 totalΔ=38.7 totalBurn=1259.389090207341383049
[2025-09-07T15:45:20.380Z] CALL ClaimMesh(E396S8906) ok | gas=318166 | costQuote=0.0 | applyCount 0->1 | heat 0.0->1.0 | myMESH 991.1328125->991.1328125 (Δ0.0)
  burn: claim=0.0 decay=0.0 totalΔ=50.80009765625 totalBurn=1340.570537808659742424
[2025-09-07T15:45:21.284Z] CALL withdraw ok | gas=148203 | myMESH 991.1328125->1051.0078125 (Δ59.875)
  burn: claim=0.0 decay=0.0 totalΔ=44.5 totalBurn=1400.295537808637164586
[2025-09-07T15:45:22.182Z] CALL ClaimMesh(E100N100) ok | gas=300252 | costQuote=1036.8 | applyCount 1->2 | heat 1.0->1.2 | myMESH 1051.0078125->1051.00781249999999928 (Δ-0.00000000000000072)
  burn: claim=0.0 decay=0.0 totalΔ=12.40000000000000072 totalBurn=1436.695562222699665306
[2025-09-07T15:45:23.146Z] CALL ClaimMesh(W44S4051) ok | gas=278425 | costQuote=0.0 | applyCount 0->1 | heat 0.0->1.0 | myMESH 1051.00781249999999928->1051.00781249999999928 (Δ0.0)
  burn: claim=0.0 decay=0.0 totalΔ=19.08 totalBurn=1457.375562222699665306
[2025-09-07T15:45:23.901Z] CALL withdraw ok | gas=148203 | myMESH 1051.00781249999999928->1115.07031249999999928 (Δ64.0625)
  burn: claim=0.0 decay=0.0 totalΔ=47.51 totalBurn=1513.735470669965290306
[2025-09-07T15:45:24.860Z] CALL ClaimMesh(W563S8627) ok | gas=318274 | costQuote=0.0 | applyCount 0->1 | heat 0.0->1.0 | myMESH 1115.07031249999999928->1115.07031249999999928 (Δ0.0)
  burn: claim=0.0 decay=0.0 totalΔ=33.2 totalBurn=1585.735470705728077172
[2025-09-07T15:45:26.069Z] CALL ClaimMesh(E560S2992) ok | gas=309440 | costQuote=0.0 | applyCount 0->1 | heat 0.0->1.0 | myMESH 1115.07031249999999928->1115.07031249999999928 (Δ0.0)
  burn: claim=0.0 decay=0.0 totalΔ=49.14 totalBurn=1678.881670369605564355
[2025-09-07T15:45:26.817Z] CALL withdraw ok | gas=148203 | myMESH 1115.07031249999999928->1184.63906249999999928 (Δ69.56875)
  burn: claim=0.0 decay=0.0 totalΔ=54.325 totalBurn=1740.556670369605564355
[2025-09-07T15:45:27.947Z] CALL ClaimMesh(W508N223) ok | gas=321296 | costQuote=0.0 | applyCount 0->1 | heat 0.0->1.0 | myMESH 1184.63906249999999928->1184.63906249999999928 (Δ0.0)
  burn: claim=0.0 decay=0.0 totalΔ=14.08 totalBurn=1775.436768025855564355
[2025-09-07T15:45:28.677Z] CALL withdraw ok | gas=151460 | myMESH 1184.63906249999999928->1252.38906249999999928 (Δ67.75)
  burn: claim=0.0 decay=0.0 totalΔ=46.76 totalBurn=1905.396341161435267734
[2025-09-07T15:45:29.674Z] CALL ClaimMesh(W982S650) ok | gas=224352 | costQuote=0.0 | applyCount 0->1 | heat 0.0->1.0 | myMESH 1252.38906249999999928->1252.38906249999999928 (Δ0.0)
  burn: claim=0.0 decay=0.0 totalΔ=0.0 totalBurn=1959.046341922791473995
[2025-09-07T15:45:30.545Z] CALL ClaimMesh(W669N3648) ok | gas=225494 | costQuote=0.0 | applyCount 0->1 | heat 0.0->1.0 | myMESH 1252.38906249999999928->1252.38906249999999928 (Δ0.0)
  burn: claim=0.0 decay=0.0 totalΔ=0.0 totalBurn=2038.239994290572506806
[2025-09-07T15:45:31.383Z] CALL withdraw ok | gas=158095 | myMESH 1252.38906249999999928->1309.68906249999999928 (Δ57.3)
  burn: claim=0.0 decay=0.0 totalΔ=15.28 totalBurn=2055.119994290572506806
[2025-09-07T15:45:32.120Z] CALL withdraw ok | gas=169556 | myMESH 1309.68906249999999928->1366.98906249999999928 (Δ57.3)
  burn: claim=0.0 decay=0.0 totalΔ=15.28 totalBurn=2108.002338040572506806
[2025-09-07T15:45:33.061Z] CALL ClaimMesh(E660N6039) ok | gas=296940 | costQuote=0.0 | applyCount 0->1 | heat 0.0->1.0 | myMESH 1366.98906249999999928->1366.98906249999999928 (Δ0.0)
  burn: claim=0.0 decay=0.0 totalΔ=15.28 totalBurn=2144.082435696822506806
[2025-09-07T15:45:34.324Z] CALL ClaimMesh(E598N7344) ok | gas=309356 | costQuote=0.0 | applyCount 0->1 | heat 0.0->1.0 | myMESH 1366.98906249999999928->1366.98906249999999928 (Δ0.0)
  burn: claim=0.0 decay=0.0 totalΔ=50.66 totalBurn=2289.942435596233848083
[2025-09-07T15:45:35.220Z] CALL withdraw ok | gas=151460 | myMESH 1366.98906249999999928->1445.88281249999999928 (Δ78.89375)
  burn: claim=0.0 decay=0.0 totalΔ=60.705 totalBurn=2368.322435596233848083
[2025-09-07T15:45:36.394Z] CALL ClaimMesh(W442N582) ok | gas=224268 | costQuote=0.0 | applyCount 0->1 | heat 0.0->1.0 | myMESH 1445.88281249999999928->1445.88281249999999928 (Δ0.0)
  burn: claim=0.0 decay=0.0 totalΔ=18.412499248981474347 totalBurn=2401.15368484521532243
[2025-09-07T15:45:37.602Z] CALL ClaimMesh(E163S2019) ok | gas=225470 | costQuote=0.0 | applyCount 0->1 | heat 0.0->1.0 | myMESH 1445.88281249999999928->1445.88281249999999928 (Δ0.0)
  burn: claim=0.0 decay=0.0 totalΔ=0.0 totalBurn=2419.60148757959032243
[2025-09-07T15:45:38.483Z] CALL withdraw ok | gas=155489 | myMESH 1445.88281249999999928->1509.18281249999999928 (Δ63.3)
  burn: claim=0.0 decay=0.0 totalΔ=16.88 totalBurn=2469.28773720089869291
[2025-09-07T15:45:39.134Z] SKIP withdraw | ineligible (weight=42.2 lastDay=70 curDay=70)
[2025-09-07T15:45:40.058Z] CALL ClaimMesh(E602N5458) ok | gas=322414 | costQuote=0.0 | applyCount 0->1 | heat 0.0->1.0 | myMESH 1572.48281249999999928->1572.48281249999999928 (Δ0.0)
  burn: claim=0.0 decay=0.0 totalΔ=16.88 totalBurn=2522.272737200176917825
[2025-09-07T15:45:40.820Z] CALL withdraw ok | gas=156869 | myMESH 1572.48281249999999928->1653.35781249999999928 (Δ80.875)
  burn: claim=0.0 decay=0.0 totalΔ=55.86 totalBurn=2611.732737581646644388
[2025-09-07T15:45:41.903Z] CALL ClaimMesh(E713N2697) ok | gas=225386 | costQuote=0.0 | applyCount 0->1 | heat 0.0->1.0 | myMESH 1653.35781249999999928->1653.35781249999999928 (Δ0.0)
  burn: claim=0.0 decay=0.0 totalΔ=0.0 totalBurn=2629.342112581646644388
[2025-09-07T15:45:43.040Z] CALL ClaimMesh(W587S1128) ok | gas=322606 | costQuote=0.0 | applyCount 0->1 | heat 0.0->1.0 | myMESH 1653.35781249999999928->1653.35781249999999928 (Δ0.0)
  burn: claim=0.0 decay=0.0 totalΔ=17.68 totalBurn=2706.215886405646989877
[2025-09-07T15:45:44.040Z] CALL ClaimMesh(W652S7290) ok | gas=309548 | costQuote=0.0 | applyCount 0->1 | heat 0.0->1.0 | myMESH 1653.35781249999999928->1653.35781249999999928 (Δ0.0)
  burn: claim=0.0 decay=0.0 totalΔ=58.46 totalBurn=2785.477351440131853159
[2025-09-07T15:45:44.861Z] CALL withdraw ok | gas=148203 | myMESH 1653.35781249999999928->1744.06406249999999928 (Δ90.70625)
  burn: claim=0.0 decay=0.0 totalΔ=69.855 totalBurn=2879.407351440131853159
[2025-09-07T15:45:45.686Z] CALL withdraw ok | gas=166950 | myMESH 1744.06406249999999928->1813.36406249999999928 (Δ69.3)
  burn: claim=0.0 decay=0.0 totalΔ=18.48 totalBurn=2900.287351440131853159
[2025-09-07T15:45:46.791Z] CALL ClaimMesh(E319S5822) ok | gas=288298 | costQuote=0.0 | applyCount 0->1 | heat 0.0->1.0 | myMESH 1813.36406249999999928->1813.36406249999999928 (Δ0.0)
  burn: claim=0.0 decay=0.0 totalΔ=21.705 totalBurn=2954.773796752608751992
[2025-09-07T15:45:47.992Z] CALL ClaimMesh(W48S3322) ok | gas=307941 | costQuote=0.0 | applyCount 0->1 | heat 0.0->1.0 | myMESH 1813.36406249999999928->1813.36406249999999928 (Δ0.0)
  burn: claim=0.0 decay=0.0 totalΔ=61.06 totalBurn=3055.833705200619435054
[2025-09-07T15:45:48.977Z] CALL ClaimMesh(E852S8773) ok | gas=309440 | costQuote=0.0 | applyCount 0->1 | heat 0.0->1.0 | myMESH 1813.36406249999999928->1813.36406249999999928 (Δ0.0)
  burn: claim=0.0 decay=0.0 totalΔ=72.905 totalBurn=3152.739877075619435054
[2025-09-07T15:45:50.018Z] CALL ClaimMesh(W337N2042) ok | gas=309464 | costQuote=0.0 | applyCount 0->1 | heat 0.0->1.0 | myMESH 1813.36406249999999928->1813.36406249999999928 (Δ0.0)
  burn: claim=0.0 decay=0.0 totalΔ=81.96625 totalBurn=3244.906127075619435054
[2025-09-07T15:45:50.846Z] CALL withdraw ok | gas=154264 | myMESH 1813.36406249999999928->1913.34179687499999928 (Δ99.977734375)
  burn: claim=0.0 decay=0.0 totalΔ=79.3065625 totalBurn=3327.012689575619435054
[2025-09-07T15:45:51.967Z] CALL ClaimMesh(E117S3363) ok | gas=322498 | costQuote=0.0 | applyCount 0->1 | heat 0.0->1.0 | myMESH 1913.34179687499999928->1913.34179687499999928 (Δ0.0)
  burn: claim=0.0 decay=0.0 totalΔ=20.08 totalBurn=3362.317683662116898341
[2025-09-07T15:45:53.051Z] CALL ClaimMesh(W741S5539) ok | gas=314232 | costQuote=0.0 | applyCount 0->1 | heat 0.0->1.0 | myMESH 2009.21679687499999928->2009.21679687499999928 (Δ0.0)
  burn: claim=0.0 decay=0.0 totalΔ=54.09875 totalBurn=3482.676433662116898341
[2025-09-07T15:45:54.426Z] CALL ClaimMesh(E599S7606) ok | gas=309440 | costQuote=0.0 | applyCount 0->1 | heat 0.0->1.0 | myMESH 2009.21679687499999928->2009.21679687499999928 (Δ0.0)
  burn: claim=0.0 decay=0.0 totalΔ=67.56 totalBurn=3635.761436999977005762
[2025-09-07T15:45:55.407Z] CALL ClaimMesh(W642N435) ok | gas=282764 | costQuote=0.0 | applyCount 0->1 | heat 0.0->1.0 | myMESH 2009.21679687499999928->2009.21679687499999928 (Δ0.0)
  burn: claim=0.0 decay=0.0 totalΔ=80.53 totalBurn=3762.691437001467121884
[2025-09-07T15:45:56.177Z] CALL withdraw ok | gas=171543 | myMESH 2009.21679687499999928->2117.25273437499999928 (Δ108.0359375)
  burn: claim=0.0 decay=0.0 totalΔ=128.04125 totalBurn=3913.132735829592121884
[2025-09-07T15:45:56.915Z] CALL withdraw ok | gas=166950 | myMESH 2117.25273437499999928->2198.55273437499999928 (Δ81.3)
  burn: claim=0.0 decay=0.0 totalΔ=21.68 totalBurn=3998.812737355471028134
[2025-09-07T15:45:57.964Z] CALL ClaimMesh(E286N8766) ok | gas=322414 | costQuote=0.0 | applyCount 0->1 | heat 0.0->1.0 | myMESH 2198.55273437499999928->2198.55273437499999928 (Δ0.0)
  burn: claim=0.0 decay=0.0 totalΔ=107.279978447030480407 totalBurn=4107.692715802501508541
[2025-09-07T15:45:59.098Z] CALL ClaimMesh(W513S6458) ok | gas=309548 | costQuote=0.0 | applyCount 0->1 | heat 0.0->1.0 | myMESH 2198.55273437499999928->2198.55273437499999928 (Δ0.0)
  burn: claim=0.0 decay=0.0 totalΔ=71.46 totalBurn=4223.137164044689008541
[2025-09-07T15:46:00.218Z] CALL ClaimMesh(W269N6989) ok | gas=305422 | costQuote=0.0 | applyCount 0->1 | heat 0.0->1.0 | myMESH 2198.55273437499999928->2198.55273437499999928 (Δ0.0)
  burn: claim=0.0 decay=0.0 totalΔ=41.75 totalBurn=4290.493414044689008541
[2025-09-07T15:46:01.553Z] CALL ClaimMesh(W676S8040) ok | gas=275348 | costQuote=0.0 | applyCount 0->1 | heat 0.0->1.0 | myMESH 2198.55273437499999928->2198.55273437499999928 (Δ0.0)
  burn: claim=0.0 decay=0.0 totalΔ=88.5125 totalBurn=4436.630914044689190445
[2025-09-07T15:46:02.480Z] CALL withdraw ok | gas=151460 | myMESH 2198.55273437499999928->2314.38945312499999928 (Δ115.83671875)
  burn: claim=0.0 decay=0.0 totalΔ=91.768125 totalBurn=4579.599039044875454963
[2025-09-07T15:46:03.495Z] CALL ClaimMesh(E945N3317) ok | gas=322414 | costQuote=0.0 | applyCount 0->1 | heat 0.0->1.0 | myMESH 2314.38945312499999928->2314.38945312499999928 (Δ0.0)
  burn: claim=0.0 decay=0.0 totalΔ=23.28 totalBurn=4715.67894138862545498
[2025-09-07T15:46:04.544Z] CALL ClaimMesh(E429S6086) ok | gas=283966 | costQuote=0.0 | applyCount 0->1 | heat 0.0->1.0 | myMESH 2314.38945312499999928->2314.38945312499999928 (Δ0.0)
  burn: claim=0.0 decay=0.0 totalΔ=90.2600030517578125 totalBurn=4812.438944440220286031
[2025-09-07T15:46:05.404Z] CALL withdraw ok | gas=171543 | myMESH 2314.38945312499999928->2433.72382812499999928 (Δ119.334375)
  burn: claim=0.0 decay=0.0 totalΔ=138.5125 totalBurn=4962.152225690220286031
[2025-09-07T15:46:06.250Z] CALL withdraw ok | gas=166950 | myMESH 2433.72382812499999928->2524.02382812499999928 (Δ90.3)
  burn: claim=0.0 decay=0.0 totalΔ=24.08 totalBurn=4998.269725690220286031
[2025-09-07T15:46:07.518Z] CALL ClaimMesh(E398N6274) ok | gas=322414 | costQuote=0.0 | applyCount 0->1 | heat 0.0->1.0 | myMESH 2524.02382812499999928->2524.02382812499999928 (Δ0.0)
  burn: claim=0.0 decay=0.0 totalΔ=24.08 totalBurn=5166.349725692455460212
[2025-09-07T15:46:08.628Z] CALL ClaimMesh(W224S7959) ok | gas=309548 | costQuote=0.0 | applyCount 0->1 | heat 0.0->1.0 | myMESH 2524.02382812499999928->2524.02382812499999928 (Δ0.0)
  burn: claim=0.0 decay=0.0 totalΔ=79.26 totalBurn=5264.809921004955460212
[2025-09-07T15:46:09.551Z] CALL withdraw ok | gas=139086 | myMESH 2524.02382812499999928->2646.23007812499999928 (Δ122.20625)
  burn: claim=0.0 decay=0.0 totalΔ=100.255 totalBurn=5373.089921004955460212
[2025-09-07T15:46:10.390Z] CALL withdraw ok | gas=166950 | myMESH 2646.23007812499999928->2739.53007812499999928 (Δ93.3)
  burn: claim=0.0 decay=0.0 totalΔ=24.88 totalBurn=5419.550591170971085212
[2025-09-07T15:46:11.409Z] CALL withdraw ok | gas=184229 | myMESH 2739.53007812499999928->2848.38007812499999928 (Δ108.85)
  burn: claim=0.0 decay=0.0 totalΔ=62.2 totalBurn=5483.350591170971085212
[2025-09-07T15:46:12.629Z] CALL ClaimMesh(E134N7070) ok | gas=296940 | costQuote=0.0 | applyCount 0->1 | heat 0.0->1.0 | myMESH 2848.38007812499999928->2848.38007812499999928 (Δ0.0)
  burn: claim=0.0 decay=0.0 totalΔ=24.88 totalBurn=5597.030600326197230332
[2025-09-07T15:46:13.623Z] CALL ClaimMesh(W62N3102) ok | gas=307857 | costQuote=0.0 | applyCount 0->1 | heat 0.0->1.0 | myMESH 2848.38007812499999928->2848.38007812499999928 (Δ0.0)
  burn: claim=0.0 decay=0.0 totalΔ=81.86 totalBurn=5695.699975326197230332
[2025-09-07T15:46:14.565Z] CALL ClaimMesh(E52N8813) ok | gas=303707 | costQuote=0.0 | applyCount 0->1 | heat 0.0->1.0 | myMESH 2848.38007812499999928->2848.38007812499999928 (Δ0.0)
  burn: claim=0.0 decay=0.0 totalΔ=113.350018310546875 totalBurn=5887.450164535181605332
[2025-09-07T15:46:15.321Z] SKIP withdraw | ineligible (weight=65.2 lastDay=107 curDay=107)
[2025-09-07T15:46:16.515Z] CALL ClaimMesh(E862N1693) ok | gas=322414 | costQuote=0.0 | applyCount 0->1 | heat 0.0->1.0 | myMESH 2977.40195312499999928->2977.40195312499999928 (Δ0.0)
  burn: claim=0.0 decay=0.0 totalΔ=26.08 totalBurn=6035.319275863306605332
[2025-09-07T15:46:17.363Z] CALL withdraw ok | gas=148203 | myMESH 2977.40195312499999928->3101.40195312499999928 (Δ124.0)
  burn: claim=0.0 decay=0.0 totalΔ=85.76 totalBurn=6129.579275863306605332
[2025-09-07T15:46:18.030Z] SKIP withdraw | ineligible (weight=66.2 lastDay=109 curDay=109)
[2025-09-07T15:46:18.966Z] CALL withdraw ok | gas=183236 | myMESH 3101.40195312499999928->3200.70195312499999928 (Δ99.3)
  burn: claim=0.0 decay=0.0 totalΔ=26.48 totalBurn=6204.463182113306605332
[2025-09-07T15:46:20.200Z] CALL ClaimMesh(W669S1087) ok | gas=322606 | costQuote=0.0 | applyCount 0->1 | heat 0.0->1.0 | myMESH 3200.70195312499999928->3200.70195312499999928 (Δ0.0)
  burn: claim=0.0 decay=0.0 totalΔ=26.48 totalBurn=6351.74161942257465813
[2025-09-07T15:46:21.211Z] CALL ClaimMesh(W886S7090) ok | gas=284074 | costQuote=0.0 | applyCount 0->1 | heat 0.0->1.0 | myMESH 3200.70195312499999928->3200.70195312499999928 (Δ0.0)
  burn: claim=0.0 decay=0.0 totalΔ=87.06 totalBurn=6606.801619425182361341
[2025-09-07T15:46:22.427Z] CALL ClaimMesh(E5N5904) ok | gas=307384 | costQuote=0.0 | applyCount 0->1 | heat 0.0->1.0 | myMESH 3200.70195312499999928->3200.70195312499999928 (Δ0.0)
  burn: claim=0.0 decay=0.0 totalΔ=185.004705810546875 totalBurn=6804.006325233773458935
[2025-09-07T15:46:23.499Z] CALL ClaimMesh(W542S3876) ok | gas=284074 | costQuote=0.0 | applyCount 0->1 | heat 0.0->1.0 | myMESH 3200.70195312499999928->3200.70195312499999928 (Δ0.0)
  burn: claim=0.0 decay=0.0 totalΔ=109.405625 totalBurn=7031.010778358779288237
[2025-09-07T15:46:24.342Z] CALL withdraw ok | gas=148203 | myMESH 3200.70195312499999928->3340.71503906249999928 (Δ140.0130859375)
  burn: claim=0.0 decay=0.0 totalΔ=111.39140625 totalBurn=7159.211559608779288237
[2025-09-07T15:46:25.078Z] CALL withdraw ok | gas=183236 | myMESH 3340.71503906249999928->3446.01503906249999928 (Δ105.3)
  burn: claim=0.0 decay=0.0 totalΔ=28.08 totalBurn=7194.691559608774916268
[2025-09-07T15:46:26.034Z] CALL ClaimMesh(W160N6535) ok | gas=322522 | costQuote=0.0 | applyCount 0->1 | heat 0.0->1.0 | myMESH 3446.01503906249999928->3446.01503906249999928 (Δ0.0)
  burn: claim=0.0 decay=0.0 totalΔ=28.08 totalBurn=7227.771559608774916268
[2025-09-07T15:46:27.358Z] CALL ClaimMesh(E22S6568) ok | gas=303791 | costQuote=0.0 | applyCount 0->1 | heat 0.0->1.0 | myMESH 3446.01503906249999928->3446.01503906249999928 (Δ0.0)
  burn: claim=0.0 decay=0.0 totalΔ=42.52 totalBurn=7365.496250923472181893
[2025-09-07T15:46:28.257Z] CALL ClaimMesh(E305N4966) ok | gas=300982 | costQuote=0.0 | applyCount 0->1 | heat 0.0->1.0 | myMESH 3446.01503906249999928->3446.01503906249999928 (Δ0.0)
  burn: claim=0.0 decay=0.0 totalΔ=104.09 totalBurn=7507.186247919398267118
[2025-09-07T15:46:29.415Z] CALL ClaimMesh(E14N5801) ok | gas=307749 | costQuote=0.0 | applyCount 0->1 | heat 0.0->1.0 | myMESH 3446.01503906249999928->3446.01503906249999928 (Δ0.0)
  burn: claim=0.0 decay=0.0 totalΔ=144.06250152587890625 totalBurn=7653.248749445277173368
[2025-09-07T15:46:30.264Z] CALL withdraw ok | gas=150218 | myMESH 3446.01503906249999928->3593.19472656249999928 (Δ147.1796875)
  burn: claim=0.0 decay=0.0 totalΔ=58.38375 totalBurn=7716.632499445277173368
[2025-09-07T15:46:31.161Z] CALL withdraw ok | gas=184229 | myMESH 3593.19472656249999928->3723.04472656249999928 (Δ129.85)
  burn: claim=0.0 decay=0.0 totalΔ=74.2 totalBurn=7883.632499448257405609
[2025-09-07T15:46:32.011Z] CALL withdraw ok | gas=158095 | myMESH 3723.04472656249999928->3834.34472656249999928 (Δ111.3)
  burn: claim=0.0 decay=0.0 totalΔ=29.68 totalBurn=7929.437499448257405609
[2025-09-07T15:46:33.060Z] CALL ClaimMesh(E597N4385) ok | gas=296940 | costQuote=0.0 | applyCount 0->1 | heat 0.0->1.0 | myMESH 3834.34472656249999928->3834.34472656249999928 (Δ0.0)
  burn: claim=0.0 decay=0.0 totalΔ=29.68 totalBurn=7969.954999448257405609
[2025-09-07T15:46:34.074Z] CALL ClaimMesh(E653S1315) ok | gas=309440 | costQuote=0.0 | applyCount 0->1 | heat 0.0->1.0 | myMESH 3834.34472656249999928->3834.34472656249999928 (Δ0.0)
  burn: claim=0.0 decay=0.0 totalΔ=116.68499999711290002 totalBurn=8087.839999445370305629
[2025-09-07T15:46:35.257Z] CALL ClaimMesh(E621N1382) ok | gas=310598 | costQuote=0.0 | applyCount 0->1 | heat 0.0->1.0 | myMESH 3834.34472656249999928->3834.34472656249999928 (Δ0.0)
  burn: claim=0.0 decay=0.0 totalΔ=175.5125 totalBurn=8268.352499445370305629
[2025-09-07T15:46:36.144Z] CALL ClaimMesh(W865N2385) ok | gas=225494 | costQuote=0.0 | applyCount 0->1 | heat 0.0->1.0 | myMESH 3988.16582031249999928->3988.16582031249999928 (Δ0.0)
  burn: claim=0.0 decay=0.0 totalΔ=0.0 totalBurn=8390.483124445370305629
[2025-09-07T15:46:36.945Z] CALL withdraw ok | gas=158095 | myMESH 3988.16582031249999928->4105.46582031249999928 (Δ117.3)
  burn: claim=0.0 decay=0.0 totalΔ=31.28 totalBurn=8485.766249445370305629
[2025-09-07T15:46:37.687Z] CALL withdraw ok | gas=166950 | myMESH 4105.46582031249999928->4222.76582031249999928 (Δ117.3)
  burn: claim=0.0 decay=0.0 totalΔ=31.28 totalBurn=8542.646638545236457441
[2025-09-07T15:46:38.706Z] CALL ClaimMesh(W441N6417) ok | gas=322522 | costQuote=0.0 | applyCount 0->1 | heat 0.0->1.0 | myMESH 4222.76582031249999928->4222.76582031249999928 (Δ0.0)
  burn: claim=0.0 decay=0.0 totalΔ=148.779999999983265307 totalBurn=8831.426638628666225434
[2025-09-07T15:46:39.744Z] CALL ClaimMesh(E38N8912) ok | gas=307749 | costQuote=0.0 | applyCount 0->1 | heat 0.0->1.0 | myMESH 4222.76582031249999928->4222.76582031249999928 (Δ0.0)
  burn: claim=0.0 decay=0.0 totalΔ=102.66 totalBurn=9154.886638628666259546
[2025-09-07T15:46:40.744Z] CALL ClaimMesh(W769N6694) ok | gas=283990 | costQuote=0.0 | applyCount 0->1 | heat 0.0->1.0 | myMESH 4222.76582031249999928->4222.76582031249999928 (Δ0.0)
  burn: claim=0.0 decay=0.0 totalΔ=121.705 totalBurn=9281.691638628666259546
[2025-09-07T15:46:41.659Z] CALL withdraw ok | gas=171543 | myMESH 4222.76582031249999928->4384.69628906249999928 (Δ161.93046875)
  burn: claim=0.0 decay=0.0 totalΔ=192.250625 totalBurn=9534.742266680424072046
[2025-09-07T15:46:42.674Z] CALL ClaimMesh(E959N5687) ok | gas=227497 | costQuote=0.0 | applyCount 0->1 | heat 0.0->1.0 | myMESH 4384.69628906249999928->4384.69628906249999928 (Δ0.0)
  burn: claim=0.0 decay=0.0 totalΔ=0.0 totalBurn=9633.942266704263013892
[2025-09-07T15:46:43.965Z] CALL ClaimMesh(W465S4486) ok | gas=314274 | costQuote=0.0 | applyCount 0->1 | heat 0.0->1.0 | myMESH 4384.69628906249999928->4384.69628906249999928 (Δ0.0)
  burn: claim=0.0 decay=0.0 totalΔ=82.2 totalBurn=9806.418495036782545142
[2025-09-07T15:46:44.747Z] CALL withdraw ok | gas=156869 | myMESH 4384.69628906249999928->4545.70878906249999928 (Δ161.0125)
  burn: claim=0.0 decay=0.0 totalΔ=120.19 totalBurn=9977.01161995366200536
[2025-09-07T15:46:45.547Z] CALL withdraw ok | gas=158095 | myMESH 4545.70878906249999928->4670.50878906249999928 (Δ124.8)
  burn: claim=0.0 decay=0.0 totalΔ=33.28 totalBurn=10203.691619960460660165
[2025-09-07T15:46:46.572Z] CALL ClaimMesh(W748S4091) ok | gas=318274 | costQuote=0.0 | applyCount 0->1 | heat 0.0->1.0 | myMESH 4670.50878906249999928->4670.50878906249999928 (Δ0.0)
  burn: claim=0.0 decay=0.0 totalΔ=111.247070312194409782 totalBurn=10464.5386902726638011
[2025-09-07T15:46:47.461Z] CALL withdraw ok | gas=151460 | myMESH 4670.50878906249999928->4833.45878906249999928 (Δ162.95)
  burn: claim=0.0 decay=0.0 totalΔ=133.6775 totalBurn=10598.2161902726638011
[2025-09-07T15:46:48.256Z] CALL withdraw ok | gas=155489 | myMESH 4833.45878906249999928->4959.75878906249999928 (Δ126.3)
  burn: claim=0.0 decay=0.0 totalΔ=33.68 totalBurn=10671.096968473886220841
[2025-09-07T15:46:49.443Z] CALL ClaimMesh(E707S751) ok | gas=321272 | costQuote=0.0 | applyCount 0->1 | heat 0.0->1.0 | myMESH 4959.75878906249999928->4959.75878906249999928 (Δ0.0)
  burn: claim=0.0 decay=0.0 totalΔ=33.68 totalBurn=10706.776968473886220841
[2025-09-07T15:46:50.186Z] CALL withdraw ok | gas=156869 | myMESH 4959.75878906249999928->5119.38378906249999928 (Δ159.625)
  burn: claim=0.0 decay=0.0 totalΔ=110.46 totalBurn=10906.636971907113759904
[2025-09-07T15:46:50.922Z] CALL withdraw ok | gas=183236 | myMESH 5119.38378906249999928->5247.18378906249999928 (Δ127.8)
  burn: claim=0.0 decay=0.0 totalΔ=34.08 totalBurn=11062.313853034471242816
[2025-09-07T15:46:51.820Z] CALL withdraw ok | gas=183236 | myMESH 5247.18378906249999928->5374.98378906249999928 (Δ127.8)
  burn: claim=0.0 decay=0.0 totalΔ=34.08 totalBurn=11111.582524909471242816
[2025-09-07T15:46:52.698Z] CALL withdraw ok | gas=183236 | myMESH 5374.98378906249999928->5502.78378906249999928 (Δ127.8)
  burn: claim=0.0 decay=0.0 totalΔ=67.6800732421875 totalBurn=11195.362595147584646137
[2025-09-07T15:46:53.579Z] CALL withdraw ok | gas=158095 | myMESH 5502.78378906249999928->5630.58378906249999928 (Δ127.8)
  burn: claim=0.0 decay=0.0 totalΔ=34.08 totalBurn=11261.450407647584646137
[2025-09-07T15:46:55.003Z] CALL ClaimMesh(W941N1922) ok | gas=322522 | costQuote=0.0 | applyCount 0->1 | heat 0.0->1.0 | myMESH 5630.58378906249999928->5630.58378906249999928 (Δ0.0)
  burn: claim=0.0 decay=0.0 totalΔ=34.08 totalBurn=11374.730407647724344526
[2025-09-07T15:46:55.834Z] CALL withdraw ok | gas=156869 | myMESH 5630.58378906249999928->5792.08378906249999928 (Δ161.5)
  burn: claim=0.0 decay=0.0 totalΔ=111.76 totalBurn=11492.290407647619570737
[2025-09-07T15:46:57.038Z] CALL ClaimMesh(E537S452) ok | gas=316940 | costQuote=0.0 | applyCount 0->1 | heat 0.0->1.0 | myMESH 5792.08378906249999928->5792.08378906249999928 (Δ0.0)
  burn: claim=0.0 decay=0.0 totalΔ=109.417431640625 totalBurn=11616.932768334875430112
[2025-09-07T15:46:57.989Z] CALL withdraw ok | gas=151460 | myMESH 5792.08378906249999928->5960.84628906249999928 (Δ168.7625)
  burn: claim=0.0 decay=0.0 totalΔ=221.190000739097617957 totalBurn=11838.122769073973048069
[2025-09-07T15:46:59.047Z] CALL withdraw ok | gas=158095 | myMESH 5960.84628906249999928->6091.64628906249999928 (Δ130.8)
  burn: claim=0.0 decay=0.0 totalΔ=34.88 totalBurn=11959.402778229246485569
[2025-09-07T15:46:59.792Z] SKIP withdraw | ineligible (weight=87.2 lastDay=155 curDay=155)
[2025-09-07T15:47:01.002Z] CALL ClaimMesh(E68S7232) ok | gas=320891 | costQuote=0.0 | applyCount 0->1 | heat 0.0->1.0 | myMESH 6091.64628906249999928->6091.64628906249999928 (Δ0.0)
  burn: claim=0.0 decay=0.0 totalΔ=34.88 totalBurn=12143.057010330686915255
