[2025-09-07T06:05:27.337Z] Start single-user TUI: user=0x3C44CdDdB6a900fa2b585dd299e03d12FA4293BC
[2025-09-07T06:05:28.065Z] claim W710N5074
[2025-09-07T06:05:30.202Z] claim E623S2525
[2025-09-07T06:05:31.805Z] claim E148N7679
[2025-09-07T06:05:33.976Z] withdraw MESH +5.3125
[2025-09-07T06:05:34.740Z] error: cannot estimate gas; transaction may fail or may require manual gas limit [ See:
[2025-09-07T06:05:35.478Z] reward set +3.0
[2025-09-07T06:05:36.639Z] reward withdraw +3.5
[2025-09-07T06:05:36.639Z] reward set +4.0
[2025-09-07T06:05:39.156Z] withdraw MESH +5.25
[2025-09-07T06:05:40.099Z] error: cannot estimate gas; transaction may fail or may require manual gas limit [ See:
[2025-09-07T06:05:42.953Z] claim E777N2745
[2025-09-07T06:05:43.703Z] error: cannot estimate gas; transaction may fail or may require manual gas limit [ See:
[2025-09-07T06:05:46.564Z] claim E573N1161
[2025-09-07T06:05:48.896Z] claim W970N8459
[2025-09-07T06:05:50.267Z] withdraw MESH +11.09375
[2025-09-07T06:05:51.918Z] withdraw MESH +9.0
[2025-09-07T06:05:53.769Z] error: cannot estimate gas; transaction may fail or may require manual gas limit [ See:
[2025-09-07T06:05:55.029Z] reward withdraw +3.75
[2025-09-07T06:05:55.031Z] reward set +4.0
[2025-09-07T06:05:58.156Z] withdraw MESH +10.5
[2025-09-07T06:05:59.015Z] error: cannot estimate gas; transaction may fail or may require manual gas limit [ See:
[2025-09-07T06:06:02.192Z] reward withdraw +2.375
[2025-09-07T06:06:02.193Z] reward set +1.0
[2025-09-07T06:06:02.958Z] error: cannot estimate gas; transaction may fail or may require manual gas limit [ See:
[2025-09-07T06:06:05.731Z] withdraw MESH +9.0
[2025-09-07T06:06:08.326Z] claim E334N4331
[2025-09-07T06:06:11.911Z] withdraw MESH +12.0
[2025-09-07T06:06:13.209Z] reward set +4.0
[2025-09-07T06:06:15.568Z] error: cannot estimate gas; transaction may fail or may require manual gas limit [ See:
[2025-09-07T06:06:17.451Z] withdraw MESH +12.0
[2025-09-07T06:06:18.407Z] error: cannot estimate gas; transaction may fail or may require manual gas limit [ See:
[2025-09-07T06:06:20.414Z] error: cannot estimate gas; transaction may fail or may require manual gas limit [ See:
[2025-09-07T06:06:23.851Z] claim E100N100
[2025-09-07T06:06:25.170Z] error: cannot estimate gas; transaction may fail or may require manual gas limit [ See:
[2025-09-07T06:06:29.186Z] error: Transaction ran out of gas
[2025-09-07T06:06:32.142Z] withdraw MESH +17.25
[2025-09-07T06:06:34.108Z] reward withdraw +7.34375
[2025-09-07T06:06:34.113Z] reward set +4.0
[2025-09-07T06:06:36.326Z] reward withdraw +6.171875
[2025-09-07T06:06:36.327Z] reward set +5.0
[2025-09-07T06:06:37.279Z] reward set +5.0
[2025-09-07T06:06:39.081Z] withdraw MESH +17.5
[2025-09-07T06:06:39.996Z] error: cannot estimate gas; transaction may fail or may require manual gas limit [ See:
[2025-09-07T06:06:40.727Z] error: cannot estimate gas; transaction may fail or may require manual gas limit [ See:
[2025-09-07T06:06:41.626Z] error: cannot estimate gas; transaction may fail or may require manual gas limit [ See:
[2025-09-07T06:06:47.068Z] reward withdraw +11.0859375
[2025-09-07T06:06:47.068Z] reward set +2.0
[2025-09-07T06:06:49.750Z] reward set +2.0
[2025-09-07T06:06:53.518Z] claim E389S5539
[2025-09-07T06:06:57.341Z] error: Error: VM Exception while processing transaction: reverted with reason string 'D
[2025-09-07T06:06:59.965Z] reward withdraw +9.54296875
[2025-09-07T06:06:59.967Z] reward set +3.0
[2025-09-07T06:07:00.784Z] error: cannot estimate gas; transaction may fail or may require manual gas limit [ See:
[2025-09-07T06:07:03.910Z] claim W456N5659
[2025-09-07T06:07:07.481Z] error: Error: VM Exception while processing transaction: reverted with reason string 'D
[2025-09-07T06:07:09.459Z] reward set +2.0
[2025-09-07T06:07:10.370Z] error: cannot estimate gas; transaction may fail or may require manual gas limit [ See:
[2025-09-07T06:07:12.382Z] error: cannot estimate gas; transaction may fail or may require manual gas limit [ See:
[2025-09-07T06:07:14.439Z] reward set +4.0
[2025-09-07T06:07:16.359Z] claim W454S8198
[2025-09-07T06:07:18.942Z] reward withdraw +5.6357421875
[2025-09-07T06:07:18.943Z] reward set +1.0
[2025-09-07T06:07:23.024Z] claim E77S2729
[2025-09-07T06:07:25.771Z] reward set +4.0
[2025-09-07T06:07:26.769Z] error: cannot estimate gas; transaction may fail or may require manual gas limit [ See:
[2025-09-07T06:07:28.212Z] reward set +1.0
[2025-09-07T06:07:29.799Z] error: cannot estimate gas; transaction may fail or may require manual gas limit [ See:
[2025-09-07T06:07:31.911Z] withdraw MESH +27.0
[2025-09-07T06:07:34.685Z] withdraw MESH +27.0
[2025-09-07T06:07:37.516Z] claim W248S7900
[2025-09-07T06:07:38.640Z] error: cannot estimate gas; transaction may fail or may require manual gas limit [ See:
[2025-09-07T06:07:39.538Z] error: cannot estimate gas; transaction may fail or may require manual gas limit [ See:
[2025-09-07T06:07:41.328Z] claim W968N7565
[2025-09-07T06:07:44.335Z] claim E935N1411
[2025-09-07T06:07:48.215Z] reward withdraw +2.738616943359375
[2025-09-07T06:07:48.216Z] reward set +3.0
[2025-09-07T06:07:50.564Z] withdraw MESH +31.5
[2025-09-07T06:07:53.210Z] withdraw MESH +31.5
[2025-09-07T06:07:53.962Z] error: cannot estimate gas; transaction may fail or may require manual gas limit [ See:
[2025-09-07T06:07:54.758Z] error: cannot estimate gas; transaction may fail or may require manual gas limit [ See:
[2025-09-07T06:07:56.707Z] error: cannot estimate gas; transaction may fail or may require manual gas limit [ See:
[2025-09-07T06:07:57.818Z] error: cannot estimate gas; transaction may fail or may require manual gas limit [ See:
[2025-09-07T06:07:58.665Z] error: cannot estimate gas; transaction may fail or may require manual gas limit [ See:
[2025-09-07T06:08:01.416Z] reward set +1.0
[2025-09-07T06:08:02.237Z] error: cannot estimate gas; transaction may fail or may require manual gas limit [ See:
[2025-09-07T06:08:05.559Z] reward set +2.0
[2025-09-07T06:08:07.004Z] withdraw MESH +45.76171875
[2025-09-07T06:08:08.443Z] reward set +5.0
[2025-09-07T06:08:09.330Z] error: cannot estimate gas; transaction may fail or may require manual gas limit [ See:
[2025-09-07T06:08:11.469Z] error: cannot estimate gas; transaction may fail or may require manual gas limit [ See:
[2025-09-07T06:08:14.527Z] withdraw MESH +34.5
[2025-09-07T06:08:16.614Z] reward set +4.0
[2025-09-07T06:08:17.941Z] error: cannot estimate gas; transaction may fail or may require manual gas limit [ See:
[2025-09-07T06:08:19.747Z] reward withdraw +5.273081779479980469
[2025-09-07T06:08:19.747Z] reward set +1.0
[2025-09-07T06:08:21.205Z] error: cannot estimate gas; transaction may fail or may require manual gas limit [ See:
[2025-09-07T06:08:22.652Z] withdraw MESH +34.5
[2025-09-07T06:08:24.910Z] reward withdraw +1.0
[2025-09-07T06:08:24.912Z] reward set +2.0
[2025-09-07T06:08:25.873Z] error: cannot estimate gas; transaction may fail or may require manual gas limit [ See:
[2025-09-07T06:08:27.180Z] reward set +2.0
[2025-09-07T06:08:30.349Z] error: cannot estimate gas; transaction may fail or may require manual gas limit [ See:
[2025-09-07T06:08:32.025Z] withdraw MESH +40.25
[2025-09-07T06:08:34.146Z] reward withdraw +3.25
[2025-09-07T06:08:34.147Z] reward set +2.0
[2025-09-07T06:08:36.240Z] reward set +5.0
[2025-09-07T06:08:38.196Z] error: cannot estimate gas; transaction may fail or may require manual gas limit [ See:
[2025-09-07T06:08:42.512Z] withdraw MESH +41.75
[2025-09-07T06:08:43.335Z] error: cannot estimate gas; transaction may fail or may require manual gas limit [ See:
[2025-09-07T06:08:44.489Z] reward withdraw +6.125
[2025-09-07T06:08:44.490Z] reward set +4.0
[2025-09-07T06:08:45.792Z] reward set +1.0
[2025-09-07T06:08:46.850Z] reward set +4.0
[2025-09-07T06:08:48.403Z] error: cannot estimate gas; transaction may fail or may require manual gas limit [ See:
[2025-09-07T06:08:50.256Z] error: cannot estimate gas; transaction may fail or may require manual gas limit [ See:
[2025-09-07T06:08:51.745Z] reward withdraw +4.03125
[2025-09-07T06:08:51.745Z] reward set +2.0
[2025-09-07T06:08:54.684Z] withdraw MESH +39.0
[2025-09-07T06:08:55.512Z] error: cannot estimate gas; transaction may fail or may require manual gas limit [ See:
[2025-09-07T06:08:56.230Z] error: cannot estimate gas; transaction may fail or may require manual gas limit [ See:
[2025-09-07T06:08:58.774Z] reward withdraw +5.015625
[2025-09-07T06:08:58.775Z] reward set +5.0
[2025-09-07T06:09:02.019Z] claim W600N7042
[2025-09-07T06:09:04.601Z] withdraw MESH +53.75
[2025-09-07T06:09:05.630Z] error: cannot estimate gas; transaction may fail or may require manual gas limit [ See:
[2025-09-07T06:09:07.349Z] error: cannot estimate gas; transaction may fail or may require manual gas limit [ See:
[2025-09-07T06:09:10.429Z] claim E828S2444
[2025-09-07T06:09:11.916Z] reward set +4.0
[2025-09-07T06:09:16.441Z] withdraw MESH +43.5
[2025-09-07T06:09:18.761Z] reward set +4.0
[2025-09-07T06:09:21.218Z] reward withdraw +10.3134765625
[2025-09-07T06:09:21.233Z] reward set +5.0
[2025-09-07T06:09:24.195Z] error: Error: VM Exception while processing transaction: reverted with reason string 'D
[2025-09-07T06:09:24.945Z] error: cannot estimate gas; transaction may fail or may require manual gas limit [ See:
[2025-09-07T06:09:26.547Z] error: cannot estimate gas; transaction may fail or may require manual gas limit [ See:
[2025-09-07T06:09:27.636Z] error: cannot estimate gas; transaction may fail or may require manual gas limit [ See:
[2025-09-07T06:09:31.591Z] claim W882S3735
[2025-09-07T06:09:35.400Z] reward withdraw +14.3134765625
[2025-09-07T06:09:35.400Z] reward set +2.0
[2025-09-07T06:09:36.318Z] reward set +5.0
[2025-09-07T06:09:37.237Z] reward set +1.0
[2025-09-07T06:09:38.311Z] reward set +1.0
[2025-09-07T06:09:40.350Z] reward set +5.0
[2025-09-07T06:09:44.627Z] withdraw MESH +60.53125
[2025-09-07T06:09:46.510Z] reward withdraw +6.375
[2025-09-07T06:09:46.510Z] reward set +3.0
[2025-09-07T06:09:49.286Z] error: cannot estimate gas; transaction may fail or may require manual gas limit [ See:
[2025-09-07T06:09:50.177Z] error: cannot estimate gas; transaction may fail or may require manual gas limit [ See:
[2025-09-07T06:09:53.095Z] error: cannot estimate gas; transaction may fail or may require manual gas limit [ See:
[2025-09-07T06:09:55.655Z] claim E293S6002
[2025-09-07T06:09:57.219Z] reward withdraw +5.6875
[2025-09-07T06:09:57.219Z] reward set +4.0
[2025-09-07T06:09:58.010Z] error: cannot estimate gas; transaction may fail or may require manual gas limit [ See:
[2025-09-07T06:09:58.934Z] reward set +2.0
[2025-09-07T06:10:00.625Z] error: cannot estimate gas; transaction may fail or may require manual gas limit [ See:
[2025-09-07T06:10:02.567Z] reward set +1.0
[2025-09-07T06:10:03.333Z] error: cannot estimate gas; transaction may fail or may require manual gas limit [ See:
[2025-09-07T06:10:07.387Z] claim E766N4930
[2025-09-07T06:10:09.424Z] reward withdraw +7.671875
[2025-09-07T06:10:09.425Z] reward set +2.0
[2025-09-07T06:10:11.095Z] withdraw MESH +61.0
[2025-09-07T06:10:11.877Z] error: cannot estimate gas; transaction may fail or may require manual gas limit [ See:
[2025-09-07T06:10:14.920Z] error: cannot estimate gas; transaction may fail or may require manual gas limit [ See:
[2025-09-07T06:10:19.063Z] claim W635S7710
[2025-09-07T06:10:22.155Z] withdraw MESH +71.1875
[2025-09-07T06:10:25.167Z] reward withdraw +7.16796875
[2025-09-07T06:10:25.169Z] reward set +5.0
[2025-09-07T06:10:27.464Z] reward set +3.0
[2025-09-07T06:10:29.967Z] reward withdraw +5.583984375
[2025-09-07T06:10:29.968Z] reward set +1.0
[2025-09-07T06:10:32.593Z] error: cannot estimate gas; transaction may fail or may require manual gas limit [ See:
[2025-09-07T06:10:34.730Z] claim W257N1193
[2025-09-07T06:10:37.186Z] withdraw MESH +73.0
[2025-09-07T06:10:38.177Z] error: cannot estimate gas; transaction may fail or may require manual gas limit [ See:
[2025-09-07T06:10:40.234Z] reward withdraw +4.64599609375
[2025-09-07T06:10:40.234Z] reward set +4.0
[2025-09-07T06:10:41.102Z] reward set +1.0
[2025-09-07T06:10:43.350Z] claim E576N8594
[2025-09-07T06:10:44.491Z] error: cannot estimate gas; transaction may fail or may require manual gas limit [ See:
[2025-09-07T06:10:47.128Z] reward withdraw +3.1614990234375
[2025-09-07T06:10:47.128Z] reward set +3.0
[2025-09-07T06:10:47.924Z] error: cannot estimate gas; transaction may fail or may require manual gas limit [ See:
[2025-09-07T06:10:48.670Z] error: cannot estimate gas; transaction may fail or may require manual gas limit [ See:
[2025-09-07T06:10:51.670Z] claim E909S2463
[2025-09-07T06:10:52.448Z] error: cannot estimate gas; transaction may fail or may require manual gas limit [ See:
[2025-09-07T06:10:56.161Z] reward set +1.0
[2025-09-07T06:10:59.022Z] reward withdraw +6.790374755859375
[2025-09-07T06:10:59.024Z] reward set +5.0
[2025-09-07T06:11:02.276Z] withdraw MESH +81.3125
[2025-09-07T06:11:03.771Z] error: cannot estimate gas; transaction may fail or may require manual gas limit [ See:
[2025-09-07T06:11:07.098Z] reward withdraw +5.8951873779296875
[2025-09-07T06:11:07.098Z] reward set +5.0
[2025-09-07T06:11:09.235Z] reward set +1.0
[2025-09-07T06:11:11.502Z] reward withdraw +5.94759368896484375
[2025-09-07T06:11:11.502Z] reward set +5.0
[2025-09-07T06:11:14.792Z] withdraw MESH +66.0
[2025-09-07T06:11:16.098Z] error: cannot estimate gas; transaction may fail or may require manual gas limit [ See:
[2025-09-07T06:11:18.474Z] reward withdraw +5.973796844482421875
[2025-09-07T06:11:18.475Z] reward set +1.0
[2025-09-07T06:11:20.506Z] reward set +5.0
[2025-09-07T06:11:22.982Z] claim W716S837
[2025-09-07T06:11:25.579Z] reward set +2.0
[2025-09-07T06:11:27.909Z] reward set +2.0
[2025-09-07T06:11:29.237Z] reward withdraw +8.743449211120605469
[2025-09-07T06:11:29.238Z] reward set +4.0
[2025-09-07T06:11:32.717Z] claim W983N2497
[2025-09-07T06:11:35.551Z] withdraw MESH +89.875
[2025-09-07T06:11:40.750Z] withdraw MESH +73.8
[2025-09-07T06:11:41.787Z] error: cannot estimate gas; transaction may fail or may require manual gas limit [ See:
[2025-09-07T06:11:43.215Z] withdraw MESH +73.8
[2025-09-07T06:11:45.276Z] claim E607S3797
[2025-09-07T06:11:47.513Z] withdraw MESH +87.6
[2025-09-07T06:11:50.265Z] error: Transaction ran out of gas
[2025-09-07T06:11:51.330Z] error: cannot estimate gas; transaction may fail or may require manual gas limit [ See:
[2025-09-07T06:11:56.042Z] claim E607N7763
[2025-09-07T06:12:00.408Z] claim E942N3882
[2025-09-07T06:12:02.698Z] withdraw MESH +102.575
[2025-09-07T06:12:03.974Z] error: cannot estimate gas; transaction may fail or may require manual gas limit [ See:
[2025-09-07T06:12:04.776Z] error: cannot estimate gas; transaction may fail or may require manual gas limit [ See:
[2025-09-07T06:12:07.465Z] withdraw MESH +79.8
[2025-09-07T06:12:08.263Z] error: cannot estimate gas; transaction may fail or may require manual gas limit [ See:
[2025-09-07T06:12:13.310Z] reward withdraw +3.26362069696187973
[2025-09-07T06:12:13.310Z] reward set +3.0
[2025-09-07T06:12:16.767Z] withdraw MESH +81.3
[2025-09-07T06:12:17.692Z] reward set +4.0
[2025-09-07T06:12:18.708Z] reward set +3.0
[2025-09-07T06:12:20.897Z] withdraw MESH +81.3
[2025-09-07T06:12:23.598Z] error: cannot estimate gas; transaction may fail or may require manual gas limit [ See:
[2025-09-07T06:12:24.518Z] error: cannot estimate gas; transaction may fail or may require manual gas limit [ See:
[2025-09-07T06:12:26.877Z] claim E994S6055
[2025-09-07T06:12:27.653Z] error: cannot estimate gas; transaction may fail or may require manual gas limit [ See:
[2025-09-07T06:12:29.701Z] withdraw MESH +106.7625
[2025-09-07T06:12:30.531Z] error: cannot estimate gas; transaction may fail or may require manual gas limit [ See:
[2025-09-07T06:12:36.376Z] claim W980S8095
[2025-09-07T06:12:38.496Z] reward withdraw +7.032952587120234966
[2025-09-07T06:12:38.497Z] reward set +5.0
[2025-09-07T06:12:42.318Z] error: cannot estimate gas; transaction may fail or may require manual gas limit [ See:
[2025-09-07T06:12:45.027Z] reward set +5.0
[2025-09-07T06:12:48.878Z] withdraw MESH +107.125
[2025-09-07T06:12:51.311Z] reward withdraw +7.008238146780058742
[2025-09-07T06:12:51.311Z] reward set +2.0
[2025-09-07T06:12:53.734Z] error: cannot estimate gas; transaction may fail or may require manual gas limit [ See:
[2025-09-07T06:12:57.164Z] reward withdraw +5.504119073390029371
[2025-09-07T06:12:57.164Z] reward set +4.0
[2025-09-07T06:12:59.845Z] withdraw MESH +114.45
[2025-09-07T06:13:00.591Z] error: cannot estimate gas; transaction may fail or may require manual gas limit [ See:
[2025-09-07T06:13:02.885Z] error: cannot estimate gas; transaction may fail or may require manual gas limit [ See:
[2025-09-07T06:13:03.616Z] error: cannot estimate gas; transaction may fail or may require manual gas limit [ See:
[2025-09-07T06:13:05.039Z] reward set +2.0
[2025-09-07T06:13:05.776Z] error: cannot estimate gas; transaction may fail or may require manual gas limit [ See:
[2025-09-07T06:13:11.172Z] claim W142N2919
[2025-09-07T06:13:15.711Z] withdraw MESH +90.3
[2025-09-07T06:13:16.489Z] error: cannot estimate gas; transaction may fail or may require manual gas limit [ See:
[2025-09-07T06:13:17.266Z] error: cannot estimate gas; transaction may fail or may require manual gas limit [ See:
[2025-09-07T06:13:19.860Z] reward set +3.0
[2025-09-07T06:13:21.537Z] reward withdraw +20.752059536695014686
[2025-09-07T06:13:21.537Z] reward set +5.0
[2025-09-07T06:13:22.949Z] error: cannot estimate gas; transaction may fail or may require manual gas limit [ See:
[2025-09-07T06:13:23.762Z] reward set +2.0
[2025-09-07T06:13:26.224Z] error: Error: VM Exception while processing transaction: reverted with reason string 'D
[2025-09-07T06:13:28.890Z] claim W876S1875
[2025-09-07T06:13:30.303Z] withdraw MESH +108.6
[2025-09-07T06:13:33.962Z] reward set +1.0
[2025-09-07T06:13:36.478Z] reward withdraw +3.0
[2025-09-07T06:13:36.478Z] reward set +3.0
[2025-09-07T06:13:38.855Z] error: Error: VM Exception while processing transaction: reverted with reason string 'D
[2025-09-07T06:13:39.604Z] error: cannot estimate gas; transaction may fail or may require manual gas limit [ See:
[2025-09-07T06:13:42.222Z] reward set +2.0
[2025-09-07T06:13:44.303Z] error: cannot estimate gas; transaction may fail or may require manual gas limit [ See:
[2025-09-07T06:13:45.506Z] reward withdraw +4.0
[2025-09-07T06:13:45.507Z] reward set +5.0
[2025-09-07T06:13:46.757Z] error: cannot estimate gas; transaction may fail or may require manual gas limit [ See:
[2025-09-07T06:13:49.760Z] withdraw MESH +112.35
[2025-09-07T06:13:50.482Z] error: cannot estimate gas; transaction may fail or may require manual gas limit [ See:
[2025-09-07T06:13:53.434Z] withdraw MESH +96.3
[2025-09-07T06:13:54.392Z] error: cannot estimate gas; transaction may fail or may require manual gas limit [ See:
[2025-09-07T06:13:55.079Z] error: cannot estimate gas; transaction may fail or may require manual gas limit [ See:
[2025-09-07T06:13:56.061Z] error: cannot estimate gas; transaction may fail or may require manual gas limit [ See:
[2025-09-07T06:14:02.083Z] claim E5S5388
[2025-09-07T06:14:03.473Z] error: cannot estimate gas; transaction may fail or may require manual gas limit [ See:
[2025-09-07T06:14:06.549Z] withdraw MESH +124.0
[2025-09-07T06:14:11.677Z] withdraw MESH +117.35
[2025-09-07T06:14:13.285Z] error: cannot estimate gas; transaction may fail or may require manual gas limit [ See:
[2025-09-07T06:14:14.093Z] error: cannot estimate gas; transaction may fail or may require manual gas limit [ See:
[2025-09-07T06:14:18.607Z] reward withdraw +6.75
[2025-09-07T06:14:18.608Z] reward set +5.0
[2025-09-07T06:14:21.803Z] withdraw MESH +131.5
[2025-09-07T06:14:22.587Z] error: cannot estimate gas; transaction may fail or may require manual gas limit [ See:
[2025-09-07T06:14:24.391Z] error: cannot estimate gas; transaction may fail or may require manual gas limit [ See:
[2025-09-07T06:14:25.661Z] reward set +1.0
[2025-09-07T06:14:30.906Z] withdraw MESH +124.35
[2025-09-07T06:14:32.638Z] claim W847S3942
[2025-09-07T06:14:35.022Z] error: cannot estimate gas; transaction may fail or may require manual gas limit [ See:
[2025-09-07T06:14:35.827Z] error: cannot estimate gas; transaction may fail or may require manual gas limit [ See:
[2025-09-07T06:14:37.942Z] error: cannot estimate gas; transaction may fail or may require manual gas limit [ See:
[2025-09-07T06:14:38.674Z] error: cannot estimate gas; transaction may fail or may require manual gas limit [ See:
[2025-09-07T06:14:40.289Z] reward withdraw +4.171875
[2025-09-07T06:14:40.289Z] reward set +4.0
[2025-09-07T06:14:42.180Z] reward withdraw +4.0859375
[2025-09-07T06:14:42.180Z] reward set +4.0
[2025-09-07T06:14:44.773Z] reward withdraw +4.54296875
[2025-09-07T06:14:44.774Z] reward set +4.0
[2025-09-07T06:14:45.620Z] error: cannot estimate gas; transaction may fail or may require manual gas limit [ See:
[2025-09-07T06:14:47.606Z] reward withdraw +3.271484375
[2025-09-07T06:14:47.606Z] reward set +2.0
[2025-09-07T06:14:52.224Z] claim W856N7976
[2025-09-07T06:14:54.053Z] error: Error: VM Exception while processing transaction: reverted with reason string 'D
[2025-09-07T06:14:57.530Z] claim W370S1788
[2025-09-07T06:14:58.940Z] reward withdraw +6.271484375
[2025-09-07T06:14:58.941Z] reward set +2.0
[2025-09-07T06:14:59.699Z] error: cannot estimate gas; transaction may fail or may require manual gas limit [ See:
[2025-09-07T06:15:03.574Z] claim W751N1002
[2025-09-07T06:15:04.824Z] reward withdraw +1.5
[2025-09-07T06:15:04.825Z] reward set +3.0
[2025-09-07T06:15:05.814Z] reward set +5.0
[2025-09-07T06:15:06.614Z] error: cannot estimate gas; transaction may fail or may require manual gas limit [ See:
[2025-09-07T06:15:11.646Z] claim W175N3851
[2025-09-07T06:15:13.315Z] withdraw MESH +146.5
[2025-09-07T06:15:14.364Z] error: cannot estimate gas; transaction may fail or may require manual gas limit [ See:
[2025-09-07T06:15:16.450Z] withdraw MESH +138.35
[2025-09-07T06:15:18.515Z] reward set +1.0
[2025-09-07T06:15:19.917Z] reward withdraw +7.625
[2025-09-07T06:15:19.917Z] reward set +4.0
[2025-09-07T06:15:20.687Z] error: cannot estimate gas; transaction may fail or may require manual gas limit [ See:
[2025-09-07T06:15:23.383Z] withdraw MESH +118.8
[2025-09-07T06:15:24.127Z] error: cannot estimate gas; transaction may fail or may require manual gas limit [ See:
[2025-09-07T06:15:27.077Z] error: cannot estimate gas; transaction may fail or may require manual gas limit [ See:
[2025-09-07T06:15:28.653Z] reward set +1.0
[2025-09-07T06:15:31.505Z] error: Transaction ran out of gas
[2025-09-07T06:15:33.999Z] reward withdraw +12.8125
[2025-09-07T06:15:33.999Z] reward set +4.0
[2025-09-07T06:15:34.823Z] reward set +3.0
[2025-09-07T06:15:37.672Z] error: cannot estimate gas; transaction may fail or may require manual gas limit [ See:
[2025-09-07T06:15:40.635Z] claim W703S8885
[2025-09-07T06:15:41.371Z] error: cannot estimate gas; transaction may fail or may require manual gas limit [ See:
[2025-09-07T06:15:45.945Z] error: Transaction ran out of gas
[2025-09-07T06:15:46.864Z] reward set +5.0
[2025-09-07T06:15:50.709Z] reward withdraw +7.375
[2025-09-07T06:15:50.709Z] reward set +1.0
[2025-09-07T06:15:52.851Z] withdraw MESH +162.080078125
[2025-09-07T06:15:55.157Z] claim W895N1459
[2025-09-07T06:15:56.773Z] error: cannot estimate gas; transaction may fail or may require manual gas limit [ See:
[2025-09-07T06:16:02.273Z] reward set +4.0
[2025-09-07T06:16:03.794Z] reward withdraw +16.1875
[2025-09-07T06:16:03.795Z] reward set +5.0
[2025-09-07T06:16:06.057Z] error: Transaction ran out of gas
[2025-09-07T06:16:08.405Z] error: Error: VM Exception while processing transaction: reverted with reason string 'D
[2025-09-07T06:16:09.264Z] error: cannot estimate gas; transaction may fail or may require manual gas limit [ See:
[2025-09-07T06:16:13.651Z] error: cannot estimate gas; transaction may fail or may require manual gas limit [ See:
[2025-09-07T06:16:16.475Z] reward set +3.0
[2025-09-07T06:16:19.463Z] error: Transaction ran out of gas
[2025-09-07T06:16:20.222Z] error: cannot estimate gas; transaction may fail or may require manual gas limit [ See:
[2025-09-07T06:16:21.031Z] error: cannot estimate gas; transaction may fail or may require manual gas limit [ See:
[2025-09-07T06:16:22.531Z] reward withdraw +4.75
[2025-09-07T06:16:22.531Z] reward set +4.0
[2025-09-07T06:16:25.091Z] claim W404S8541
[2025-09-07T06:16:26.192Z] error: cannot estimate gas; transaction may fail or may require manual gas limit [ See:
[2025-09-07T06:31:31.266Z] withdraw MESH +172.209375
[2025-09-07T06:31:33.590Z] withdraw MESH +130.8
[2025-09-07T06:31:35.486Z] claim E773S8771
[2025-09-07T06:31:36.963Z] error: cannot estimate gas; transaction may fail or may require manual gas limit [ See:
[2025-09-07T06:31:37.994Z] reward set +2.0
[2025-09-07T06:31:43.558Z] withdraw MESH +132.3
[2025-09-07T06:31:47.111Z] error: cannot estimate gas; transaction may fail or may require manual gas limit [ See:
[2025-09-07T06:31:50.114Z] reward withdraw +16.375
[2025-09-07T06:31:50.115Z] reward set +2.0
[2025-09-07T06:31:54.152Z] reward withdraw +6.0
[2025-09-07T06:31:54.153Z] reward set +5.0
[2025-09-07T06:31:55.306Z] error: cannot estimate gas; transaction may fail or may require manual gas limit [ See:
[2025-09-07T06:32:00.144Z] claim E329N3486
[2025-09-07T06:32:07.109Z] withdraw MESH +172.6375
[2025-09-07T06:32:18.472Z] withdraw MESH +133.8
[2025-09-07T06:32:19.412Z] error: cannot estimate gas; transaction may fail or may require manual gas limit [ See:
[2025-09-07T06:32:23.017Z] error: cannot estimate gas; transaction may fail or may require manual gas limit [ See:
[2025-09-07T06:32:29.132Z] claim W30S4565
[2025-09-07T06:32:30.032Z] error: cannot estimate gas; transaction may fail or may require manual gas limit [ See:
[2025-09-07T06:32:35.452Z] error: Transaction ran out of gas
[2025-09-07T06:32:39.806Z] reward withdraw +10.0
[2025-09-07T06:32:39.809Z] reward set +5.0
[2025-09-07T06:32:42.412Z] reward withdraw +6.0
[2025-09-07T06:32:42.413Z] reward set +2.0
[2025-09-07T06:47:46.013Z] error: Headers Timeout Error
[2025-09-07T06:47:52.051Z] claim W735S5200
[2025-09-07T06:47:53.085Z] reward set +1.0
[2025-09-07T06:47:58.430Z] withdraw MESH +161.1
[2025-09-07T06:48:01.516Z] error: cannot estimate gas; transaction may fail or may require manual gas limit [ See:
[2025-09-07T06:48:03.024Z] reward set +1.0
[2025-09-07T06:48:08.825Z] error: cannot estimate gas; transaction may fail or may require manual gas limit [ See:
[2025-09-07T06:48:10.138Z] error: cannot estimate gas; transaction may fail or may require manual gas limit [ See:
[2025-09-07T06:48:16.716Z] error: cannot estimate gas; transaction may fail or may require manual gas limit [ See:
[2025-09-07T06:48:17.948Z] error: cannot estimate gas; transaction may fail or may require manual gas limit [ See:
[2025-09-07T06:48:24.143Z] withdraw MESH +164.6
[2025-09-07T06:48:31.346Z] claim W238N7472
[2025-09-07T06:48:42.581Z] claim E773N6353
[2025-09-07T06:48:44.358Z] reward set +2.0
[2025-09-07T06:48:49.376Z] error: cannot estimate gas; transaction may fail or may require manual gas limit [ See:
[2025-09-07T06:48:57.484Z] error: Error: VM Exception while processing transaction: reverted with reason string 'D
[2025-09-07T06:48:59.984Z] reward withdraw +4.375
[2025-09-07T06:48:59.987Z] reward set +1.0
[2025-09-07T07:03:44.449Z] reward set +2.0
[2025-09-07T07:03:45.158Z] reward set +5.0
[2025-09-07T07:03:45.957Z] error: cannot estimate gas; transaction may fail or may require manual gas limit [ See:
[2025-09-07T07:03:47.267Z] withdraw MESH +144.3
[2025-09-07T07:03:48.211Z] error: cannot estimate gas; transaction may fail or may require manual gas limit [ See:
[2025-09-07T07:03:48.912Z] error: cannot estimate gas; transaction may fail or may require manual gas limit [ See:
[2025-09-07T07:03:50.023Z] reward withdraw +4.34375
[2025-09-07T07:03:50.024Z] reward set +1.0
[2025-09-07T07:03:50.717Z] error: cannot estimate gas; transaction may fail or may require manual gas limit [ See:
[2025-09-07T07:03:51.890Z] error: cannot estimate gas; transaction may fail or may require manual gas limit [ See:
[2025-09-07T07:03:54.449Z] claim E593S5567
[2025-09-07T07:03:57.854Z] withdraw MESH +191.14375
[2025-09-07T07:03:58.698Z] error: cannot estimate gas; transaction may fail or may require manual gas limit [ See:
[2025-09-07T07:04:02.699Z] reward withdraw +4.671875
[2025-09-07T07:04:02.700Z] reward set +5.0
[2025-09-07T07:04:07.839Z] claim E677S2565
[2025-09-07T07:04:08.913Z] error: cannot estimate gas; transaction may fail or may require manual gas limit [ See:
[2025-09-07T07:04:12.260Z] reward set +4.0
[2025-09-07T07:04:21.167Z] claim W487S3059
[2025-09-07T07:04:22.151Z] error: cannot estimate gas; transaction may fail or may require manual gas limit [ See:
[2025-09-07T07:04:23.960Z] reward set +5.0
[2025-09-07T07:04:25.300Z] error: cannot estimate gas; transaction may fail or may require manual gas limit [ See:
[2025-09-07T07:04:26.672Z] reward set +5.0
[2025-09-07T07:04:27.689Z] error: cannot estimate gas; transaction may fail or may require manual gas limit [ See:
[2025-09-07T07:04:30.648Z] error: cannot estimate gas; transaction may fail or may require manual gas limit [ See:
[2025-09-07T07:04:32.973Z] reward withdraw +5.67724609375
[2025-09-07T07:04:32.975Z] reward set +2.0
[2025-09-07T07:04:35.959Z] withdraw MESH +148.8
[2025-09-07T07:04:39.044Z] withdraw MESH +148.8
[2025-09-07T07:04:39.903Z] error: cannot estimate gas; transaction may fail or may require manual gas limit [ See:
[2025-09-07T07:04:40.892Z] error: cannot estimate gas; transaction may fail or may require manual gas limit [ See:
[2025-09-07T07:04:43.130Z] reward withdraw +8.838623046875
[2025-09-07T07:04:43.139Z] reward set +5.0
[2025-09-07T07:04:47.555Z] claim W127N3130
[2025-09-07T07:04:49.167Z] error: cannot estimate gas; transaction may fail or may require manual gas limit [ See:
[2025-09-07T07:04:53.136Z] reward withdraw +4.70965576171875
[2025-09-07T07:04:53.137Z] reward set +3.0
[2025-09-07T07:04:54.420Z] error: cannot estimate gas; transaction may fail or may require manual gas limit [ See:
[2025-09-07T07:05:00.301Z] reward withdraw +4.354827880859375
[2025-09-07T07:05:00.302Z] reward set +4.0
[2025-09-07T07:05:02.446Z] reward withdraw +3.1774139404296875
[2025-09-07T07:05:02.448Z] reward set +2.0
[2025-09-07T07:05:03.515Z] error: cannot estimate gas; transaction may fail or may require manual gas limit [ See:
[2025-09-07T07:05:04.517Z] reward set +3.0
[2025-09-07T07:05:06.432Z] error: cannot estimate gas; transaction may fail or may require manual gas limit [ See:
[2025-09-07T07:05:12.463Z] claim W153N7566
[2025-09-07T07:05:13.712Z] reward set +2.0
[2025-09-07T07:05:19.528Z] reward withdraw +7.794353485107421875
[2025-09-07T07:05:19.529Z] reward set +5.0
[2025-09-07T07:05:20.402Z] error: cannot estimate gas; transaction may fail or may require manual gas limit [ See:
[2025-09-07T07:05:21.583Z] reward set +5.0
[2025-09-07T07:05:22.524Z] error: cannot estimate gas; transaction may fail or may require manual gas limit [ See:
[2025-09-07T07:05:23.612Z] reward set +2.0
[2025-09-07T07:05:27.052Z] withdraw MESH +197.95
[2025-09-07T07:05:29.706Z] reward withdraw +11.397176742553710937
[2025-09-07T07:05:29.707Z] reward set +5.0
[2025-09-07T07:05:30.724Z] error: cannot estimate gas; transaction may fail or may require manual gas limit [ See:
[2025-09-07T07:05:32.947Z] reward set +4.0
[2025-09-07T07:05:35.877Z] error: cannot estimate gas; transaction may fail or may require manual gas limit [ See:
[2025-09-07T07:05:37.069Z] error: cannot estimate gas; transaction may fail or may require manual gas limit [ See:
[2025-09-07T07:05:40.333Z] withdraw MESH +153.3
[2025-09-07T07:05:43.173Z] error: cannot estimate gas; transaction may fail or may require manual gas limit [ See:
[2025-09-07T07:05:45.297Z] reward withdraw +8.849294185638427734
[2025-09-07T07:05:45.298Z] reward set +5.0
[2025-09-07T07:05:46.266Z] error: cannot estimate gas; transaction may fail or may require manual gas limit [ See:
[2025-09-07T07:05:47.179Z] reward set +2.0
[2025-09-07T07:05:53.312Z] claim E188S8351
[2025-09-07T07:05:54.257Z] error: cannot estimate gas; transaction may fail or may require manual gas limit [ See:
[2025-09-07T07:05:57.552Z] claim E744S3337
[2025-09-07T07:06:00.847Z] reward withdraw +16.424647092819213868
[2025-09-07T07:06:00.848Z] reward set +4.0
[2025-09-07T07:06:01.894Z] error: cannot estimate gas; transaction may fail or may require manual gas limit [ See:
[2025-09-07T07:06:03.632Z] error: cannot estimate gas; transaction may fail or may require manual gas limit [ See:
[2025-09-07T07:06:09.838Z] claim E313S7766
[2025-09-07T07:06:12.614Z] reward set +3.0
[2025-09-07T07:06:13.644Z] error: cannot estimate gas; transaction may fail or may require manual gas limit [ See:
[2025-09-07T07:06:16.738Z] reward set +2.0
[2025-09-07T07:06:17.713Z] error: cannot estimate gas; transaction may fail or may require manual gas limit [ See:
[2025-09-07T07:21:20.608Z] reward withdraw +3.5
[2025-09-07T07:21:20.608Z] reward set +1.0
[2025-09-07T07:21:21.290Z] error: cannot estimate gas; transaction may fail or may require manual gas limit [ See:
[2025-09-07T07:21:23.002Z] claim E439S5606
[2025-09-07T07:21:24.190Z] withdraw MESH +202.5
[2025-09-07T07:21:24.861Z] error: cannot estimate gas; transaction may fail or may require manual gas limit [ See:
[2025-09-07T07:21:25.526Z] error: cannot estimate gas; transaction may fail or may require manual gas limit [ See:
[2025-09-07T07:21:26.197Z] error: cannot estimate gas; transaction may fail or may require manual gas limit [ See:
[2025-09-07T07:21:27.302Z] withdraw MESH +162.3
[2025-09-07T07:21:28.113Z] error: cannot estimate gas; transaction may fail or may require manual gas limit [ See:
[2025-09-07T07:21:28.960Z] error: cannot estimate gas; transaction may fail or may require manual gas limit [ See:
[2025-09-07T07:21:29.792Z] error: cannot estimate gas; transaction may fail or may require manual gas limit [ See:
[2025-09-07T07:21:30.821Z] reward set +1.0
[2025-09-07T07:21:31.931Z] reward set +5.0
[2025-09-07T07:21:32.887Z] error: cannot estimate gas; transaction may fail or may require manual gas limit [ See:
[2025-09-07T07:21:34.047Z] error: cannot estimate gas; transaction may fail or may require manual gas limit [ See:
[2025-09-07T07:21:34.921Z] error: cannot estimate gas; transaction may fail or may require manual gas limit [ See:
[2025-09-07T07:21:36.047Z] error: cannot estimate gas; transaction may fail or may require manual gas limit [ See:
[2025-09-07T07:21:39.548Z] withdraw MESH +162.3
[2025-09-07T07:21:40.391Z] error: cannot estimate gas; transaction may fail or may require manual gas limit [ See:
[2025-09-07T07:21:41.405Z] reward set +1.0
[2025-09-07T07:21:42.225Z] error: cannot estimate gas; transaction may fail or may require manual gas limit [ See:
[2025-09-07T07:21:43.152Z] reward set +4.0
[2025-09-07T07:21:45.034Z] reward withdraw +9.25
[2025-09-07T07:21:45.036Z] reward set +4.0
[2025-09-07T07:21:47.213Z] reward withdraw +6.625
[2025-09-07T07:21:47.214Z] reward set +4.0
[2025-09-07T07:21:49.976Z] withdraw MESH +162.3
[2025-09-07T07:21:50.909Z] error: cannot estimate gas; transaction may fail or may require manual gas limit [ See:
[2025-09-07T07:21:51.921Z] error: cannot estimate gas; transaction may fail or may require manual gas limit [ See:
[2025-09-07T07:21:53.863Z] reward withdraw +3.8125
[2025-09-07T07:21:53.865Z] reward set +1.0
[2025-09-07T07:21:54.782Z] error: cannot estimate gas; transaction may fail or may require manual gas limit [ See:
[2025-09-07T07:21:58.617Z] claim W825S1854
[2025-09-07T07:21:59.593Z] reward set +1.0
[2025-09-07T07:22:02.455Z] withdraw MESH +204.625
[2025-09-07T07:22:04.813Z] reward withdraw +3.40625
[2025-09-07T07:22:04.814Z] reward set +2.0
[2025-09-07T07:22:05.760Z] reward set +4.0
[2025-09-07T07:22:08.469Z] withdraw MESH +163.8
[2025-09-07T07:37:10.165Z] error: read ECONNRESET
[2025-09-07T07:37:12.544Z] claim E340S5579
[2025-09-07T07:37:13.314Z] error: cannot estimate gas; transaction may fail or may require manual gas limit [ See:
[2025-09-07T07:37:13.999Z] error: cannot estimate gas; transaction may fail or may require manual gas limit [ See:
[2025-09-07T07:37:15.673Z] claim E466S5416
[2025-09-07T07:37:16.611Z] reward withdraw +6.203125
[2025-09-07T07:37:16.611Z] reward set +5.0
[2025-09-07T07:37:17.390Z] error: cannot estimate gas; transaction may fail or may require manual gas limit [ See:
[2025-09-07T07:37:18.070Z] error: cannot estimate gas; transaction may fail or may require manual gas limit [ See:
[2025-09-07T07:37:18.765Z] reward set +5.0
[2025-09-07T07:37:21.448Z] withdraw MESH +194.35
[2025-09-07T07:37:23.309Z] reward withdraw +7.1015625
[2025-09-07T07:37:23.311Z] reward set +3.0
[2025-09-07T07:37:26.430Z] withdraw MESH +166.8
[2025-09-07T07:37:27.290Z] error: cannot estimate gas; transaction may fail or may require manual gas limit [ See:
[2025-09-07T07:37:28.281Z] error: cannot estimate gas; transaction may fail or may require manual gas limit [ See:
[2025-09-07T07:37:29.356Z] reward set +2.0
[2025-09-07T07:37:33.049Z] claim E41S6211
[2025-09-07T07:37:35.857Z] withdraw MESH +196.1
[2025-09-07T07:37:36.771Z] reward set +5.0
[2025-09-07T07:37:37.678Z] reward set +4.0
[2025-09-07T07:37:38.515Z] error: cannot estimate gas; transaction may fail or may require manual gas limit [ See:
[2025-09-07T07:37:41.213Z] withdraw MESH +168.3
[2025-09-07T07:37:45.784Z] claim W920N1137
[2025-09-07T07:37:46.622Z] error: cannot estimate gas; transaction may fail or may require manual gas limit [ See:
[2025-09-07T07:37:48.605Z] reward withdraw +11.55078125
[2025-09-07T07:37:48.606Z] reward set +5.0
[2025-09-07T07:37:49.455Z] error: cannot estimate gas; transaction may fail or may require manual gas limit [ See:
[2025-09-07T07:37:51.222Z] reward withdraw +8.275390625
[2025-09-07T07:37:51.223Z] reward set +5.0
[2025-09-07T07:37:53.015Z] reward withdraw +5.1376953125
[2025-09-07T07:37:53.016Z] reward set +2.0
[2025-09-07T07:37:57.091Z] claim E736N1206
[2025-09-07T07:37:58.112Z] reward set +5.0
[2025-09-07T07:37:58.959Z] error: cannot estimate gas; transaction may fail or may require manual gas limit [ See:
[2025-09-07T07:53:00.843Z] error: read ECONNRESET
[2025-09-07T07:53:02.955Z] claim E697N6885
[2025-09-07T07:53:04.099Z] reward withdraw +6.06884765625
[2025-09-07T07:53:04.100Z] reward set +2.0
[2025-09-07T07:53:04.832Z] error: cannot estimate gas; transaction may fail or may require manual gas limit [ See:
[2025-09-07T07:53:05.512Z] error: cannot estimate gas; transaction may fail or may require manual gas limit [ See:
[2025-09-07T07:53:06.712Z] withdraw MESH +229.76640625
[2025-09-07T07:53:07.400Z] error: cannot estimate gas; transaction may fail or may require manual gas limit [ See:
[2025-09-07T07:53:08.632Z] claim E800N7287
[2025-09-07T07:53:09.537Z] reward set +3.0
[2025-09-07T07:53:10.216Z] error: cannot estimate gas; transaction may fail or may require manual gas limit [ See:
[2025-09-07T07:53:12.948Z] withdraw MESH +203.35
[2025-09-07T07:53:13.762Z] error: cannot estimate gas; transaction may fail or may require manual gas limit [ See:
[2025-09-07T07:53:14.596Z] error: cannot estimate gas; transaction may fail or may require manual gas limit [ See:
[2025-09-07T07:53:15.545Z] reward set +3.0
[2025-09-07T07:53:16.559Z] reward set +2.0
[2025-09-07T07:53:19.664Z] claim E917N7568
[2025-09-07T07:53:21.383Z] reward withdraw +9.034423828125
[2025-09-07T07:53:21.384Z] reward set +4.0
[2025-09-07T07:53:22.230Z] error: cannot estimate gas; transaction may fail or may require manual gas limit [ See:
[2025-09-07T07:53:23.079Z] error: cannot estimate gas; transaction may fail or may require manual gas limit [ See:
[2025-09-07T07:53:23.914Z] error: cannot estimate gas; transaction may fail or may require manual gas limit [ See:
[2025-09-07T07:53:27.191Z] withdraw MESH +205.1
[2025-09-07T07:53:28.030Z] error: cannot estimate gas; transaction may fail or may require manual gas limit [ See:
[2025-09-07T07:53:28.887Z] error: cannot estimate gas; transaction may fail or may require manual gas limit [ See:
[2025-09-07T07:53:29.775Z] error: cannot estimate gas; transaction may fail or may require manual gas limit [ See:
[2025-09-07T07:53:32.503Z] claim E796N507
[2025-09-07T07:53:33.417Z] reward set +5.0
[2025-09-07T07:53:34.620Z] error: cannot estimate gas; transaction may fail or may require manual gas limit [ See:
[2025-09-07T07:53:35.964Z] error: cannot estimate gas; transaction may fail or may require manual gas limit [ See:
[2025-09-07T07:53:36.922Z] error: cannot estimate gas; transaction may fail or may require manual gas limit [ See:
[2025-09-07T07:53:37.825Z] error: cannot estimate gas; transaction may fail or may require manual gas limit [ See:
[2025-09-07T07:53:39.838Z] reward withdraw +9.0172119140625
[2025-09-07T07:53:39.839Z] reward set +4.0
[2025-09-07T07:53:40.931Z] reward set +1.0
[2025-09-07T07:53:41.777Z] error: cannot estimate gas; transaction may fail or may require manual gas limit [ See:
[2025-09-07T07:53:42.690Z] error: cannot estimate gas; transaction may fail or may require manual gas limit [ See:
[2025-09-07T07:53:43.773Z] reward set +2.0
[2025-09-07T07:53:47.989Z] claim W851S4775
[2025-09-07T07:53:48.876Z] error: cannot estimate gas; transaction may fail or may require manual gas limit [ See:
[2025-09-07T07:53:49.738Z] error: cannot estimate gas; transaction may fail or may require manual gas limit [ See:
[2025-09-07T08:08:52.077Z] reward withdraw +7.50860595703125
[2025-09-07T08:08:52.078Z] reward set +3.0
[2025-09-07T08:08:53.416Z] withdraw MESH +230.7625
[2025-09-07T08:08:54.094Z] error: cannot estimate gas; transaction may fail or may require manual gas limit [ See:
[2025-09-07T08:08:55.499Z] claim W540N3663
[2025-09-07T08:08:56.635Z] reward withdraw +4.254302978515625
[2025-09-07T08:08:56.636Z] reward set +1.0
[2025-09-07T08:08:57.317Z] error: cannot estimate gas; transaction may fail or may require manual gas limit [ See:
[2025-09-07T08:08:58.048Z] error: cannot estimate gas; transaction may fail or may require manual gas limit [ See:
[2025-09-07T08:08:59.258Z] withdraw MESH +180.3
[2025-09-07T08:08:59.935Z] error: cannot estimate gas; transaction may fail or may require manual gas limit [ See:
[2025-09-07T08:09:00.615Z] error: cannot estimate gas; transaction may fail or may require manual gas limit [ See:
[2025-09-07T08:09:01.303Z] error: cannot estimate gas; transaction may fail or may require manual gas limit [ See:
[2025-09-07T08:09:03.981Z] withdraw MESH +180.3
[2025-09-07T08:09:04.804Z] error: cannot estimate gas; transaction may fail or may require manual gas limit [ See:
[2025-09-07T08:09:05.672Z] error: cannot estimate gas; transaction may fail or may require manual gas limit [ See:
[2025-09-07T08:09:08.976Z] claim E186N8460
[2025-09-07T08:09:09.954Z] error: cannot estimate gas; transaction may fail or may require manual gas limit [ See:
[2025-09-07T08:09:12.859Z] claim E415N2772
[2025-09-07T08:09:15.960Z] claim W216S3376
[2025-09-07T08:09:17.154Z] error: cannot estimate gas; transaction may fail or may require manual gas limit [ See:
[2025-09-07T08:09:21.372Z] withdraw MESH +184.8
[2025-09-07T08:09:22.610Z] error: cannot estimate gas; transaction may fail or may require manual gas limit [ See:
[2025-09-07T08:09:23.633Z] error: cannot estimate gas; transaction may fail or may require manual gas limit [ See:
[2025-09-07T08:09:24.458Z] error: cannot estimate gas; transaction may fail or may require manual gas limit [ See:
[2025-09-07T08:09:27.250Z] withdraw MESH +184.8
[2025-09-07T08:09:28.116Z] error: cannot estimate gas; transaction may fail or may require manual gas limit [ See:
[2025-09-07T08:09:28.953Z] error: cannot estimate gas; transaction may fail or may require manual gas limit [ See:
[2025-09-07T08:09:31.812Z] claim E382S4406
[2025-09-07T08:09:32.858Z] error: cannot estimate gas; transaction may fail or may require manual gas limit [ See:
[2025-09-07T08:09:33.807Z] error: cannot estimate gas; transaction may fail or may require manual gas limit [ See:
[2025-09-07T08:09:34.766Z] error: cannot estimate gas; transaction may fail or may require manual gas limit [ See:
[2025-09-07T08:09:35.937Z] reward set +3.0
[2025-09-07T08:09:36.870Z] reward set +4.0
[2025-09-07T08:09:40.870Z] claim W320S729
[2025-09-07T08:16:10.783Z] error: other side closed
[2025-09-07T08:16:11.621Z] error: cannot estimate gas; transaction may fail or may require manual gas limit [ See:
[2025-09-07T08:16:12.324Z] reward set +1.0
[2025-09-07T08:16:13.585Z] withdraw MESH +234.625
[2025-09-07T08:16:14.265Z] error: cannot estimate gas; transaction may fail or may require manual gas limit [ See:
[2025-09-07T08:16:14.951Z] error: cannot estimate gas; transaction may fail or may require manual gas limit [ See:
[2025-09-07T08:16:16.177Z] reward withdraw +8.1271514892578125
[2025-09-07T08:16:16.178Z] reward set +4.0
[2025-09-07T08:16:17.425Z] claim W938N5196
[2025-09-07T08:16:18.115Z] error: cannot estimate gas; transaction may fail or may require manual gas limit [ See:
[2025-09-07T08:16:19.124Z] reward withdraw +5.06357574462890625
[2025-09-07T08:16:19.125Z] reward set +2.0
[2025-09-07T08:16:20.317Z] withdraw MESH +189.3
[2025-09-07T08:16:22.208Z] reward withdraw +3.031787872314453125
[2025-09-07T08:16:22.210Z] reward set +1.0
[2025-09-07T08:16:24.168Z] reward withdraw +4.015893936157226562
[2025-09-07T08:16:24.169Z] reward set +5.0
[2025-09-07T08:16:25.486Z] error: cannot estimate gas; transaction may fail or may require manual gas limit [ See:
[2025-09-07T08:16:27.024Z] error: cannot estimate gas; transaction may fail or may require manual gas limit [ See:
[2025-09-07T08:16:27.940Z] error: cannot estimate gas; transaction may fail or may require manual gas limit [ See:
[2025-09-07T08:16:31.748Z] claim W349S7455
[2025-09-07T08:16:35.876Z] claim E920S45
[2025-09-07T08:16:36.936Z] error: cannot estimate gas; transaction may fail or may require manual gas limit [ See:
[2025-09-07T08:16:37.872Z] error: cannot estimate gas; transaction may fail or may require manual gas limit [ See:
[2025-09-07T08:16:38.927Z] reward set +4.0
[2025-09-07T08:16:39.758Z] error: cannot estimate gas; transaction may fail or may require manual gas limit [ See:
[2025-09-07T08:16:40.805Z] reward set +2.0
[2025-09-07T08:16:43.610Z] withdraw MESH +224.1
[2025-09-07T08:16:44.670Z] reward set +4.0
[2025-09-07T08:16:45.531Z] error: cannot estimate gas; transaction may fail or may require manual gas limit [ See:
[2025-09-07T08:16:46.496Z] reward set +1.0
[2025-09-07T08:16:47.694Z] reward set +4.0
[2025-09-07T08:16:48.634Z] reward set +2.0
[2025-09-07T08:16:49.544Z] reward set +5.0
[2025-09-07T08:16:53.285Z] claim E658N11
[2025-09-07T08:16:57.258Z] claim E688S1584
[2025-09-07T08:16:59.189Z] reward withdraw +14.507946968078613281
[2025-09-07T08:16:59.190Z] reward set +3.0
[2025-09-07T08:17:04.504Z] claim W886N5005
[2025-09-07T08:17:08.212Z] withdraw MESH +257.70625
[2025-09-07T08:17:09.064Z] error: cannot estimate gas; transaction may fail or may require manual gas limit [ See:
[2025-09-07T08:17:12.165Z] claim W760N5332
[2025-09-07T08:17:13.000Z] error: cannot estimate gas; transaction may fail or may require manual gas limit [ See:
[2025-09-07T08:17:13.884Z] error: cannot estimate gas; transaction may fail or may require manual gas limit [ See:
[2025-09-07T08:17:16.694Z] withdraw MESH +198.3
[2025-09-07T08:17:17.623Z] error: cannot estimate gas; transaction may fail or may require manual gas limit [ See:
[2025-09-07T08:17:18.545Z] error: cannot estimate gas; transaction may fail or may require manual gas limit [ See:
[2025-09-07T08:17:19.589Z] error: cannot estimate gas; transaction may fail or may require manual gas limit [ See:
[2025-09-07T08:17:20.451Z] error: cannot estimate gas; transaction may fail or may require manual gas limit [ See:
[2025-09-07T08:17:21.285Z] error: cannot estimate gas; transaction may fail or may require manual gas limit [ See:
[2025-09-07T08:17:25.138Z] claim W92S4371
[2025-09-07T08:17:26.092Z] reward set +5.0
[2025-09-07T08:17:27.027Z] reward set +1.0
[2025-09-07T08:17:27.877Z] error: cannot estimate gas; transaction may fail or may require manual gas limit [ See:
[2025-09-07T08:17:30.932Z] withdraw MESH +249.625
[2025-09-07T08:17:31.963Z] reward set +5.0
[2025-09-07T08:17:32.902Z] reward set +1.0
[2025-09-07T08:17:35.294Z] reward withdraw +13.753973484039306641
[2025-09-07T08:17:35.295Z] reward set +1.0
[2025-09-07T08:17:38.129Z] withdraw MESH +199.8
[2025-09-07T08:17:38.979Z] error: cannot estimate gas; transaction may fail or may require manual gas limit [ See:
[2025-09-07T08:17:39.855Z] error: cannot estimate gas; transaction may fail or may require manual gas limit [ See:
[2025-09-07T08:17:40.790Z] error: cannot estimate gas; transaction may fail or may require manual gas limit [ See:
[2025-09-07T08:17:41.806Z] reward set +1.0
[2025-09-07T08:17:43.128Z] error: cannot estimate gas; transaction may fail or may require manual gas limit [ See:
[2025-09-07T08:17:44.538Z] error: cannot estimate gas; transaction may fail or may require manual gas limit [ See:
[2025-09-07T08:17:45.487Z] error: cannot estimate gas; transaction may fail or may require manual gas limit [ See:
[2025-09-07T08:17:46.699Z] reward set +4.0
[2025-09-07T08:17:50.298Z] withdraw MESH +233.1
[2025-09-07T08:17:52.105Z] reward withdraw +10.37698674201965332
[2025-09-07T08:17:52.106Z] reward set +2.0
[2025-09-07T08:17:53.040Z] reward set +3.0
[2025-09-07T08:17:53.972Z] error: cannot estimate gas; transaction may fail or may require manual gas limit [ See:
[2025-09-07T08:17:55.981Z] reward withdraw +9.18849337100982666
[2025-09-07T08:17:55.982Z] reward set +5.0
[2025-09-07T08:17:58.970Z] claim E280N8984
[2025-09-07T08:17:59.800Z] error: cannot estimate gas; transaction may fail or may require manual gas limit [ See:
[2025-09-07T08:18:03.784Z] claim E475N8964
[2025-09-07T08:18:05.517Z] reward withdraw +7.09424668550491333
[2025-09-07T08:18:05.518Z] reward set +5.0
[2025-09-07T08:18:09.420Z] withdraw MESH +236.35
[2025-09-07T08:18:10.433Z] error: cannot estimate gas; transaction may fail or may require manual gas limit [ See:
[2025-09-07T08:18:11.347Z] error: cannot estimate gas; transaction may fail or may require manual gas limit [ See:
[2025-09-07T08:18:16.990Z] claim W461N5796
[2025-09-07T08:18:18.880Z] reward withdraw +6.047123342752456665
[2025-09-07T08:18:18.882Z] reward set +5.0
[2025-09-07T08:18:20.732Z] reward withdraw +4.523561671376228333
[2025-09-07T08:18:20.734Z] reward set +3.0
[2025-09-07T08:18:21.844Z] reward set +2.0
[2025-09-07T08:18:26.094Z] withdraw MESH +238.1
[2025-09-07T08:18:29.606Z] withdraw MESH +204.3
[2025-09-07T08:18:30.510Z] reward set +1.0
[2025-09-07T08:18:31.372Z] error: cannot estimate gas; transaction may fail or may require manual gas limit [ See:
[2025-09-07T08:18:34.458Z] claim W933S904
[2025-09-07T08:18:37.461Z] claim E548S4279
[2025-09-07T08:18:39.239Z] reward withdraw +4.761780835688114166
[2025-09-07T08:18:39.240Z] reward set +2.0
[2025-09-07T08:18:42.197Z] withdraw MESH +207.3
[2025-09-07T08:18:43.103Z] reward set +3.0
[2025-09-07T08:18:45.774Z] withdraw MESH +207.3
[2025-09-07T08:18:46.620Z] error: cannot estimate gas; transaction may fail or may require manual gas limit [ See:
[2025-09-07T08:18:47.537Z] reward set +1.0
[2025-09-07T08:18:50.871Z] claim E199S1330
[2025-09-07T08:18:51.695Z] error: cannot estimate gas; transaction may fail or may require manual gas limit [ See:
[2025-09-07T08:18:52.557Z] error: cannot estimate gas; transaction may fail or may require manual gas limit [ See:
[2025-09-07T08:18:53.477Z] reward set +5.0
[2025-09-07T08:18:56.221Z] withdraw MESH +208.8
[2025-09-07T08:18:59.493Z] claim W569N170
[2025-09-07T08:19:00.423Z] error: cannot estimate gas; transaction may fail or may require manual gas limit [ See:
[2025-09-07T08:19:02.978Z] reward withdraw +7.880890417844057083
[2025-09-07T08:19:02.980Z] reward set +2.0
[2025-09-07T08:19:05.361Z] reward withdraw +5.940445208922028542
[2025-09-07T08:19:05.362Z] reward set +4.0
[2025-09-07T08:19:06.329Z] reward set +1.0
[2025-09-07T08:19:07.259Z] reward set +3.0
[2025-09-07T08:19:09.206Z] reward withdraw +5.970222604461014271
[2025-09-07T08:19:09.207Z] reward set +2.0
[2025-09-07T08:19:10.073Z] error: cannot estimate gas; transaction may fail or may require manual gas limit [ See:
[2025-09-07T08:19:11.058Z] reward set +4.0
[2025-09-07T08:19:13.036Z] reward withdraw +6.985111302230507135
[2025-09-07T08:19:13.038Z] reward set +4.0
[2025-09-07T08:19:15.823Z] withdraw MESH +210.3
[2025-09-07T08:19:16.663Z] error: cannot estimate gas; transaction may fail or may require manual gas limit [ See:
[2025-09-07T08:19:17.648Z] error: cannot estimate gas; transaction may fail or may require manual gas limit [ See:
[2025-09-07T08:19:20.658Z] claim W770N8638
[2025-09-07T08:34:24.060Z] reward withdraw +5.492555651115253568
[2025-09-07T08:34:24.060Z] reward set +4.0
[2025-09-07T08:34:24.805Z] error: cannot estimate gas; transaction may fail or may require manual gas limit [ See:
[2025-09-07T08:34:25.485Z] error: cannot estimate gas; transaction may fail or may require manual gas limit [ See:
[2025-09-07T08:34:26.819Z] claim W425N7690
[2025-09-07T08:34:27.527Z] reward set +2.0
[2025-09-07T08:34:29.271Z] claim E825S6429
[2025-09-07T08:34:30.040Z] error: cannot estimate gas; transaction may fail or may require manual gas limit [ See:
[2025-09-07T08:34:31.384Z] claim W753S1715
[2025-09-07T08:34:32.110Z] error: cannot estimate gas; transaction may fail or may require manual gas limit [ See:
[2025-09-07T08:34:32.879Z] error: cannot estimate gas; transaction may fail or may require manual gas limit [ See:
[2025-09-07T08:34:33.569Z] error: cannot estimate gas; transaction may fail or may require manual gas limit [ See:
[2025-09-07T08:34:35.599Z] reward withdraw +5.746277825557626784
[2025-09-07T08:34:35.600Z] reward set +4.0
[2025-09-07T08:34:36.432Z] error: cannot estimate gas; transaction may fail or may require manual gas limit [ See:
[2025-09-07T08:34:37.273Z] error: cannot estimate gas; transaction may fail or may require manual gas limit [ See:
[2025-09-07T08:34:39.781Z] reward withdraw +3.873138912778813392
[2025-09-07T08:34:39.782Z] reward set +2.0
[2025-09-07T08:34:40.896Z] error: cannot estimate gas; transaction may fail or may require manual gas limit [ See:
[2025-09-07T08:34:44.312Z] withdraw MESH +252.35
[2025-09-07T08:34:45.163Z] error: cannot estimate gas; transaction may fail or may require manual gas limit [ See:
[2025-09-07T08:34:46.027Z] error: cannot estimate gas; transaction may fail or may require manual gas limit [ See:
[2025-09-07T08:34:46.929Z] reward set +2.0
[2025-09-07T08:34:50.879Z] claim W358S913
[2025-09-07T08:34:51.721Z] error: cannot estimate gas; transaction may fail or may require manual gas limit [ See:
[2025-09-07T08:34:54.379Z] withdraw MESH +253.85
[2025-09-07T08:34:57.578Z] claim W527N2434
[2025-09-07T08:34:58.378Z] error: cannot estimate gas; transaction may fail or may require manual gas limit [ See:
[2025-09-07T08:34:59.224Z] error: cannot estimate gas; transaction may fail or may require manual gas limit [ See:
[2025-09-07T08:35:01.130Z] reward withdraw +3.436569456389406696
[2025-09-07T08:35:01.131Z] reward set +1.0
[2025-09-07T08:35:03.045Z] reward withdraw +2.718284728194703348
[2025-09-07T08:35:03.047Z] reward set +2.0
[2025-09-07T08:35:03.882Z] error: cannot estimate gas; transaction may fail or may require manual gas limit [ See:
[2025-09-07T08:35:04.858Z] reward set +3.0
[2025-09-07T08:35:09.505Z] claim E253S4206
[2025-09-07T08:35:10.385Z] error: cannot estimate gas; transaction may fail or may require manual gas limit [ See:
[2025-09-07T08:35:12.294Z] reward withdraw +4.859142364097351674
[2025-09-07T08:35:12.295Z] reward set +4.0
[2025-09-07T08:50:15.975Z] withdraw MESH +257.35
[2025-09-07T08:50:17.343Z] reward withdraw +2.929571182048675837
[2025-09-07T08:50:17.344Z] reward set +1.0
[2025-09-07T08:50:18.334Z] reward withdraw +3.464785591024337918
[2025-09-07T08:50:18.335Z] reward set +4.0
[2025-09-07T08:50:19.978Z] claim W68N7528
[2025-09-07T08:50:21.050Z] reward withdraw +2.732392795512168959
[2025-09-07T08:50:21.050Z] reward set +2.0
[2025-09-07T08:50:21.726Z] error: cannot estimate gas; transaction may fail or may require manual gas limit [ See:
[2025-09-07T08:50:22.413Z] error: cannot estimate gas; transaction may fail or may require manual gas limit [ See:
[2025-09-07T08:50:23.588Z] withdraw MESH +277.75
[2025-09-07T08:50:24.472Z] error: cannot estimate gas; transaction may fail or may require manual gas limit [ See:
[2025-09-07T08:50:25.295Z] error: cannot estimate gas; transaction may fail or may require manual gas limit [ See:
[2025-09-07T08:50:26.441Z] error: cannot estimate gas; transaction may fail or may require manual gas limit [ See:
[2025-09-07T08:50:30.237Z] claim W636N2484
[2025-09-07T08:50:31.109Z] error: cannot estimate gas; transaction may fail or may require manual gas limit [ See:
[2025-09-07T08:50:34.052Z] claim E77N1563
[2025-09-07T08:50:34.936Z] error: cannot estimate gas; transaction may fail or may require manual gas limit [ See:
[2025-09-07T08:50:37.673Z] claim W29S8802
[2025-09-07T08:50:38.567Z] error: cannot estimate gas; transaction may fail or may require manual gas limit [ See:
[2025-09-07T08:50:39.549Z] error: cannot estimate gas; transaction may fail or may require manual gas limit [ See:
[2025-09-07T08:50:40.361Z] error: cannot estimate gas; transaction may fail or may require manual gas limit [ See:
[2025-09-07T08:50:43.055Z] withdraw MESH +226.8
[2025-09-07T08:50:44.003Z] reward set +2.0
[2025-09-07T08:50:44.844Z] error: cannot estimate gas; transaction may fail or may require manual gas limit [ See:
[2025-09-07T08:50:45.757Z] reward set +4.0
[2025-09-07T08:50:48.658Z] withdraw MESH +226.8
[2025-09-07T08:50:49.564Z] error: cannot estimate gas; transaction may fail or may require manual gas limit [ See:
[2025-09-07T08:50:50.384Z] error: cannot estimate gas; transaction may fail or may require manual gas limit [ See:
[2025-09-07T08:50:51.210Z] error: cannot estimate gas; transaction may fail or may require manual gas limit [ See:
[2025-09-07T08:50:52.057Z] error: cannot estimate gas; transaction may fail or may require manual gas limit [ See:
[2025-09-07T08:50:52.900Z] error: cannot estimate gas; transaction may fail or may require manual gas limit [ See:
[2025-09-07T08:50:55.576Z] withdraw MESH +226.8
[2025-09-07T08:50:56.788Z] error: cannot estimate gas; transaction may fail or may require manual gas limit [ See:
[2025-09-07T08:50:57.604Z] error: cannot estimate gas; transaction may fail or may require manual gas limit [ See:
[2025-09-07T08:50:58.450Z] error: cannot estimate gas; transaction may fail or may require manual gas limit [ See:
[2025-09-07T08:50:59.287Z] error: cannot estimate gas; transaction may fail or may require manual gas limit [ See:
[2025-09-07T08:51:02.333Z] claim W911N7774
[2025-09-07T08:51:03.150Z] error: cannot estimate gas; transaction may fail or may require manual gas limit [ See:
[2025-09-07T08:51:07.114Z] claim E675S3747
[2025-09-07T08:51:08.206Z] error: cannot estimate gas; transaction may fail or may require manual gas limit [ See:
[2025-09-07T08:51:09.068Z] error: cannot estimate gas; transaction may fail or may require manual gas limit [ See:
[2025-09-07T08:51:10.051Z] error: cannot estimate gas; transaction may fail or may require manual gas limit [ See:
[2025-09-07T08:51:10.971Z] reward set +3.0
[2025-09-07T09:06:12.425Z] error: other side closed
[2025-09-07T09:06:13.207Z] error: cannot estimate gas; transaction may fail or may require manual gas limit [ See:
[2025-09-07T09:06:13.883Z] error: cannot estimate gas; transaction may fail or may require manual gas limit [ See:
[2025-09-07T09:06:14.564Z] error: cannot estimate gas; transaction may fail or may require manual gas limit [ See:
[2025-09-07T09:06:16.068Z] withdraw MESH +229.8
[2025-09-07T09:06:16.763Z] error: cannot estimate gas; transaction may fail or may require manual gas limit [ See:
[2025-09-07T09:06:17.454Z] error: cannot estimate gas; transaction may fail or may require manual gas limit [ See:
[2025-09-07T09:06:18.723Z] claim E200S5888
[2025-09-07T09:06:19.914Z] reward withdraw +6.86619639775608448
[2025-09-07T09:06:19.914Z] reward set +2.0
[2025-09-07T09:06:20.835Z] reward withdraw +4.43309819887804224
[2025-09-07T09:06:20.835Z] reward set +2.0
[2025-09-07T09:06:21.528Z] error: cannot estimate gas; transaction may fail or may require manual gas limit [ See:
[2025-09-07T09:06:22.308Z] error: cannot estimate gas; transaction may fail or may require manual gas limit [ See:
[2025-09-07T09:06:23.161Z] error: cannot estimate gas; transaction may fail or may require manual gas limit [ See:
[2025-09-07T09:06:24.106Z] reward set +3.0
[2025-09-07T09:06:24.957Z] error: cannot estimate gas; transaction may fail or may require manual gas limit [ See:
[2025-09-07T09:06:25.797Z] error: cannot estimate gas; transaction may fail or may require manual gas limit [ See:
[2025-09-07T09:06:26.651Z] error: cannot estimate gas; transaction may fail or may require manual gas limit [ See:
[2025-09-07T09:06:27.485Z] error: cannot estimate gas; transaction may fail or may require manual gas limit [ See:
[2025-09-07T09:06:30.224Z] withdraw MESH +231.3
[2025-09-07T09:06:31.057Z] error: cannot estimate gas; transaction may fail or may require manual gas limit [ See:
[2025-09-07T09:06:33.712Z] withdraw MESH +231.3
[2025-09-07T09:06:34.622Z] error: cannot estimate gas; transaction may fail or may require manual gas limit [ See:
[2025-09-07T09:06:37.501Z] claim W297N8743
[2025-09-07T09:06:40.529Z] claim E347S6440
[2025-09-07T09:06:42.212Z] reward withdraw +4.21654909943902112
[2025-09-07T09:06:42.213Z] reward set +1.0
[2025-09-07T09:06:43.155Z] error: cannot estimate gas; transaction may fail or may require manual gas limit [ See:
[2025-09-07T09:06:44.016Z] error: cannot estimate gas; transaction may fail or may require manual gas limit [ See:
[2025-09-07T09:06:45.845Z] reward withdraw +2.60827454971951056
[2025-09-07T09:06:45.848Z] reward set +1.0
[2025-09-07T09:06:50.136Z] withdraw MESH +273.35
[2025-09-07T09:06:52.543Z] reward withdraw +3.80413727485975528
[2025-09-07T09:06:52.544Z] reward set +5.0
[2025-09-07T09:06:53.396Z] error: cannot estimate gas; transaction may fail or may require manual gas limit [ See:
[2025-09-07T09:06:54.265Z] error: cannot estimate gas; transaction may fail or may require manual gas limit [ See:
[2025-09-07T09:06:56.086Z] reward withdraw +3.40206863742987764
[2025-09-07T09:06:56.088Z] reward set +3.0
[2025-09-07T09:06:56.998Z] error: cannot estimate gas; transaction may fail or may require manual gas limit [ See:
[2025-09-07T09:07:01.129Z] claim E91N2623
[2025-09-07T09:07:01.978Z] error: cannot estimate gas; transaction may fail or may require manual gas limit [ See:
[2025-09-07T09:07:02.857Z] error: cannot estimate gas; transaction may fail or may require manual gas limit [ See:
[2025-09-07T09:17:13.565Z] error: cannot estimate gas; transaction may fail or may require manual gas limit [ See:
[2025-09-07T09:17:14.259Z] error: cannot estimate gas; transaction may fail or may require manual gas limit [ See:
[2025-09-07T09:17:15.416Z] reward withdraw +4.20103431871493882
[2025-09-07T09:17:15.417Z] reward set +5.0
[2025-09-07T09:17:16.352Z] reward withdraw +3.60051715935746941
[2025-09-07T09:17:16.353Z] reward set +3.0
[2025-09-07T09:17:17.059Z] reward set +5.0
[2025-09-07T09:17:18.425Z] withdraw MESH +294.625
[2025-09-07T09:17:19.105Z] error: cannot estimate gas; transaction may fail or may require manual gas limit [ See:
[2025-09-07T09:17:19.779Z] error: cannot estimate gas; transaction may fail or may require manual gas limit [ See:
[2025-09-07T09:17:20.712Z] reward withdraw +6.800258579678734705
[2025-09-07T09:17:20.712Z] reward set +5.0
[2025-09-07T09:17:21.470Z] error: cannot estimate gas; transaction may fail or may require manual gas limit [ See:
[2025-09-07T09:17:22.895Z] withdraw MESH +235.8
[2025-09-07T09:17:25.161Z] reward withdraw +5.900129289839367352
[2025-09-07T09:17:25.162Z] reward set +5.0
[2025-09-07T09:17:26.051Z] error: cannot estimate gas; transaction may fail or may require manual gas limit [ See:
[2025-09-07T09:17:27.976Z] reward withdraw +3.450064644919683676
[2025-09-07T09:17:27.977Z] reward set +1.0
[2025-09-07T09:17:28.795Z] error: cannot estimate gas; transaction may fail or may require manual gas limit [ See:
[2025-09-07T09:17:31.654Z] claim W149S629
[2025-09-07T09:17:32.942Z] error: cannot estimate gas; transaction may fail or may require manual gas limit [ See:
[2025-09-07T09:17:34.414Z] error: cannot estimate gas; transaction may fail or may require manual gas limit [ See:
[2025-09-07T09:17:35.414Z] reward set +4.0
[2025-09-07T09:17:38.759Z] withdraw MESH +237.3
[2025-09-07T09:17:40.907Z] reward withdraw +6.225032322459841838
[2025-09-07T09:17:40.908Z] reward set +5.0
[2025-09-07T09:17:41.763Z] error: cannot estimate gas; transaction may fail or may require manual gas limit [ See:
[2025-09-07T09:17:42.588Z] error: cannot estimate gas; transaction may fail or may require manual gas limit [ See:
[2025-09-07T09:17:43.500Z] error: cannot estimate gas; transaction may fail or may require manual gas limit [ See:
[2025-09-07T09:17:46.557Z] claim E432S2047
[2025-09-07T09:17:47.454Z] error: cannot estimate gas; transaction may fail or may require manual gas limit [ See:
[2025-09-07T09:17:48.309Z] error: cannot estimate gas; transaction may fail or may require manual gas limit [ See:
[2025-09-07T09:17:50.250Z] reward withdraw +4.612516161229920919
[2025-09-07T09:17:50.252Z] reward set +3.0
[2025-09-07T09:17:52.189Z] reward withdraw +3.30625808061496046
[2025-09-07T09:17:52.190Z] reward set +2.0
[2025-09-07T09:17:53.093Z] reward set +3.0
[2025-09-07T09:17:53.990Z] reward set +1.0
[2025-09-07T09:17:56.656Z] withdraw MESH +238.8
[2025-09-07T09:17:57.559Z] reward set +5.0
[2025-09-07T09:17:58.455Z] reward set +3.0
[2025-09-07T09:18:00.283Z] reward withdraw +8.15312904030748023
[2025-09-07T09:18:00.284Z] reward set +1.0
[2025-09-07T09:18:01.246Z] reward set +4.0
[2025-09-07T09:18:02.098Z] error: cannot estimate gas; transaction may fail or may require manual gas limit [ See:
[2025-09-07T09:18:04.870Z] withdraw MESH +278.6
[2025-09-07T09:18:05.710Z] error: cannot estimate gas; transaction may fail or may require manual gas limit [ See:
[2025-09-07T09:18:06.556Z] error: cannot estimate gas; transaction may fail or may require manual gas limit [ See:
[2025-09-07T09:18:07.555Z] error: cannot estimate gas; transaction may fail or may require manual gas limit [ See:
[2025-09-07T09:18:08.388Z] error: cannot estimate gas; transaction may fail or may require manual gas limit [ See:
[2025-09-07T09:18:09.319Z] reward set +3.0
[2025-09-07T09:18:12.008Z] withdraw MESH +238.8
[2025-09-07T09:18:13.880Z] reward withdraw +10.076564520153740115
[2025-09-07T09:18:13.882Z] reward set +5.0
[2025-09-07T09:18:14.700Z] error: cannot estimate gas; transaction may fail or may require manual gas limit [ See:
[2025-09-07T09:18:15.585Z] error: cannot estimate gas; transaction may fail or may require manual gas limit [ See:
[2025-09-07T09:18:16.422Z] error: cannot estimate gas; transaction may fail or may require manual gas limit [ See:
[2025-09-07T09:18:17.243Z] error: cannot estimate gas; transaction may fail or may require manual gas limit [ See:
[2025-09-07T09:18:18.299Z] reward set +1.0
[2025-09-07T09:18:19.810Z] reward set +3.0
[2025-09-07T09:18:25.364Z] claim E591S7538
[2025-09-07T09:18:26.281Z] error: cannot estimate gas; transaction may fail or may require manual gas limit [ See:
[2025-09-07T09:18:27.118Z] error: cannot estimate gas; transaction may fail or may require manual gas limit [ See:
[2025-09-07T09:18:31.450Z] claim E941N627
[2025-09-07T09:18:33.363Z] reward withdraw +9.538282260076870057
[2025-09-07T09:18:33.365Z] reward set +5.0
[2025-09-07T09:18:35.406Z] reward withdraw +6.769141130038435029
[2025-09-07T09:18:35.407Z] reward set +4.0
[2025-09-07T09:18:36.264Z] error: cannot estimate gas; transaction may fail or may require manual gas limit [ See:
[2025-09-07T09:18:39.316Z] withdraw MESH +317.05
[2025-09-07T09:18:42.419Z] claim W291N8429
[2025-09-07T09:18:43.271Z] error: cannot estimate gas; transaction may fail or may require manual gas limit [ See:
[2025-09-07T09:18:44.331Z] error: cannot estimate gas; transaction may fail or may require manual gas limit [ See:
[2025-09-07T09:18:47.438Z] claim W425S3174
[2025-09-07T09:18:49.218Z] reward withdraw +4.384570565019217514
[2025-09-07T09:18:49.219Z] reward set +2.0
[2025-09-07T09:18:51.988Z] withdraw MESH +244.8
[2025-09-07T09:18:56.199Z] claim E67S6524
[2025-09-07T09:18:57.163Z] error: cannot estimate gas; transaction may fail or may require manual gas limit [ See:
[2025-09-07T09:18:58.003Z] error: cannot estimate gas; transaction may fail or may require manual gas limit [ See:
[2025-09-07T09:18:58.867Z] error: cannot estimate gas; transaction may fail or may require manual gas limit [ See:
[2025-09-07T09:18:59.849Z] error: cannot estimate gas; transaction may fail or may require manual gas limit [ See:
[2025-09-07T09:19:04.360Z] claim E92N8710
[2025-09-07T09:19:05.374Z] reward set +4.0
[2025-09-07T09:19:06.228Z] error: cannot estimate gas; transaction may fail or may require manual gas limit [ See:
[2025-09-07T09:19:07.093Z] error: cannot estimate gas; transaction may fail or may require manual gas limit [ See:
[2025-09-07T09:19:10.002Z] withdraw MESH +309.625
[2025-09-07T09:19:10.971Z] error: cannot estimate gas; transaction may fail or may require manual gas limit [ See:
[2025-09-07T09:19:11.796Z] error: cannot estimate gas; transaction may fail or may require manual gas limit [ See:
[2025-09-07T09:19:15.330Z] claim E267S3608
[2025-09-07T09:19:16.422Z] reward set +4.0
[2025-09-07T09:19:19.135Z] withdraw MESH +249.3
[2025-09-07T09:19:19.973Z] error: cannot estimate gas; transaction may fail or may require manual gas limit [ See:
[2025-09-07T09:19:20.896Z] reward set +2.0
[2025-09-07T09:19:21.736Z] error: cannot estimate gas; transaction may fail or may require manual gas limit [ See:
[2025-09-07T09:19:24.457Z] withdraw MESH +249.3
[2025-09-07T09:19:27.465Z] claim W166N3789
[2025-09-07T09:19:28.406Z] error: cannot estimate gas; transaction may fail or may require manual gas limit [ See:
[2025-09-07T09:19:32.229Z] claim E686N7183
[2025-09-07T09:19:35.719Z] withdraw MESH +294.1
[2025-09-07T09:19:36.571Z] error: cannot estimate gas; transaction may fail or may require manual gas limit [ See:
[2025-09-07T09:19:37.409Z] error: cannot estimate gas; transaction may fail or may require manual gas limit [ See:
[2025-09-07T09:19:38.326Z] reward set +4.0
[2025-09-07T09:19:40.171Z] reward withdraw +10.692285282509608757
[2025-09-07T09:19:40.173Z] reward set +3.0
[2025-09-07T09:19:43.700Z] claim W30N8802
[2025-09-07T09:19:44.798Z] error: cannot estimate gas; transaction may fail or may require manual gas limit [ See:
[2025-09-07T09:19:45.976Z] reward set +4.0
[2025-09-07T09:19:46.945Z] reward set +3.0
[2025-09-07T09:19:50.313Z] withdraw MESH +253.8
[2025-09-07T09:19:53.245Z] claim W744S1228
[2025-09-07T09:19:56.315Z] claim W711N4030
[2025-09-07T09:19:57.259Z] reward set +3.0
[2025-09-07T09:19:58.219Z] reward set +4.0
[2025-09-07T09:20:01.300Z] withdraw MESH +256.8
[2025-09-07T09:20:02.218Z] error: cannot estimate gas; transaction may fail or may require manual gas limit [ See:
[2025-09-07T09:20:03.135Z] error: cannot estimate gas; transaction may fail or may require manual gas limit [ See:
[2025-09-07T09:20:05.996Z] claim W487N8024
[2025-09-07T09:20:09.550Z] claim W802N2844
[2025-09-07T09:20:10.398Z] error: cannot estimate gas; transaction may fail or may require manual gas limit [ See:
[2025-09-07T09:20:11.336Z] reward set +3.0
[2025-09-07T09:20:13.144Z] reward withdraw +14.346142641254804379
[2025-09-07T09:20:13.145Z] reward set +1.0
[2025-09-07T09:20:16.376Z] claim E345N1016
[2025-09-07T09:20:17.226Z] error: cannot estimate gas; transaction may fail or may require manual gas limit [ See:
[2025-09-07T09:20:18.396Z] reward set +3.0
[2025-09-07T09:20:19.366Z] error: cannot estimate gas; transaction may fail or may require manual gas limit [ See:
[2025-09-07T09:20:21.634Z] reward withdraw +9.673071320627402189
[2025-09-07T09:20:21.636Z] reward set +2.0
[2025-09-07T09:20:24.220Z] reward withdraw +5.336535660313701095
[2025-09-07T09:20:24.221Z] reward set +1.0
[2025-09-07T09:20:26.249Z] reward withdraw +3.668267830156850547
[2025-09-07T09:20:26.250Z] reward set +2.0
[2025-09-07T09:20:28.087Z] reward withdraw +2.334133915078425274
[2025-09-07T09:20:28.088Z] reward set +1.0
[2025-09-07T09:20:29.100Z] error: cannot estimate gas; transaction may fail or may require manual gas limit [ See:
[2025-09-07T09:20:32.030Z] withdraw MESH +304.85
[2025-09-07T09:20:33.889Z] reward withdraw +2.167066957539212637
[2025-09-07T09:20:33.890Z] reward set +2.0
[2025-09-07T09:20:36.952Z] claim W72S4480
[2025-09-07T09:35:38.375Z] error: other side closed
[2025-09-07T09:35:39.092Z] reward set +4.0
[2025-09-07T09:35:39.782Z] error: cannot estimate gas; transaction may fail or may require manual gas limit [ See:
[2025-09-07T09:35:41.129Z] withdraw MESH +262.8
[2025-09-07T09:35:41.829Z] error: cannot estimate gas; transaction may fail or may require manual gas limit [ See:
[2025-09-07T09:35:42.519Z] error: cannot estimate gas; transaction may fail or may require manual gas limit [ See:
[2025-09-07T09:35:43.233Z] reward set +1.0
[2025-09-07T09:35:43.973Z] error: cannot estimate gas; transaction may fail or may require manual gas limit [ See:
[2025-09-07T09:35:44.934Z] reward withdraw +4.583533478769606318
[2025-09-07T09:35:44.935Z] reward set +2.0
[2025-09-07T09:35:46.256Z] claim E20N5897
[2025-09-07T09:35:46.936Z] error: cannot estimate gas; transaction may fail or may require manual gas limit [ See:
[2025-09-07T09:35:47.628Z] error: cannot estimate gas; transaction may fail or may require manual gas limit [ See:
[2025-09-07T09:35:49.234Z] reward withdraw +3.291766739384803159
[2025-09-07T09:35:49.235Z] reward set +2.0
[2025-09-07T09:35:51.195Z] reward withdraw +2.14588336969240158
[2025-09-07T09:35:51.198Z] reward set +1.0
[2025-09-07T09:35:52.202Z] error: cannot estimate gas; transaction may fail or may require manual gas limit [ See:
[2025-09-07T09:35:53.953Z] reward withdraw +3.07294168484620079
[2025-09-07T09:35:53.955Z] reward set +4.0
[2025-09-07T09:35:56.137Z] reward withdraw +2.536470842423100395
[2025-09-07T09:35:56.139Z] reward set +2.0
[2025-09-07T09:35:58.797Z] reward withdraw +3.768235421211550197
[2025-09-07T09:35:58.798Z] reward set +5.0
[2025-09-07T09:36:03.561Z] claim W968N5788
[2025-09-07T09:36:06.304Z] withdraw MESH +331.875
[2025-09-07T09:36:09.077Z] withdraw MESH +265.8
[2025-09-07T09:36:09.899Z] error: cannot estimate gas; transaction may fail or may require manual gas limit [ See:
[2025-09-07T09:36:10.779Z] error: cannot estimate gas; transaction may fail or may require manual gas limit [ See:
[2025-09-07T09:36:11.865Z] reward set +4.0
[2025-09-07T09:36:15.960Z] claim W755S5055
[2025-09-07T09:36:16.801Z] error: cannot estimate gas; transaction may fail or may require manual gas limit [ See:
[2025-09-07T09:36:17.652Z] error: cannot estimate gas; transaction may fail or may require manual gas limit [ See:
[2025-09-07T09:36:20.189Z] withdraw MESH +311.6
[2025-09-07T09:36:22.565Z] reward withdraw +4.884117710605775099
[2025-09-07T09:36:22.566Z] reward set +2.0
[2025-09-07T09:36:23.403Z] error: cannot estimate gas; transaction may fail or may require manual gas limit [ See:
[2025-09-07T09:36:26.581Z] claim W185S2938
[2025-09-07T09:51:29.052Z] error: Headers Timeout Error
[2025-09-07T09:51:30.879Z] reward set +1.0
[2025-09-07T09:51:31.623Z] error: cannot estimate gas; transaction may fail or may require manual gas limit [ See:
[2025-09-07T09:51:33.030Z] withdraw MESH +268.8
[2025-09-07T09:51:33.843Z] error: cannot estimate gas; transaction may fail or may require manual gas limit [ See:
[2025-09-07T09:51:34.598Z] error: cannot estimate gas; transaction may fail or may require manual gas limit [ See:
[2025-09-07T09:51:35.298Z] error: cannot estimate gas; transaction may fail or may require manual gas limit [ See:
[2025-09-07T09:51:36.388Z] reward withdraw +4.942058855302887549
[2025-09-07T09:51:36.389Z] reward set +4.0
[2025-09-07T09:51:37.072Z] error: cannot estimate gas; transaction may fail or may require manual gas limit [ See:
[2025-09-07T09:51:37.843Z] error: cannot estimate gas; transaction may fail or may require manual gas limit [ See:
[2025-09-07T09:51:39.826Z] claim W563N4180
[2025-09-07T09:51:40.741Z] error: cannot estimate gas; transaction may fail or may require manual gas limit [ See:
[2025-09-07T09:51:41.595Z] error: cannot estimate gas; transaction may fail or may require manual gas limit [ See:
[2025-09-07T09:51:42.445Z] error: cannot estimate gas; transaction may fail or may require manual gas limit [ See:
[2025-09-07T09:51:45.191Z] withdraw MESH +315.35
[2025-09-07T09:51:46.140Z] error: cannot estimate gas; transaction may fail or may require manual gas limit [ See:
[2025-09-07T09:51:46.990Z] error: cannot estimate gas; transaction may fail or may require manual gas limit [ See:
[2025-09-07T09:51:47.925Z] error: cannot estimate gas; transaction may fail or may require manual gas limit [ See:
[2025-09-07T09:51:50.974Z] withdraw MESH +270.3
[2025-09-07T09:51:51.818Z] error: cannot estimate gas; transaction may fail or may require manual gas limit [ See:
[2025-09-07T09:51:52.651Z] error: cannot estimate gas; transaction may fail or may require manual gas limit [ See:
[2025-09-07T09:51:53.600Z] reward set +2.0
[2025-09-07T09:51:57.733Z] claim E571N4145
[2025-09-07T09:52:02.119Z] claim E339S4224
[2025-09-07T09:52:04.472Z] withdraw MESH +341.125
[2025-09-07T09:52:06.303Z] reward withdraw +3.971029427651443775
[2025-09-07T09:52:06.305Z] reward set +1.0
[2025-09-07T09:52:07.211Z] error: cannot estimate gas; transaction may fail or may require manual gas limit [ See:
[2025-09-07T09:52:11.128Z] withdraw MESH +318.85
[2025-09-07T09:52:12.533Z] error: cannot estimate gas; transaction may fail or may require manual gas limit [ See:
[2025-09-07T09:52:13.419Z] error: cannot estimate gas; transaction may fail or may require manual gas limit [ See:
[2025-09-07T09:52:14.391Z] error: cannot estimate gas; transaction may fail or may require manual gas limit [ See:
[2025-09-07T09:52:15.247Z] error: cannot estimate gas; transaction may fail or may require manual gas limit [ See:
[2025-09-07T09:52:16.222Z] error: cannot estimate gas; transaction may fail or may require manual gas limit [ See:
[2025-09-07T09:52:20.267Z] claim E391N7200
[2025-09-07T09:52:23.000Z] withdraw MESH +343.375
[2025-09-07T10:07:24.567Z] error: other side closed
[2025-09-07T10:07:25.406Z] error: cannot estimate gas; transaction may fail or may require manual gas limit [ See:
[2025-09-07T10:07:26.403Z] reward withdraw +3.485514713825721887
[2025-09-07T10:07:26.404Z] reward set +3.0
[2025-09-07T10:07:27.802Z] withdraw MESH +274.8
[2025-09-07T10:07:28.486Z] error: cannot estimate gas; transaction may fail or may require manual gas limit [ See:
[2025-09-07T10:07:29.232Z] error: cannot estimate gas; transaction may fail or may require manual gas limit [ See:
[2025-09-07T10:07:30.088Z] error: cannot estimate gas; transaction may fail or may require manual gas limit [ See:
[2025-09-07T10:07:30.866Z] reward set +3.0
[2025-09-07T10:07:31.565Z] reward set +4.0
[2025-09-07T10:07:32.492Z] reward withdraw +5.742757356912860944
[2025-09-07T10:07:32.492Z] reward set +1.0
[2025-09-07T10:07:33.837Z] withdraw MESH +274.8
[2025-09-07T10:07:34.583Z] error: cannot estimate gas; transaction may fail or may require manual gas limit [ See:
[2025-09-07T10:07:36.548Z] reward withdraw +5.371378678456430472
[2025-09-07T10:07:36.549Z] reward set +5.0
[2025-09-07T10:07:37.390Z] error: cannot estimate gas; transaction may fail or may require manual gas limit [ See:
[2025-09-07T10:07:38.273Z] error: cannot estimate gas; transaction may fail or may require manual gas limit [ See:
[2025-09-07T10:07:39.095Z] error: cannot estimate gas; transaction may fail or may require manual gas limit [ See:
[2025-09-07T10:07:39.939Z] error: cannot estimate gas; transaction may fail or may require manual gas limit [ See:
[2025-09-07T10:07:43.003Z] withdraw MESH +274.8
[2025-09-07T10:07:44.117Z] error: cannot estimate gas; transaction may fail or may require manual gas limit [ See:
[2025-09-07T10:07:48.026Z] withdraw MESH +274.8
[2025-09-07T10:07:48.856Z] error: cannot estimate gas; transaction may fail or may require manual gas limit [ See:
[2025-09-07T10:07:49.780Z] error: cannot estimate gas; transaction may fail or may require manual gas limit [ See:
[2025-09-07T10:07:50.688Z] reward set +2.0
[2025-09-07T10:07:51.525Z] error: cannot estimate gas; transaction may fail or may require manual gas limit [ See:
[2025-09-07T10:07:52.547Z] error: cannot estimate gas; transaction may fail or may require manual gas limit [ See:
[2025-09-07T10:07:53.382Z] error: cannot estimate gas; transaction may fail or may require manual gas limit [ See:
[2025-09-07T10:07:54.309Z] error: cannot estimate gas; transaction may fail or may require manual gas limit [ See:
[2025-09-07T10:07:55.251Z] reward set +3.0
[2025-09-07T10:07:56.402Z] reward set +4.0
[2025-09-07T10:07:57.226Z] error: cannot estimate gas; transaction may fail or may require manual gas limit [ See:
[2025-09-07T10:07:59.962Z] withdraw MESH +274.8
[2025-09-07T10:08:02.815Z] claim W742N6089
[2025-09-07T10:08:03.643Z] error: cannot estimate gas; transaction may fail or may require manual gas limit [ See:
[2025-09-07T10:08:04.463Z] error: cannot estimate gas; transaction may fail or may require manual gas limit [ See:
[2025-09-07T10:08:06.300Z] reward withdraw +8.685689339228215236
[2025-09-07T10:08:06.302Z] reward set +3.0
[2025-09-07T10:08:07.195Z] error: cannot estimate gas; transaction may fail or may require manual gas limit [ See:
[2025-09-07T10:08:08.246Z] reward set +2.0
[2025-09-07T10:08:12.079Z] claim E98S790
[2025-09-07T10:18:14.778Z] error: Headers Timeout Error
[2025-09-07T10:18:16.951Z] claim W206S4263
[2025-09-07T10:18:18.175Z] withdraw MESH +360.5125
[2025-09-07T10:18:18.882Z] reward set +3.0
[2025-09-07T10:18:19.644Z] error: cannot estimate gas; transaction may fail or may require manual gas limit [ See:
[2025-09-07T10:18:20.356Z] error: cannot estimate gas; transaction may fail or may require manual gas limit [ See:
[2025-09-07T10:18:21.057Z] error: cannot estimate gas; transaction may fail or may require manual gas limit [ See:
[2025-09-07T10:18:21.996Z] reward withdraw +7.842844669614107618
[2025-09-07T10:18:21.997Z] reward set +2.0
[2025-09-07T10:18:23.272Z] withdraw MESH +279.3
[2025-09-07T10:18:24.002Z] error: cannot estimate gas; transaction may fail or may require manual gas limit [ See:
[2025-09-07T10:18:24.819Z] error: cannot estimate gas; transaction may fail or may require manual gas limit [ See:
[2025-09-07T10:18:30.043Z] claim W662N1620
[2025-09-07T10:18:30.889Z] error: cannot estimate gas; transaction may fail or may require manual gas limit [ See:
[2025-09-07T10:18:33.517Z] withdraw MESH +327.35
[2025-09-07T10:18:34.427Z] reward set +2.0
[2025-09-07T10:18:37.233Z] claim W545S6481
[2025-09-07T10:18:38.061Z] error: cannot estimate gas; transaction may fail or may require manual gas limit [ See:
[2025-09-07T10:18:40.770Z] withdraw MESH +282.3
[2025-09-07T10:18:41.599Z] error: cannot estimate gas; transaction may fail or may require manual gas limit [ See:
[2025-09-07T10:18:42.518Z] reward set +2.0
[2025-09-07T10:18:45.343Z] claim W776S8684
[2025-09-07T10:18:49.022Z] claim E426N1469
[2025-09-07T10:18:51.833Z] claim W50S290
[2025-09-07T10:18:53.693Z] reward withdraw +7.421422334807053809
[2025-09-07T10:18:53.694Z] reward set +3.0
[2025-09-07T10:18:55.429Z] reward withdraw +4.710711167403526904
[2025-09-07T10:18:55.430Z] reward set +2.0
[2025-09-07T10:18:56.324Z] error: cannot estimate gas; transaction may fail or may require manual gas limit [ See:
[2025-09-07T10:19:02.664Z] claim W755N706
[2025-09-07T10:19:05.741Z] withdraw MESH +336.1
[2025-09-07T10:19:07.746Z] reward withdraw +3.355355583701763452
[2025-09-07T10:19:07.747Z] reward set +2.0
[2025-09-07T10:19:08.599Z] error: cannot estimate gas; transaction may fail or may require manual gas limit [ See:
[2025-09-07T10:19:09.441Z] error: cannot estimate gas; transaction may fail or may require manual gas limit [ See:
[2025-09-07T10:19:12.348Z] withdraw MESH +288.3
[2025-09-07T10:19:13.303Z] error: cannot estimate gas; transaction may fail or may require manual gas limit [ See:
[2025-09-07T10:19:16.144Z] withdraw MESH +288.3
[2025-09-07T10:19:16.965Z] error: cannot estimate gas; transaction may fail or may require manual gas limit [ See:
[2025-09-07T10:19:18.839Z] reward withdraw +2.177677791850881726
[2025-09-07T10:19:18.841Z] reward set +1.0
[2025-09-07T10:19:19.775Z] reward set +2.0
[2025-09-07T10:19:21.639Z] reward withdraw +4.088838895925440863
[2025-09-07T10:19:21.640Z] reward set +4.0
[2025-09-07T10:19:23.532Z] reward withdraw +3.044419447962720432
[2025-09-07T10:19:23.534Z] reward set +2.0
[2025-09-07T10:19:26.501Z] claim E928S1922
[2025-09-07T10:19:27.422Z] error: cannot estimate gas; transaction may fail or may require manual gas limit [ See:
[2025-09-07T10:19:29.304Z] reward withdraw +2.522209723981360216
[2025-09-07T10:19:29.306Z] reward set +2.0
[2025-09-07T10:19:32.706Z] withdraw MESH +289.8
[2025-09-07T10:19:35.417Z] withdraw MESH +289.8
[2025-09-07T10:19:36.255Z] error: cannot estimate gas; transaction may fail or may require manual gas limit [ See:
[2025-09-07T10:19:38.002Z] reward withdraw +2.261104861990680108
[2025-09-07T10:19:38.003Z] reward set +2.0
[2025-09-07T10:19:38.869Z] error: cannot estimate gas; transaction may fail or may require manual gas limit [ See:
[2025-09-07T10:19:39.696Z] error: cannot estimate gas; transaction may fail or may require manual gas limit [ See:
[2025-09-07T10:19:40.790Z] error: cannot estimate gas; transaction may fail or may require manual gas limit [ See:
[2025-09-07T10:19:45.086Z] withdraw MESH +289.8
[2025-09-07T10:19:48.105Z] claim W687N1718
[2025-09-07T10:19:48.945Z] error: cannot estimate gas; transaction may fail or may require manual gas limit [ See:
[2025-09-07T10:19:49.902Z] error: cannot estimate gas; transaction may fail or may require manual gas limit [ See:
[2025-09-07T10:19:50.846Z] reward set +3.0
[2025-09-07T10:19:54.842Z] claim W912S938
[2025-09-07T10:19:55.788Z] reward set +5.0
[2025-09-07T10:19:56.623Z] error: cannot estimate gas; transaction may fail or may require manual gas limit [ See:
[2025-09-07T10:19:57.460Z] error: cannot estimate gas; transaction may fail or may require manual gas limit [ See:
[2025-09-07T10:19:58.327Z] error: cannot estimate gas; transaction may fail or may require manual gas limit [ See:
[2025-09-07T10:19:59.156Z] error: cannot estimate gas; transaction may fail or may require manual gas limit [ See:
[2025-09-07T10:20:01.973Z] withdraw MESH +365.875
[2025-09-07T10:20:02.814Z] error: cannot estimate gas; transaction may fail or may require manual gas limit [ See:
[2025-09-07T10:20:04.520Z] reward withdraw +7.630552430995340054
[2025-09-07T10:20:04.522Z] reward set +5.0
[2025-09-07T10:20:05.344Z] error: cannot estimate gas; transaction may fail or may require manual gas limit [ See:
[2025-09-07T10:20:06.207Z] error: cannot estimate gas; transaction may fail or may require manual gas limit [ See:
[2025-09-07T10:20:07.144Z] reward set +1.0
[2025-09-07T10:20:10.962Z] claim E219N1145
[2025-09-07T10:20:12.929Z] reward withdraw +6.815276215497670027
[2025-09-07T10:20:12.931Z] reward set +5.0
[2025-09-07T10:20:14.745Z] reward withdraw +5.407638107748835013
[2025-09-07T10:20:14.746Z] reward set +4.0
[2025-09-07T10:20:15.708Z] error: cannot estimate gas; transaction may fail or may require manual gas limit [ See:
[2025-09-07T10:20:19.980Z] claim E528S2400
[2025-09-07T10:20:21.276Z] reward set +1.0
[2025-09-07T10:20:25.363Z] withdraw MESH +369.625
[2025-09-07T10:20:26.224Z] error: cannot estimate gas; transaction may fail or may require manual gas limit [ See:
[2025-09-07T10:20:28.199Z] reward withdraw +4.203819053874417507
[2025-09-07T10:20:28.200Z] reward set +2.0
[2025-09-07T10:20:29.043Z] error: cannot estimate gas; transaction may fail or may require manual gas limit [ See:
[2025-09-07T10:20:30.104Z] reward set +5.0
[2025-09-07T10:20:30.949Z] error: cannot estimate gas; transaction may fail or may require manual gas limit [ See:
[2025-09-07T10:20:31.838Z] error: cannot estimate gas; transaction may fail or may require manual gas limit [ See:
[2025-09-07T10:20:32.677Z] error: cannot estimate gas; transaction may fail or may require manual gas limit [ See:
[2025-09-07T10:20:34.698Z] reward withdraw +5.601909526937208753
[2025-09-07T10:20:34.699Z] reward set +2.0
[2025-09-07T10:20:37.831Z] withdraw MESH +295.8
[2025-09-07T10:20:38.654Z] error: cannot estimate gas; transaction may fail or may require manual gas limit [ See:
[2025-09-07T10:20:39.643Z] error: cannot estimate gas; transaction may fail or may require manual gas limit [ See:
[2025-09-07T10:20:42.570Z] withdraw MESH +295.8
[2025-09-07T10:20:43.562Z] error: cannot estimate gas; transaction may fail or may require manual gas limit [ See:
[2025-09-07T10:20:44.443Z] error: cannot estimate gas; transaction may fail or may require manual gas limit [ See:
[2025-09-07T10:20:45.342Z] reward set +1.0
[2025-09-07T10:20:47.471Z] reward withdraw +3.800954763468604377
[2025-09-07T10:20:47.472Z] reward set +1.0
[2025-09-07T10:20:48.395Z] reward set +1.0
[2025-09-07T10:20:50.327Z] reward withdraw +3.900477381734302188
[2025-09-07T10:20:50.328Z] reward set +3.0
[2025-09-07T10:20:52.949Z] withdraw MESH +295.8
[2025-09-07T10:20:53.872Z] reward set +4.0
[2025-09-07T10:20:54.794Z] error: cannot estimate gas; transaction may fail or may require manual gas limit [ See:
[2025-09-07T10:20:56.741Z] reward withdraw +4.450238690867151094
[2025-09-07T10:20:56.743Z] reward set +1.0
[2025-09-07T10:21:00.360Z] claim E722S3438
[2025-09-07T10:21:02.166Z] reward withdraw +4.725119345433575547
[2025-09-07T10:21:02.167Z] reward set +5.0
[2025-09-07T10:21:04.946Z] withdraw MESH +297.3
[2025-09-07T10:21:05.795Z] error: cannot estimate gas; transaction may fail or may require manual gas limit [ See:
[2025-09-07T10:21:06.751Z] error: cannot estimate gas; transaction may fail or may require manual gas limit [ See:
[2025-09-07T10:21:07.611Z] error: cannot estimate gas; transaction may fail or may require manual gas limit [ See:
[2025-09-07T10:21:08.751Z] reward set +3.0
[2025-09-07T10:21:09.977Z] error: cannot estimate gas; transaction may fail or may require manual gas limit [ See:
[2025-09-07T10:21:13.854Z] withdraw MESH +297.3
[2025-09-07T10:21:14.833Z] error: cannot estimate gas; transaction may fail or may require manual gas limit [ See:
[2025-09-07T10:21:16.068Z] reward set +2.0
[2025-09-07T10:21:16.888Z] error: cannot estimate gas; transaction may fail or may require manual gas limit [ See:
[2025-09-07T10:21:17.773Z] error: cannot estimate gas; transaction may fail or may require manual gas limit [ See:
[2025-09-07T10:21:18.684Z] error: cannot estimate gas; transaction may fail or may require manual gas limit [ See:
[2025-09-07T10:21:20.748Z] reward withdraw +5.862559672716787774
[2025-09-07T10:21:20.749Z] reward set +2.0
[2025-09-07T10:21:22.595Z] reward withdraw +3.431279836358393887
[2025-09-07T10:21:22.596Z] reward set +1.0
[2025-09-07T10:21:23.593Z] reward set +1.0
[2025-09-07T10:21:26.629Z] withdraw MESH +346.85
[2025-09-07T10:21:27.575Z] error: cannot estimate gas; transaction may fail or may require manual gas limit [ See:
[2025-09-07T10:21:28.422Z] error: cannot estimate gas; transaction may fail or may require manual gas limit [ See:
[2025-09-07T10:21:31.562Z] claim W785N6794
[2025-09-07T10:21:33.545Z] reward withdraw +2.715639918179196943
[2025-09-07T10:21:33.546Z] reward set +1.0
[2025-09-07T10:21:36.684Z] claim E529S2121
[2025-09-07T10:21:37.528Z] error: cannot estimate gas; transaction may fail or may require manual gas limit [ See:
[2025-09-07T10:21:39.395Z] reward withdraw +1.857819959089598472
[2025-09-07T10:21:39.396Z] reward set +1.0
[2025-09-07T10:21:41.291Z] reward withdraw +2.928909979544799236
[2025-09-07T10:21:41.292Z] reward set +4.0
[2025-09-07T10:21:42.381Z] error: cannot estimate gas; transaction may fail or may require manual gas limit [ See:
[2025-09-07T10:21:43.265Z] error: cannot estimate gas; transaction may fail or may require manual gas limit [ See:
[2025-09-07T10:21:46.855Z] withdraw MESH +300.3
[2025-09-07T10:21:47.691Z] error: cannot estimate gas; transaction may fail or may require manual gas limit [ See:
[2025-09-07T10:21:49.596Z] reward withdraw +3.964454989772399618
[2025-09-07T10:21:49.597Z] reward set +5.0
[2025-09-07T10:21:50.499Z] reward set +2.0
[2025-09-07T10:21:55.976Z] claim W730S7989
[2025-09-07T10:21:57.077Z] reward set +1.0
[2025-09-07T10:22:02.704Z] claim W489S1366
[2025-09-07T10:22:03.682Z] reward set +2.0
[2025-09-07T10:22:04.854Z] reward set +5.0
[2025-09-07T10:22:05.706Z] error: cannot estimate gas; transaction may fail or may require manual gas limit [ See:
[2025-09-07T10:22:07.528Z] reward withdraw +7.982227494886199809
[2025-09-07T10:22:07.529Z] reward set +2.0
[2025-09-07T10:22:12.253Z] claim W384S7799
[2025-09-07T10:22:13.135Z] error: cannot estimate gas; transaction may fail or may require manual gas limit [ See:
[2025-09-07T10:22:15.985Z] withdraw MESH +402.928125
[2025-09-07T10:37:18.081Z] error: cannot estimate gas; transaction may fail or may require manual gas limit [ See:
