[2025-09-08T04:56:12.378Z] Start single-user TUI: user=0x3C44CdDdB6a900fa2b585dd299e03d12FA4293BC
[2025-09-08T04:56:12.680Z] âœ… ðŸ†•æ–°ç½‘æ ¼ ClaimMesh(E97N3640) | â›½gas=283243 | ðŸ’°æŠ¥ä»·=0.0 | ðŸ“Šç”³è¯· 0->1 | ðŸ”¥çƒ­åº¦ 0.0->1.0 | ðŸ’¼ä½™é¢ 0.0->0.0 (Î”0.0) | ðŸ”¥ç‡ƒçƒ§: claim=0.0 decay=0.0 æ€»Î”=18.313677227497100832
[2025-09-08T04:56:13.707Z] âœ… ðŸ’¸ withdraw æˆåŠŸ | â›½gas=198903 | ðŸ’¼ä½™é¢ 0.0->9.872801778838038445 (Î”9.872801778838038445) | ðŸ”¥ç‡ƒçƒ§: claim=0.0 decay=0.0 æ€»Î”=24.18768996149301529
[2025-09-08T04:56:14.675Z] âœ… ðŸ†•æ–°ç½‘æ ¼ ClaimMesh(E554S1581) | â›½gas=322498 | ðŸ’°æŠ¥ä»·=0.0 | ðŸ“Šç”³è¯· 0->1 | ðŸ”¥çƒ­åº¦ 0.0->1.0 | ðŸ’¼ä½™é¢ 9.872801778838038445->9.872801778838038445 (Î”0.0) | ðŸ”¥ç‡ƒçƒ§: claim=0.0 decay=0.0 æ€»Î”=2.0
[2025-09-08T04:56:15.536Z] â¸ï¸ è·³è¿‡withdraw | ä¸ç¬¦åˆæ¡ä»¶ (æƒé‡=6.0 ä¸Šæ¬¡å¤„ç†=28 å½“å‰=28)
[2025-09-08T04:56:16.584Z] âœ… ðŸ”„äºŒæ¬¡è®¤é¢† ClaimMesh(W990S2284) | â›½gas=305506 | ðŸ’°æŠ¥ä»·=0.0 | ðŸ“Šç”³è¯· 0->1 | ðŸ”¥çƒ­åº¦ 0.0->1.0 | ðŸ’¼ä½™é¢ 20.997801778838038445->20.997801778838038445 (Î”0.0) | ðŸ”¥ç‡ƒçƒ§: claim=0.0 decay=0.0 æ€»Î”=4.0
[2025-09-08T04:56:17.700Z] âœ… ðŸ’¸ withdraw æˆåŠŸ | â›½gas=171543 | ðŸ’¼ä½™é¢ 20.997801778838038445->36.622801778838038445 (Î”15.625) | ðŸ”¥ç‡ƒçƒ§: claim=0.0 decay=0.0 æ€»Î”=17.1
[2025-09-08T04:56:18.695Z] âœ… ðŸ’¸ withdraw æˆåŠŸ | â›½gas=166950 | ðŸ’¼ä½™é¢ 36.622801778838038445->48.622801778838038445 (Î”12.0) | ðŸ”¥ç‡ƒçƒ§: claim=0.0 decay=0.0 æ€»Î”=3.2
[2025-09-08T04:56:19.574Z] â¸ï¸ è·³è¿‡withdraw | ä¸ç¬¦åˆæ¡ä»¶ (æƒé‡=8.0 ä¸Šæ¬¡å¤„ç†=32 å½“å‰=32)
[2025-09-08T04:56:20.722Z] âœ… ðŸ”„äºŒæ¬¡è®¤é¢† ClaimMesh(W889N4255) | â›½gas=288322 | ðŸ’°æŠ¥ä»·=0.0 | ðŸ“Šç”³è¯· 0->1 | ðŸ”¥çƒ­åº¦ 0.0->1.0 | ðŸ’¼ä½™é¢ 48.622801778838038445->48.622801778838038445 (Î”0.0) | ðŸ”¥ç‡ƒçƒ§: claim=0.0 decay=0.0 æ€»Î”=19.299859142303466796
[2025-09-08T04:56:21.817Z] âœ… ðŸ’¸ withdraw æˆåŠŸ | â›½gas=152702 | ðŸ’¼ä½™é¢ 48.622801778838038445->65.997801778838038445 (Î”17.375) | ðŸ”¥ç‡ƒçƒ§: claim=0.0 decay=0.0 æ€»Î”=18.1
[2025-09-08T04:56:22.822Z] âœ… ðŸ†•æ–°ç½‘æ ¼ ClaimMesh(E439S308) | â›½gas=287072 | ðŸ’°æŠ¥ä»·=0.0 | ðŸ“Šç”³è¯· 0->1 | ðŸ”¥çƒ­åº¦ 0.0->1.0 | ðŸ’¼ä½™é¢ 65.997801778838038445->65.997801778838038445 (Î”0.0) | ðŸ”¥ç‡ƒçƒ§: claim=0.0 decay=0.0 æ€»Î”=3.6
[2025-09-08T04:56:23.816Z] âœ… ðŸ’¸ withdraw æˆåŠŸ | â›½gas=148203 | ðŸ’¼ä½™é¢ 65.997801778838038445->84.622801778838038445 (Î”18.625) | ðŸ”¥ç‡ƒçƒ§: claim=0.0 decay=0.0 æ€»Î”=12.7
[2025-09-08T04:56:24.916Z] â¸ï¸ è·³è¿‡withdraw | ä¸ç¬¦åˆæ¡ä»¶ (æƒé‡=10.0 ä¸Šæ¬¡å¤„ç†=38 å½“å‰=38)
[2025-09-08T04:56:25.915Z] âœ… ðŸ†•æ–°ç½‘æ ¼ ClaimMesh(W258N2407) | â›½gas=225494 | ðŸ’°æŠ¥ä»·=0.0 | ðŸ“Šç”³è¯· 0->1 | ðŸ”¥çƒ­åº¦ 0.0->1.0 | ðŸ’¼ä½™é¢ 114.622801778838038445->114.622801778838038445 (Î”0.0) | ðŸ”¥ç‡ƒçƒ§: claim=0.0 decay=0.0 æ€»Î”=0.0
[2025-09-08T04:56:26.970Z] âœ… ðŸ†•æ–°ç½‘æ ¼ ClaimMesh(E956S8833) | â›½gas=322498 | ðŸ’°æŠ¥ä»·=0.0 | ðŸ“Šç”³è¯· 0->1 | ðŸ”¥çƒ­åº¦ 0.0->1.0 | ðŸ’¼ä½™é¢ 114.622801778838038445->114.622801778838038445 (Î”0.0) | ðŸ”¥ç‡ƒçƒ§: claim=0.0 decay=0.0 æ€»Î”=4.4
[2025-09-08T04:56:27.953Z] âœ… ðŸ’¸ withdraw æˆåŠŸ | â›½gas=146961 | ðŸ’¼ä½™é¢ 114.622801778838038445->135.372801778838038445 (Î”20.75) | ðŸ”¥ç‡ƒçƒ§: claim=0.0 decay=0.0 æ€»Î”=7.0
[2025-09-08T04:56:29.022Z] âœ… ðŸ’¸ withdraw æˆåŠŸ | â›½gas=155489 | ðŸ’¼ä½™é¢ 135.372801778838038445->153.372801778838038445 (Î”18.0) | ðŸ”¥ç‡ƒçƒ§: claim=0.0 decay=0.0 æ€»Î”=4.8
[2025-09-08T04:56:30.038Z] âœ… ðŸ”„äºŒæ¬¡è®¤é¢† ClaimMesh(E338S3400) | â›½gas=225470 | ðŸ’°æŠ¥ä»·=0.0 | ðŸ“Šç”³è¯· 0->1 | ðŸ”¥çƒ­åº¦ 0.0->1.0 | ðŸ’¼ä½™é¢ 153.372801778838038445->153.372801778838038445 (Î”0.0) | ðŸ”¥ç‡ƒçƒ§: claim=0.0 decay=0.0 æ€»Î”=0.0
[2025-09-08T04:56:40.705Z] â¸ï¸ è·³è¿‡withdraw | ä¸ç¬¦åˆæ¡ä»¶ (æƒé‡=13.0 ä¸Šæ¬¡å¤„ç†=41 å½“å‰=41)
[2025-09-08T04:56:41.732Z] âœ… ðŸ’¸ withdraw æˆåŠŸ | â›½gas=184229 | ðŸ’¼ä½™é¢ 153.372801778838038445->176.122801778838038445 (Î”22.75) | ðŸ”¥ç‡ƒçƒ§: claim=0.0 decay=0.0 æ€»Î”=13.0
[2025-09-08T04:56:42.633Z] â¸ï¸ è·³è¿‡withdraw | ä¸ç¬¦åˆæ¡ä»¶ (æƒé‡=13.0 ä¸Šæ¬¡å¤„ç†=43 å½“å‰=43)
[2025-09-08T04:56:43.703Z] âœ… ðŸ”„äºŒæ¬¡è®¤é¢† ClaimMesh(W574N3212) | â›½gas=288322 | ðŸ’°æŠ¥ä»·=0.0 | ðŸ“Šç”³è¯· 0->1 | ðŸ”¥çƒ­åº¦ 0.0->1.0 | ðŸ’¼ä½™é¢ 176.122801778838038445->176.122801778838038445 (Î”0.0) | ðŸ”¥ç‡ƒçƒ§: claim=0.0 decay=0.0 æ€»Î”=5.2
[2025-09-08T04:56:44.821Z] âœ… ðŸ†•æ–°ç½‘æ ¼ ClaimMesh(W869N585) | â›½gas=301106 | ðŸ’°æŠ¥ä»·=0.0 | ðŸ“Šç”³è¯· 0->1 | ðŸ”¥çƒ­åº¦ 0.0->1.0 | ðŸ’¼ä½™é¢ 176.122801778838038445->176.122801778838038445 (Î”0.0) | ðŸ”¥ç‡ƒçƒ§: claim=0.0 decay=0.0 æ€»Î”=28.35
[2025-09-08T04:56:45.794Z] âœ… ðŸ’¸ withdraw æˆåŠŸ | â›½gas=148203 | ðŸ’¼ä½™é¢ 176.122801778838038445->205.638426778838038445 (Î”29.515625) | ðŸ”¥ç‡ƒçƒ§: claim=0.0 decay=0.0 æ€»Î”=22.8375
[2025-09-08T04:56:46.684Z] â¸ï¸ è·³è¿‡withdraw | ä¸ç¬¦åˆæ¡ä»¶ (æƒé‡=15.0 ä¸Šæ¬¡å¤„ç†=48 å½“å‰=48)
[2025-09-08T04:56:47.678Z] âœ… ðŸ’¸ withdraw æˆåŠŸ | â›½gas=125910 | ðŸ’¼ä½™é¢ 228.138426778838038445->250.638426778838038445 (Î”22.5) | ðŸ”¥ç‡ƒçƒ§: claim=0.0 decay=0.0 æ€»Î”=6.0
[2025-09-08T04:56:48.706Z] âœ… ðŸ”„äºŒæ¬¡è®¤é¢† ClaimMesh(E835S671) | â›½gas=321272 | ðŸ’°æŠ¥ä»·=0.0 | ðŸ“Šç”³è¯· 0->1 | ðŸ”¥çƒ­åº¦ 0.0->1.0 | ðŸ’¼ä½™é¢ 250.638426778838038445->250.638426778838038445 (Î”0.0) | ðŸ”¥ç‡ƒçƒ§: claim=0.0 decay=0.0 æ€»Î”=6.0
[2025-09-08T04:56:49.776Z] âœ… ðŸ’¸ withdraw æˆåŠŸ | â›½gas=151460 | ðŸ’¼ä½™é¢ 250.638426778838038445->280.513426778838038445 (Î”29.875) | ðŸ”¥ç‡ƒçƒ§: claim=0.0 decay=0.0 æ€»Î”=20.5
[2025-09-08T04:56:50.763Z] âœ… ðŸ”„äºŒæ¬¡è®¤é¢† ClaimMesh(E473S2206) | â›½gas=276088 | ðŸ’°æŠ¥ä»·=1036.8 | ðŸ“Šç”³è¯· 1->2 | ðŸ”¥çƒ­åº¦ 1.0->1.2 | ðŸ’¼ä½™é¢ 280.513426778838038445->280.513426778838037725 (Î”-0.00000000000000072) | ðŸ”¥ç‡ƒçƒ§: claim=0.0 decay=0.0 æ€»Î”=6.40000000000000072
[2025-09-08T04:56:51.700Z] âœ… ðŸ’¸ withdraw æˆåŠŸ | â›½gas=114003 | ðŸ’¼ä½™é¢ 280.513426778838037725->312.613426778838037725 (Î”32.1) | ðŸ”¥ç‡ƒçƒ§: claim=0.0 decay=0.0 æ€»Î”=22.0
[2025-09-08T04:56:52.623Z] âœ… ðŸ’¸ withdraw æˆåŠŸ | â›½gas=169556 | ðŸ’¼ä½™é¢ 312.613426778838037725->338.413426778838037725 (Î”25.8) | ðŸ”¥ç‡ƒçƒ§: claim=0.0 decay=0.0 æ€»Î”=6.88
[2025-09-08T04:56:53.589Z] âœ… ðŸ’¸ withdraw æˆåŠŸ | â›½gas=125910 | ðŸ’¼ä½™é¢ 338.413426778838037725->364.213426778838037725 (Î”25.8) | ðŸ”¥ç‡ƒçƒ§: claim=0.0 decay=0.0 æ€»Î”=6.88
[2025-09-08T04:56:54.598Z] âœ… ðŸ†•æ–°ç½‘æ ¼ ClaimMesh(W184N8521) | â›½gas=322522 | ðŸ’°æŠ¥ä»·=0.0 | ðŸ“Šç”³è¯· 0->1 | ðŸ”¥çƒ­åº¦ 0.0->1.0 | ðŸ’¼ä½™é¢ 364.213426778838037725->364.213426778838037725 (Î”0.0) | ðŸ”¥ç‡ƒçƒ§: claim=0.0 decay=0.0 æ€»Î”=6.88
[2025-09-08T04:56:55.602Z] âœ… ðŸ†•æ–°ç½‘æ ¼ ClaimMesh(E93S6114) | â›½gas=273633 | ðŸ’°æŠ¥ä»·=0.0 | ðŸ“Šç”³è¯· 0->1 | ðŸ”¥çƒ­åº¦ 0.0->1.0 | ðŸ’¼ä½™é¢ 364.213426778838037725->364.213426778838037725 (Î”0.0) | ðŸ”¥ç‡ƒçƒ§: claim=0.0 decay=0.0 æ€»Î”=23.36
[2025-09-08T04:56:56.623Z] âœ… ðŸ’¸ withdraw æˆåŠŸ | â›½gas=171543 | ðŸ’¼ä½™é¢ 364.213426778838037725->402.188426778838037725 (Î”37.975) | ðŸ”¥ç‡ƒçƒ§: claim=0.0 decay=0.0 æ€»Î”=43.7
[2025-09-08T04:56:57.688Z] âœ… ðŸ”„äºŒæ¬¡è®¤é¢† ClaimMesh(E395S1931) | â›½gas=318166 | ðŸ’°æŠ¥ä»·=0.0 | ðŸ“Šç”³è¯· 0->1 | ðŸ”¥çƒ­åº¦ 0.0->1.0 | ðŸ’¼ä½™é¢ 402.188426778838037725->402.188426778838037725 (Î”0.0) | ðŸ”¥ç‡ƒçƒ§: claim=0.0 decay=0.0 æ€»Î”=19.2
[2025-09-08T04:56:58.703Z] âœ… ðŸ†•æ–°ç½‘æ ¼ ClaimMesh(E727S2532) | â›½gas=305398 | ðŸ’°æŠ¥ä»·=0.0 | ðŸ“Šç”³è¯· 0->1 | ðŸ”¥çƒ­åº¦ 0.0->1.0 | ðŸ’¼ä½™é¢ 402.188426778838037725->402.188426778838037725 (Î”0.0) | ðŸ”¥ç‡ƒçƒ§: claim=0.0 decay=0.0 æ€»Î”=13.84
[2025-09-08T04:56:59.775Z] âœ… ðŸ”„äºŒæ¬¡è®¤é¢† ClaimMesh(W785N2538) | â›½gas=285232 | ðŸ’°æŠ¥ä»·=0.0 | ðŸ“Šç”³è¯· 0->1 | ðŸ”¥çƒ­åº¦ 0.0->1.0 | ðŸ’¼ä½™é¢ 402.188426778838037725->402.188426778838037725 (Î”0.0) | ðŸ”¥ç‡ƒçƒ§: claim=0.0 decay=0.0 æ€»Î”=48.15
[2025-09-08T04:57:00.841Z] âœ… ðŸ”„äºŒæ¬¡è®¤é¢† ClaimMesh(E934S7109) | â›½gas=283966 | ðŸ’°æŠ¥ä»·=0.0 | ðŸ“Šç”³è¯· 0->1 | ðŸ”¥çƒ­åº¦ 0.0->1.0 | ðŸ’¼ä½™é¢ 402.188426778838037725->402.188426778838037725 (Î”0.0) | ðŸ”¥ç‡ƒçƒ§: claim=0.0 decay=0.0 æ€»Î”=34.6275
[2025-09-08T04:57:01.924Z] âœ… ðŸ”„äºŒæ¬¡è®¤é¢† ClaimMesh(W974S7052) | â›½gas=280074 | ðŸ’°æŠ¥ä»·=0.0 | ðŸ“Šç”³è¯· 0->1 | ðŸ”¥çƒ­åº¦ 0.0->1.0 | ðŸ’¼ä½™é¢ 402.188426778838037725->402.188426778838037725 (Î”0.0) | ðŸ”¥ç‡ƒçƒ§: claim=0.0 decay=0.0 æ€»Î”=36.296875
[2025-09-08T04:57:03.001Z] âœ… ðŸ’¸ withdraw æˆåŠŸ | â›½gas=171543 | ðŸ’¼ä½™é¢ 402.188426778838037725->450.420555685088037725 (Î”48.23212890625) | ðŸ”¥ç‡ƒçƒ§: claim=0.0 decay=0.0 æ€»Î”=57.139921875
[2025-09-08T04:57:03.888Z] â¸ï¸ è·³è¿‡withdraw | ä¸ç¬¦åˆæ¡ä»¶ (æƒé‡=24.2 ä¸Šæ¬¡å¤„ç†=67 å½“å‰=67)
[2025-09-08T04:57:04.892Z] âœ… ðŸ†•æ–°ç½‘æ ¼ ClaimMesh(E138S2396) | â›½gas=318166 | ðŸ’°æŠ¥ä»·=0.0 | ðŸ“Šç”³è¯· 0->1 | ðŸ”¥çƒ­åº¦ 0.0->1.0 | ðŸ’¼ä½™é¢ 450.420555685088037725->450.420555685088037725 (Î”0.0) | ðŸ”¥ç‡ƒçƒ§: claim=0.0 decay=0.0 æ€»Î”=24.2
[2025-09-08T04:57:05.904Z] âœ… ðŸ’¸ withdraw æˆåŠŸ | â›½gas=155876 | ðŸ’¼ä½™é¢ 450.420555685088037725->497.295555685088037725 (Î”46.875) | ðŸ”¥ç‡ƒçƒ§: claim=0.0 decay=0.0 æ€»Î”=17.34
[2025-09-08T04:57:06.899Z] âœ… ðŸ”„äºŒæ¬¡è®¤é¢† ClaimMesh(W51N6586) | â›½gas=223887 | ðŸ’°æŠ¥ä»·=0.0 | ðŸ“Šç”³è¯· 0->1 | ðŸ”¥çƒ­åº¦ 0.0->1.0 | ðŸ’¼ä½™é¢ 541.395555685088037725->541.395555685088037725 (Î”0.0) | ðŸ”¥ç‡ƒçƒ§: claim=0.0 decay=0.0 æ€»Î”=0.0
[2025-09-08T04:57:07.889Z] âœ… ðŸ’¸ withdraw æˆåŠŸ | â›½gas=183236 | ðŸ’¼ä½™é¢ 541.395555685088037725->580.695555685088037725 (Î”39.3) | ðŸ”¥ç‡ƒçƒ§: claim=0.0 decay=0.0 æ€»Î”=10.48
[2025-09-08T04:57:08.891Z] âœ… ðŸ’¸ withdraw æˆåŠŸ | â›½gas=155489 | ðŸ’¼ä½™é¢ 580.695555685088037725->619.995555685088037725 (Î”39.3) | ðŸ”¥ç‡ƒçƒ§: claim=0.0 decay=0.0 æ€»Î”=10.48
[2025-09-08T04:57:09.915Z] âœ… ðŸ”„äºŒæ¬¡è®¤é¢† ClaimMesh(E963N8679) | â›½gas=225386 | ðŸ’°æŠ¥ä»·=0.0 | ðŸ“Šç”³è¯· 0->1 | ðŸ”¥çƒ­åº¦ 0.0->1.0 | ðŸ’¼ä½™é¢ 619.995555685088037725->619.995555685088037725 (Î”0.0) | ðŸ”¥ç‡ƒçƒ§: claim=0.0 decay=0.0 æ€»Î”=0.0
[2025-09-08T04:57:10.858Z] âœ… ðŸ’¸ withdraw æˆåŠŸ | â›½gas=158095 | ðŸ’¼ä½™é¢ 619.995555685088037725->660.795555685088037725 (Î”40.8) | ðŸ”¥ç‡ƒçƒ§: claim=0.0 decay=0.0 æ€»Î”=10.88
[2025-09-08T04:57:11.804Z] âœ… ðŸ’¸ withdraw æˆåŠŸ | â›½gas=125910 | ðŸ’¼ä½™é¢ 660.795555685088037725->701.595555685088037725 (Î”40.8) | ðŸ”¥ç‡ƒçƒ§: claim=0.0 decay=0.0 æ€»Î”=10.88
[2025-09-08T04:57:12.803Z] âœ… ðŸ’¸ withdraw æˆåŠŸ | â›½gas=184229 | ðŸ’¼ä½™é¢ 701.595555685088037725->749.195555685088037725 (Î”47.6) | ðŸ”¥ç‡ƒçƒ§: claim=0.0 decay=0.0 æ€»Î”=27.2
[2025-09-08T04:57:13.825Z] âœ… ðŸ’¸ withdraw æˆåŠŸ | â›½gas=155489 | ðŸ’¼ä½™é¢ 749.195555685088037725->789.995555685088037725 (Î”40.8) | ðŸ”¥ç‡ƒçƒ§: claim=0.0 decay=0.0 æ€»Î”=115.678796860128641132
[2025-09-08T04:57:14.979Z] âœ… ðŸ”„äºŒæ¬¡è®¤é¢† ClaimMesh(W501N3133) | â›½gas=310148 | ðŸ’°æŠ¥ä»·=0.0 | ðŸ“Šç”³è¯· 0->1 | ðŸ”¥çƒ­åº¦ 0.0->1.0 | ðŸ’¼ä½™é¢ 789.995555685088037725->789.995555685088037725 (Î”0.0) | ðŸ”¥ç‡ƒçƒ§: claim=0.0 decay=0.0 æ€»Î”=10.88
[2025-09-08T04:57:16.010Z] âœ… ðŸ”„äºŒæ¬¡è®¤é¢† ClaimMesh(E502N316) | â›½gas=269888 | ðŸ’°æŠ¥ä»·=0.0 | ðŸ“Šç”³è¯· 0->1 | ðŸ”¥çƒ­åº¦ 0.0->1.0 | ðŸ’¼ä½™é¢ 789.995555685088037725->789.995555685088037725 (Î”0.0) | ðŸ”¥ç‡ƒçƒ§: claim=0.0 decay=0.0 æ€»Î”=16.72
[2025-09-08T04:57:16.950Z] âœ… ðŸ’¸ withdraw æˆåŠŸ | â›½gas=151460 | ðŸ’¼ä½™é¢ 789.995555685088037725->846.320555685088037725 (Î”56.325) | ðŸ”¥ç‡ƒçƒ§: claim=0.0 decay=0.0 æ€»Î”=41.74
[2025-09-08T04:57:17.933Z] âœ… ðŸ’¸ withdraw æˆåŠŸ | â›½gas=114761 | ðŸ’¼ä½™é¢ 846.320555685088037725->890.120555685088037725 (Î”43.8) | ðŸ”¥ç‡ƒçƒ§: claim=0.0 decay=0.0 æ€»Î”=11.68
[2025-09-08T04:57:18.919Z] âœ… ðŸ”„äºŒæ¬¡è®¤é¢† ClaimMesh(W426S5575) | â›½gas=297132 | ðŸ’°æŠ¥ä»·=0.0 | ðŸ“Šç”³è¯· 0->1 | ðŸ”¥çƒ­åº¦ 0.0->1.0 | ðŸ’¼ä½™é¢ 890.120555685088037725->890.120555685088037725 (Î”0.0) | ðŸ”¥ç‡ƒçƒ§: claim=0.0 decay=0.0 æ€»Î”=11.68
[2025-09-08T04:57:19.937Z] âœ… ðŸ”„äºŒæ¬¡è®¤é¢† ClaimMesh(W369S1911) | â›½gas=285316 | ðŸ’°æŠ¥ä»·=0.0 | ðŸ“Šç”³è¯· 0->1 | ðŸ”¥çƒ­åº¦ 0.0->1.0 | ðŸ’¼ä½™é¢ 890.120555685088037725->890.120555685088037725 (Î”0.0) | ðŸ”¥ç‡ƒçƒ§: claim=0.0 decay=0.0 æ€»Î”=61.56
[2025-09-08T04:57:21.062Z] âœ… ðŸ’¸ withdraw æˆåŠŸ | â›½gas=151460 | ðŸ’¼ä½™é¢ 890.120555685088037725->951.783055685088037725 (Î”61.6625) | ðŸ”¥ç‡ƒçƒ§: claim=0.0 decay=0.0 æ€»Î”=48.15
[2025-09-08T04:57:22.116Z] âœ… ðŸ’¸ withdraw æˆåŠŸ | â›½gas=114761 | ðŸ’¼ä½™é¢ 951.783055685088037725->998.583055685088037725 (Î”46.8) | ðŸ”¥ç‡ƒçƒ§: claim=0.0 decay=0.0 æ€»Î”=12.48
[2025-09-08T04:57:23.126Z] âœ… ðŸ”„äºŒæ¬¡è®¤é¢† ClaimMesh(W61S5522) | â›½gas=320999 | ðŸ’°æŠ¥ä»·=0.0 | ðŸ“Šç”³è¯· 0->1 | ðŸ”¥çƒ­åº¦ 0.0->1.0 | ðŸ’¼ä½™é¢ 998.583055685088037725->998.583055685088037725 (Î”0.0) | ðŸ”¥ç‡ƒçƒ§: claim=0.0 decay=0.0 æ€»Î”=12.48
[2025-09-08T04:57:34.543Z] âœ… ðŸ”„äºŒæ¬¡è®¤é¢† ClaimMesh(E981N7118) | â›½gas=275840 | ðŸ’°æŠ¥ä»·=0.0 | ðŸ“Šç”³è¯· 0->1 | ðŸ”¥çƒ­åº¦ 0.0->1.0 | ðŸ’¼ä½™é¢ 998.583055685088037725->998.583055685088037725 (Î”0.0) | ðŸ”¥ç‡ƒçƒ§: claim=0.0 decay=0.0 æ€»Î”=19.12
[2025-09-08T04:57:35.712Z] âœ… ðŸ’¸ withdraw æˆåŠŸ | â›½gas=148203 | ðŸ’¼ä½™é¢ 998.583055685088037725->1062.658055685088037725 (Î”64.075) | ðŸ”¥ç‡ƒçƒ§: claim=0.0 decay=0.0 æ€»Î”=56.539267578125
[2025-09-08T04:57:36.698Z] âœ… ðŸ’¸ withdraw æˆåŠŸ | â›½gas=155489 | ðŸ’¼ä½™é¢ 1062.658055685088037725->1112.458055685088037725 (Î”49.8) | ðŸ”¥ç‡ƒçƒ§: claim=0.0 decay=0.0 æ€»Î”=13.28
[2025-09-08T04:57:37.699Z] âœ… ðŸ”„äºŒæ¬¡è®¤é¢† ClaimMesh(W794N7292) | â›½gas=322522 | ðŸ’°æŠ¥ä»·=0.0 | ðŸ“Šç”³è¯· 0->1 | ðŸ”¥çƒ­åº¦ 0.0->1.0 | ðŸ’¼ä½™é¢ 1112.458055685088037725->1112.458055685088037725 (Î”0.0) | ðŸ”¥ç‡ƒçƒ§: claim=0.0 decay=0.0 æ€»Î”=13.28
[2025-09-08T04:57:38.706Z] âœ… ðŸ†•æ–°ç½‘æ ¼ ClaimMesh(W466S1778) | â›½gas=298416 | ðŸ’°æŠ¥ä»·=0.0 | ðŸ“Šç”³è¯· 0->1 | ðŸ”¥çƒ­åº¦ 0.0->1.0 | ðŸ’¼ä½™é¢ 1112.458055685088037725->1112.458055685088037725 (Î”0.0) | ðŸ”¥ç‡ƒçƒ§: claim=0.0 decay=0.0 æ€»Î”=69.76
[2025-09-08T04:57:39.689Z] âœ… ðŸ”„äºŒæ¬¡è®¤é¢† ClaimMesh(W160S7864) | â›½gas=309548 | ðŸ’°æŠ¥ä»·=0.0 | ðŸ“Šç”³è¯· 0->1 | ðŸ”¥çƒ­åº¦ 0.0->1.0 | ðŸ’¼ä½™é¢ 1112.458055685088037725->1112.458055685088037725 (Î”0.0) | ðŸ”¥ç‡ƒçƒ§: claim=0.0 decay=0.0 æ€»Î”=54.4
[2025-09-08T04:57:40.784Z] âœ… ðŸ”„äºŒæ¬¡è®¤é¢† ClaimMesh(E255S6312) | â›½gas=275240 | ðŸ’°æŠ¥ä»·=0.0 | ðŸ“Šç”³è¯· 0->1 | ðŸ”¥çƒ­åº¦ 0.0->1.0 | ðŸ’¼ä½™é¢ 1112.458055685088037725->1112.458055685088037725 (Î”0.0) | ðŸ”¥ç‡ƒçƒ§: claim=0.0 decay=0.0 æ€»Î”=56.84
[2025-09-08T04:57:41.860Z] âœ… ðŸ’¸ withdraw æˆåŠŸ | â›½gas=151460 | ðŸ’¼ä½™é¢ 1112.458055685088037725->1186.495555685088037725 (Î”74.0375) | ðŸ”¥ç‡ƒçƒ§: claim=0.0 decay=0.0 æ€»Î”=58.65
[2025-09-08T04:57:42.914Z] âœ… ðŸ’¸ withdraw æˆåŠŸ | â›½gas=158095 | ðŸ’¼ä½™é¢ 1186.495555685088037725->1242.295555685088037725 (Î”55.8) | ðŸ”¥ç‡ƒçƒ§: claim=0.0 decay=0.0 æ€»Î”=14.88
[2025-09-08T04:57:43.934Z] âœ… ðŸ”„äºŒæ¬¡è®¤é¢† ClaimMesh(E713S2746) | â›½gas=322498 | ðŸ’°æŠ¥ä»·=0.0 | ðŸ“Šç”³è¯· 0->1 | ðŸ”¥çƒ­åº¦ 0.0->1.0 | ðŸ’¼ä½™é¢ 1242.295555685088037725->1242.295555685088037725 (Î”0.0) | ðŸ”¥ç‡ƒçƒ§: claim=0.0 decay=0.0 æ€»Î”=14.88
[2025-09-08T04:57:44.967Z] âœ… ðŸ†•æ–°ç½‘æ ¼ ClaimMesh(W52S7515) | â›½gas=269699 | ðŸ’°æŠ¥ä»·=0.0 | ðŸ“Šç”³è¯· 0->1 | ðŸ”¥çƒ­åº¦ 0.0->1.0 | ðŸ’¼ä½™é¢ 1242.295555685088037725->1242.295555685088037725 (Î”0.0) | ðŸ”¥ç‡ƒçƒ§: claim=0.0 decay=0.0 æ€»Î”=22.72
[2025-09-08T04:57:54.026Z] âœ… ðŸ†•æ–°ç½‘æ ¼ ClaimMesh(W548S8129) | â›½gas=309548 | ðŸ’°æŠ¥ä»·=0.0 | ðŸ“Šç”³è¯· 0->1 | ðŸ”¥çƒ­åº¦ 0.0->1.0 | ðŸ’¼ä½™é¢ 1242.295555685088037725->1242.295555685088037725 (Î”0.0) | ðŸ”¥ç‡ƒçƒ§: claim=0.0 decay=0.0 æ€»Î”=159.440006103515625
[2025-09-08T04:57:55.215Z] âœ… ðŸ’¸ withdraw æˆåŠŸ | â›½gas=154264 | ðŸ’¼ä½™é¢ 1242.295555685088037725->1321.770555685088037725 (Î”79.475) | ðŸ”¥ç‡ƒçƒ§: claim=0.0 decay=0.0 æ€»Î”=62.1
[2025-09-08T04:57:56.303Z] âœ… ðŸ†•æ–°ç½‘æ ¼ ClaimMesh(E432S3071) | â›½gas=314166 | ðŸ’°æŠ¥ä»·=0.0 | ðŸ“Šç”³è¯· 0->1 | ðŸ”¥çƒ­åº¦ 0.0->1.0 | ðŸ’¼ä½™é¢ 1321.770555685088037725->1321.770555685088037725 (Î”0.0) | ðŸ”¥ç‡ƒçƒ§: claim=0.0 decay=0.0 æ€»Î”=40.2
[2025-09-08T04:57:57.339Z] âœ… ðŸ†•æ–°ç½‘æ ¼ ClaimMesh(W977N2785) | â›½gas=283990 | ðŸ’°æŠ¥ä»·=0.0 | ðŸ“Šç”³è¯· 0->1 | ðŸ”¥çƒ­åº¦ 0.0->1.0 | ðŸ’¼ä½™é¢ 1321.770555685088037725->1321.770555685088037725 (Î”0.0) | ðŸ”¥ç‡ƒçƒ§: claim=0.0 decay=0.0 æ€»Î”=59.29
[2025-09-08T04:57:58.315Z] âœ… ðŸ”„äºŒæ¬¡è®¤é¢† ClaimMesh(E32N1362) | â›½gas=312433 | ðŸ’°æŠ¥ä»·=0.0 | ðŸ“Šç”³è¯· 0->1 | ðŸ”¥çƒ­åº¦ 0.0->1.0 | ðŸ’¼ä½™é¢ 1405.229930685088037725->1405.229930685088037725 (Î”0.0) | ðŸ”¥ç‡ƒçƒ§: claim=0.0 decay=0.0 æ€»Î”=17.28
[2025-09-08T04:57:59.186Z] â¸ï¸ è·³è¿‡withdraw | ä¸ç¬¦åˆæ¡ä»¶ (æƒé‡=44.2 ä¸Šæ¬¡å¤„ç†=105 å½“å‰=105)
[2025-09-08T04:58:00.297Z] âœ… ðŸ’¸ withdraw æˆåŠŸ | â›½gas=155489 | ðŸ’¼ä½™é¢ 1487.979930685088037725->1554.279930685088037725 (Î”66.3) | ðŸ”¥ç‡ƒçƒ§: claim=0.0 decay=0.0 æ€»Î”=17.68
[2025-09-08T04:58:01.391Z] âœ… ðŸ”„äºŒæ¬¡è®¤é¢† ClaimMesh(W879S1614) | â›½gas=322606 | ðŸ’°æŠ¥ä»·=0.0 | ðŸ“Šç”³è¯· 0->1 | ðŸ”¥çƒ­åº¦ 0.0->1.0 | ðŸ’¼ä½™é¢ 1554.279930685088037725->1554.279930685088037725 (Î”0.0) | ðŸ”¥ç‡ƒçƒ§: claim=0.0 decay=0.0 æ€»Î”=17.68
[2025-09-08T04:58:02.331Z] âœ… ðŸ’¸ withdraw æˆåŠŸ | â›½gas=148203 | ðŸ’¼ä½™é¢ 1554.279930685088037725->1638.904930685088037725 (Î”84.625) | ðŸ”¥ç‡ƒçƒ§: claim=0.0 decay=0.0 æ€»Î”=58.46
[2025-09-08T04:58:03.226Z] â¸ï¸ è·³è¿‡withdraw | ä¸ç¬¦åˆæ¡ä»¶ (æƒé‡=45.2 ä¸Šæ¬¡å¤„ç†=108 å½“å‰=108)
[2025-09-08T04:58:04.174Z] âœ… ðŸ’¸ withdraw æˆåŠŸ | â›½gas=158095 | ðŸ’¼ä½™é¢ 1638.904930685088037725->1706.704930685088037725 (Î”67.8) | ðŸ”¥ç‡ƒçƒ§: claim=0.0 decay=0.0 æ€»Î”=18.08
[2025-09-08T04:58:05.140Z] âœ… ðŸ†•æ–°ç½‘æ ¼ ClaimMesh(W669S6643) | â›½gas=310232 | ðŸ’°æŠ¥ä»·=0.0 | ðŸ“Šç”³è¯· 0->1 | ðŸ”¥çƒ­åº¦ 0.0->1.0 | ðŸ’¼ä½™é¢ 1706.704930685088037725->1706.704930685088037725 (Î”0.0) | ðŸ”¥ç‡ƒçƒ§: claim=0.0 decay=0.0 æ€»Î”=18.08
[2025-09-08T04:58:06.145Z] âœ… ðŸ”„äºŒæ¬¡è®¤é¢† ClaimMesh(W900N427) | â›½gas=282764 | ðŸ’°æŠ¥ä»·=0.0 | ðŸ“Šç”³è¯· 0->1 | ðŸ”¥çƒ­åº¦ 0.0->1.0 | ðŸ’¼ä½™é¢ 1706.704930685088037725->1706.704930685088037725 (Î”0.0) | ðŸ”¥ç‡ƒçƒ§: claim=0.0 decay=0.0 æ€»Î”=59.76
[2025-09-08T04:58:07.214Z] âœ… ðŸ†•æ–°ç½‘æ ¼ ClaimMesh(E607S6217) | â›½gas=275240 | ðŸ’°æŠ¥ä»·=0.0 | ðŸ“Šç”³è¯· 0->1 | ðŸ”¥çƒ­åº¦ 0.0->1.0 | ðŸ’¼ä½™é¢ 1706.704930685088037725->1706.704930685088037725 (Î”0.0) | ðŸ”¥ç‡ƒçƒ§: claim=0.0 decay=0.0 æ€»Î”=71.38
[2025-09-08T04:58:08.374Z] âœ… ðŸ’¸ withdraw æˆåŠŸ | â›½gas=183236 | ðŸ’¼ä½™é¢ 1802.423680685088037725->1874.723680685088037725 (Î”72.3) | ðŸ”¥ç‡ƒçƒ§: claim=0.0 decay=0.0 æ€»Î”=19.28
[2025-09-08T04:58:09.370Z] âœ… ðŸ’¸ withdraw æˆåŠŸ | â›½gas=183236 | ðŸ’¼ä½™é¢ 1874.723680685088037725->1948.523680685088037725 (Î”73.8) | ðŸ”¥ç‡ƒçƒ§: claim=0.0 decay=0.0 æ€»Î”=19.68
[2025-09-08T04:58:10.468Z] âœ… ðŸ’¸ withdraw æˆåŠŸ | â›½gas=158095 | ðŸ’¼ä½™é¢ 1948.523680685088037725->2022.323680685088037725 (Î”73.8) | ðŸ”¥ç‡ƒçƒ§: claim=0.0 decay=0.0 æ€»Î”=19.68
[2025-09-08T04:58:11.541Z] âœ… ðŸ†•æ–°ç½‘æ ¼ ClaimMesh(E984N1475) | â›½gas=322414 | ðŸ’°æŠ¥ä»·=0.0 | ðŸ“Šç”³è¯· 0->1 | ðŸ”¥çƒ­åº¦ 0.0->1.0 | ðŸ’¼ä½™é¢ 2022.323680685088037725->2022.323680685088037725 (Î”0.0) | ðŸ”¥ç‡ƒçƒ§: claim=0.0 decay=0.0 æ€»Î”=19.68
[2025-09-08T04:58:12.512Z] âœ… ðŸ’¸ withdraw æˆåŠŸ | â›½gas=171543 | ðŸ’¼ä½™é¢ 2022.323680685088037725->2119.523680685088037725 (Î”97.2) | ðŸ”¥ç‡ƒçƒ§: claim=0.0 decay=0.0 æ€»Î”=102.56
[2025-09-08T04:58:13.392Z] â¸ï¸ è·³è¿‡withdraw | ä¸ç¬¦åˆæ¡ä»¶ (æƒé‡=50.2 ä¸Šæ¬¡å¤„ç†=119 å½“å‰=119)
[2025-09-08T04:58:14.361Z] âœ… ðŸ’¸ withdraw æˆåŠŸ | â›½gas=155489 | ðŸ’¼ä½™é¢ 2119.523680685088037725->2194.823680685088037725 (Î”75.3) | ðŸ”¥ç‡ƒçƒ§: claim=0.0 decay=0.0 æ€»Î”=20.08
