[2025-09-07T13:49:10.947Z] Start single-user TUI: user=0x3C44CdDdB6a900fa2b585dd299e03d12FA4293BC
[2025-09-07T13:49:11.843Z] claim W483N7462
[2025-09-07T13:49:13.204Z] withdraw MESH +1.5
[2025-09-07T13:49:14.007Z] reward set +1.0
[2025-09-07T13:49:14.715Z] error: cannot estimate gas; transaction may fail or may require manual gas limit [ See:
[2025-09-07T13:49:15.443Z] error: cannot estimate gas; transaction may fail or may require manual gas limit [ See:
[2025-09-07T13:49:16.210Z] error: cannot estimate gas; transaction may fail or may require manual gas limit [ See:
[2025-09-07T13:49:16.898Z] error: cannot estimate gas; transaction may fail or may require manual gas limit [ See:
[2025-09-07T13:49:17.762Z] reward set +4.0
[2025-09-07T13:49:19.574Z] claim E777N2745
[2025-09-07T13:49:21.774Z] claim W970N8459
[2025-09-07T13:49:22.504Z] error: cannot estimate gas; transaction may fail or may require manual gas limit [ See:
[2025-09-07T13:49:23.354Z] error: cannot estimate gas; transaction may fail or may require manual gas limit [ See:
[2025-09-07T13:49:24.065Z] error: cannot estimate gas; transaction may fail or may require manual gas limit [ See:
[2025-09-07T13:49:24.752Z] error: cannot estimate gas; transaction may fail or may require manual gas limit [ See:
[2025-09-07T13:49:25.895Z] withdraw MESH +5.65625
[2025-09-07T13:49:26.982Z] reward withdraw +3.0
[2025-09-07T13:49:26.982Z] reward set +1.0
[2025-09-07T13:49:27.727Z] error: cannot estimate gas; transaction may fail or may require manual gas limit [ See:
[2025-09-07T13:49:29.882Z] claim E573N1161
[2025-09-07T13:49:32.277Z] error: Transaction ran out of gas
[2025-09-07T13:49:34.251Z] claim W192S8238
[2025-09-07T13:49:36.116Z] claim W687N584
[2025-09-07T13:49:37.519Z] withdraw MESH +11.5703125
[2025-09-07T13:49:38.282Z] reward set +1.0
[2025-09-07T13:49:39.202Z] reward set +5.0
[2025-09-07T13:49:40.494Z] reward withdraw +6.5
[2025-09-07T13:49:40.495Z] reward set +4.0
[2025-09-07T13:49:41.233Z] error: cannot estimate gas; transaction may fail or may require manual gas limit [ See:
[2025-09-07T13:49:41.991Z] reward set +3.0
[2025-09-07T13:49:43.996Z] claim W632N3268
[2025-09-07T13:49:45.362Z] withdraw MESH +13.125
[2025-09-07T13:49:46.997Z] claim E100N100
[2025-09-07T13:49:47.690Z] error: cannot estimate gas; transaction may fail or may require manual gas limit [ See:
[2025-09-07T13:49:48.981Z] withdraw MESH +12.3
[2025-09-07T13:49:49.767Z] reward set +2.0
[2025-09-07T13:49:50.537Z] reward set +1.0
[2025-09-07T13:49:51.712Z] reward withdraw +8.75
[2025-09-07T13:49:51.712Z] reward set +5.0
[2025-09-07T13:49:52.518Z] reward set +4.0
[2025-09-07T13:49:53.311Z] reward set +2.0
[2025-09-07T13:49:54.107Z] error: cannot estimate gas; transaction may fail or may require manual gas limit [ See:
[2025-09-07T13:49:54.866Z] error: cannot estimate gas; transaction may fail or may require manual gas limit [ See:
[2025-09-07T13:49:56.269Z] withdraw MESH +12.3
[2025-09-07T13:49:56.988Z] error: cannot estimate gas; transaction may fail or may require manual gas limit [ See:
[2025-09-07T13:49:58.363Z] claim E298S6674
[2025-09-07T13:49:59.755Z] claim W782N4628
[2025-09-07T13:50:00.818Z] reward withdraw +8.375
[2025-09-07T13:50:00.818Z] reward set +2.0
[2025-09-07T13:50:01.526Z] error: cannot estimate gas; transaction may fail or may require manual gas limit [ See:
[2025-09-07T13:50:02.298Z] reward set +1.0
[2025-09-07T13:50:03.287Z] reward withdraw +6.6875
[2025-09-07T13:50:03.287Z] reward set +4.0
[2025-09-07T13:50:04.016Z] error: cannot estimate gas; transaction may fail or may require manual gas limit [ See:
[2025-09-07T13:50:04.698Z] error: cannot estimate gas; transaction may fail or may require manual gas limit [ See:
[2025-09-07T13:50:06.605Z] claim E560S5927
[2025-09-07T13:50:07.774Z] reward withdraw +5.34375
[2025-09-07T13:50:07.774Z] reward set +4.0
[2025-09-07T13:50:09.106Z] withdraw MESH +21.990625
[2025-09-07T13:50:10.104Z] reward withdraw +5.171875
[2025-09-07T13:50:10.105Z] reward set +5.0
[2025-09-07T13:50:11.117Z] reward withdraw +3.5859375
[2025-09-07T13:50:11.117Z] reward set +2.0
[2025-09-07T13:50:12.411Z] withdraw MESH +16.8
[2025-09-07T13:50:13.240Z] error: cannot estimate gas; transaction may fail or may require manual gas limit [ See:
[2025-09-07T13:50:14.247Z] reward withdraw +4.29296875
[2025-09-07T13:50:14.247Z] reward set +5.0
[2025-09-07T13:50:16.306Z] claim W5N2209
[2025-09-07T13:50:17.299Z] error: cannot estimate gas; transaction may fail or may require manual gas limit [ See:
[2025-09-07T13:50:18.800Z] withdraw MESH +22.75
[2025-09-07T13:50:19.671Z] error: cannot estimate gas; transaction may fail or may require manual gas limit [ See:
[2025-09-07T13:50:20.517Z] reward set +3.0
[2025-09-07T13:50:21.211Z] error: cannot estimate gas; transaction may fail or may require manual gas limit [ See:
[2025-09-07T13:50:21.941Z] reward set +4.0
[2025-09-07T13:50:23.067Z] reward withdraw +6.146484375
[2025-09-07T13:50:23.068Z] reward set +1.0
[2025-09-07T13:50:24.070Z] reward withdraw +5.0732421875
[2025-09-07T13:50:24.070Z] reward set +4.0
[2025-09-07T13:50:24.816Z] reward set +4.0
[2025-09-07T13:50:25.566Z] reward set +2.0
[2025-09-07T13:50:26.844Z] reward withdraw +8.03662109375
[2025-09-07T13:50:26.844Z] reward set +5.0
[2025-09-07T13:50:28.820Z] claim W156N4592
[2025-09-07T13:50:29.970Z] reward withdraw +5.518310546875
[2025-09-07T13:50:29.971Z] reward set +3.0
[2025-09-07T13:50:31.444Z] withdraw MESH +25.76875
[2025-09-07T13:50:33.008Z] claim E478S2053
[2025-09-07T13:50:34.016Z] reward withdraw +3.7591552734375
[2025-09-07T13:50:34.016Z] reward set +2.0
[2025-09-07T13:50:35.351Z] withdraw MESH +21.3
[2025-09-07T13:50:36.061Z] error: cannot estimate gas; transaction may fail or may require manual gas limit [ See:
[2025-09-07T13:50:36.775Z] error: cannot estimate gas; transaction may fail or may require manual gas limit [ See:
[2025-09-07T13:50:37.530Z] reward set +5.0
[2025-09-07T13:50:39.069Z] claim W257N7280
[2025-09-07T13:50:39.968Z] error: cannot estimate gas; transaction may fail or may require manual gas limit [ See:
[2025-09-07T13:50:40.778Z] error: cannot estimate gas; transaction may fail or may require manual gas limit [ See:
[2025-09-07T13:50:42.206Z] withdraw MESH +26.6
[2025-09-07T13:50:43.253Z] reward withdraw +6.37957763671875
[2025-09-07T13:50:43.254Z] reward set +3.0
[2025-09-07T13:50:43.968Z] error: cannot estimate gas; transaction may fail or may require manual gas limit [ See:
[2025-09-07T13:50:44.715Z] reward set +5.0
[2025-09-07T13:50:46.156Z] withdraw MESH +22.8
[2025-09-07T13:50:47.022Z] reward set +3.0
[2025-09-07T13:50:47.707Z] error: cannot estimate gas; transaction may fail or may require manual gas limit [ See:
[2025-09-07T13:50:48.677Z] reward withdraw +9.689788818359375
[2025-09-07T13:50:48.678Z] reward set +5.0
[2025-09-07T13:50:50.557Z] claim W683S3225
[2025-09-07T13:50:51.953Z] withdraw MESH +30.25
[2025-09-07T13:50:53.106Z] reward withdraw +6.8448944091796875
[2025-09-07T13:50:53.106Z] reward set +4.0
[2025-09-07T13:50:54.289Z] reward withdraw +4.92244720458984375
[2025-09-07T13:50:54.290Z] reward set +3.0
[2025-09-07T13:50:56.039Z] claim E240S7128
[2025-09-07T13:50:57.281Z] withdraw MESH +32.125
[2025-09-07T13:50:57.997Z] error: cannot estimate gas; transaction may fail or may require manual gas limit [ See:
[2025-09-07T13:50:58.719Z] reward set +5.0
[2025-09-07T13:51:00.427Z] claim E723S5426
[2025-09-07T13:51:02.804Z] claim E901S4433
[2025-09-07T13:51:03.556Z] error: cannot estimate gas; transaction may fail or may require manual gas limit [ See:
[2025-09-07T13:51:04.924Z] withdraw MESH +37.4875
[2025-09-07T13:51:05.673Z] error: cannot estimate gas; transaction may fail or may require manual gas limit [ See:
[2025-09-07T13:51:06.881Z] reward withdraw +6.461223602294921875
[2025-09-07T13:51:06.882Z] reward set +3.0
[2025-09-07T13:51:07.626Z] error: cannot estimate gas; transaction may fail or may require manual gas limit [ See:
[2025-09-07T13:51:08.534Z] reward set +4.0
[2025-09-07T13:51:09.454Z] error: cannot estimate gas; transaction may fail or may require manual gas limit [ See:
[2025-09-07T13:51:11.102Z] withdraw MESH +28.8
[2025-09-07T13:51:11.816Z] error: cannot estimate gas; transaction may fail or may require manual gas limit [ See:
[2025-09-07T13:51:12.494Z] error: cannot estimate gas; transaction may fail or may require manual gas limit [ See:
[2025-09-07T13:51:13.293Z] reward set +2.0
[2025-09-07T13:51:14.725Z] withdraw MESH +28.8
[2025-09-07T13:51:16.523Z] claim E638N6644
[2025-09-07T13:51:17.239Z] error: cannot estimate gas; transaction may fail or may require manual gas limit [ See:
[2025-09-07T13:51:17.962Z] reward set +1.0
[2025-09-07T13:51:19.241Z] withdraw MESH +37.75
[2025-09-07T13:51:20.330Z] reward withdraw +4.865305900573730469
[2025-09-07T13:51:20.330Z] reward set +2.0
[2025-09-07T13:51:21.105Z] reward set +2.0
[2025-09-07T13:51:22.460Z] withdraw MESH +30.3
[2025-09-07T13:51:23.724Z] withdraw MESH +30.3
[2025-09-07T13:51:24.440Z] error: cannot estimate gas; transaction may fail or may require manual gas limit [ See:
[2025-09-07T13:51:25.114Z] error: cannot estimate gas; transaction may fail or may require manual gas limit [ See:
[2025-09-07T13:51:26.097Z] reward withdraw +4.932652950286865234
[2025-09-07T13:51:26.098Z] reward set +3.0
[2025-09-07T13:51:26.962Z] reward set +3.0
[2025-09-07T13:51:27.677Z] error: cannot estimate gas; transaction may fail or may require manual gas limit [ See:
[2025-09-07T13:51:28.408Z] reward set +2.0
[2025-09-07T13:51:29.117Z] error: cannot estimate gas; transaction may fail or may require manual gas limit [ See:
[2025-09-07T13:51:30.720Z] claim W307S657
[2025-09-07T13:51:31.614Z] error: cannot estimate gas; transaction may fail or may require manual gas limit [ See:
[2025-09-07T13:51:32.377Z] error: cannot estimate gas; transaction may fail or may require manual gas limit [ See:
[2025-09-07T13:51:34.264Z] claim W831S3059
[2025-09-07T13:51:35.867Z] claim E178N4555
[2025-09-07T13:51:36.610Z] error: cannot estimate gas; transaction may fail or may require manual gas limit [ See:
[2025-09-07T13:51:38.117Z] withdraw MESH +45.678125
[2025-09-07T13:51:39.955Z] claim E574N337
[2025-09-07T13:51:41.485Z] withdraw MESH +42.1
[2025-09-07T13:51:43.068Z] claim W523N7996
[2025-09-07T13:51:43.823Z] error: cannot estimate gas; transaction may fail or may require manual gas limit [ See:
[2025-09-07T13:51:44.976Z] reward withdraw +7.466326475143432617
[2025-09-07T13:51:44.977Z] reward set +5.0
[2025-09-07T13:51:45.684Z] error: cannot estimate gas; transaction may fail or may require manual gas limit [ See:
[2025-09-07T13:51:47.597Z] claim E462N2269
[2025-09-07T13:51:48.462Z] error: cannot estimate gas; transaction may fail or may require manual gas limit [ See:
[2025-09-07T13:51:49.796Z] withdraw MESH +50.575
[2025-09-07T13:51:50.610Z] error: cannot estimate gas; transaction may fail or may require manual gas limit [ See:
[2025-09-07T13:51:51.669Z] reward withdraw +5.233163237571716309
[2025-09-07T13:51:51.669Z] reward set +3.0
[2025-09-07T13:51:52.720Z] reward withdraw +4.616581618785858154
[2025-09-07T13:51:52.721Z] reward set +4.0
[2025-09-07T13:51:54.312Z] claim E290N6828
[2025-09-07T13:51:55.893Z] claim E871S3032
[2025-09-07T13:51:56.588Z] error: cannot estimate gas; transaction may fail or may require manual gas limit [ See:
[2025-09-07T13:51:57.434Z] reward set +5.0
[2025-09-07T13:51:58.285Z] reward set +3.0
[2025-09-07T13:52:00.147Z] claim E341N5712
[2025-09-07T13:52:01.927Z] claim W937S7456
[2025-09-07T13:52:03.176Z] withdraw MESH +59.146875
[2025-09-07T13:52:04.082Z] reward set +2.0
[2025-09-07T13:52:04.790Z] reward set +5.0
[2025-09-07T13:52:05.888Z] withdraw MESH +45.3
[2025-09-07T13:52:07.108Z] reward withdraw +12.308290809392929077
[2025-09-07T13:52:07.109Z] reward set +5.0
[2025-09-07T13:52:08.496Z] withdraw MESH +45.3
[2025-09-07T13:52:09.863Z] withdraw MESH +45.3
[2025-09-07T13:52:10.971Z] reward withdraw +5.827072702348232269
[2025-09-07T13:52:10.971Z] reward set +4.0
[2025-09-07T13:52:11.729Z] reward set +3.0
[2025-09-07T13:52:13.178Z] withdraw MESH +52.85
[2025-09-07T13:52:14.357Z] reward withdraw +6.413536351174116135
[2025-09-07T13:52:14.358Z] reward set +4.0
[2025-09-07T13:52:15.540Z] reward withdraw +3.706768175587058067
[2025-09-07T13:52:15.541Z] reward set +1.0
[2025-09-07T13:52:16.341Z] reward set +4.0
[2025-09-07T13:52:17.463Z] reward withdraw +6.353384087793529034
[2025-09-07T13:52:17.464Z] reward set +5.0
[2025-09-07T13:52:19.279Z] claim E859S7365
[2025-09-07T13:52:20.364Z] reward withdraw +4.176692043896764517
[2025-09-07T13:52:20.364Z] reward set +2.0
[2025-09-07T13:52:21.177Z] reward set +5.0
[2025-09-07T13:52:22.369Z] reward withdraw +7.088346021948382258
[2025-09-07T13:52:22.369Z] reward set +5.0
[2025-09-07T13:52:23.648Z] withdraw MESH +61.33125
[2025-09-07T13:52:24.429Z] reward set +3.0
[2025-09-07T13:52:25.200Z] reward set +4.0
[2025-09-07T13:52:26.622Z] withdraw MESH +46.8
[2025-09-07T13:52:27.317Z] error: cannot estimate gas; transaction may fail or may require manual gas limit [ See:
[2025-09-07T13:52:28.599Z] reward withdraw +8.544173010974191129
[2025-09-07T13:52:28.626Z] reward set +3.0
[2025-09-07T13:52:29.327Z] error: cannot estimate gas; transaction may fail or may require manual gas limit [ See:
[2025-09-07T13:52:30.087Z] error: cannot estimate gas; transaction may fail or may require manual gas limit [ See:
[2025-09-07T13:52:31.635Z] withdraw MESH +46.8
[2025-09-07T13:52:32.372Z] error: cannot estimate gas; transaction may fail or may require manual gas limit [ See:
[2025-09-07T13:52:33.123Z] error: cannot estimate gas; transaction may fail or may require manual gas limit [ See:
[2025-09-07T13:52:33.809Z] error: cannot estimate gas; transaction may fail or may require manual gas limit [ See:
[2025-09-07T13:52:35.228Z] withdraw MESH +46.8
[2025-09-07T13:52:36.281Z] reward withdraw +5.272086505487095565
[2025-09-07T13:52:36.281Z] reward set +2.0
[2025-09-07T13:52:38.020Z] claim W951N6372
[2025-09-07T13:52:39.343Z] withdraw MESH +56.1
[2025-09-07T13:52:40.141Z] error: cannot estimate gas; transaction may fail or may require manual gas limit [ See:
[2025-09-07T13:52:41.872Z] claim E549S2162
[2025-09-07T13:52:43.314Z] withdraw MESH +57.85
[2025-09-07T13:52:44.130Z] reward set +2.0
[2025-09-07T13:52:44.814Z] error: cannot estimate gas; transaction may fail or may require manual gas limit [ See:
[2025-09-07T13:52:46.292Z] withdraw MESH +49.8
[2025-09-07T13:52:47.083Z] reward set +5.0
[2025-09-07T13:52:48.216Z] reward withdraw +6.636043252743547782
[2025-09-07T13:52:48.217Z] reward set +1.0
[2025-09-07T13:52:48.936Z] error: cannot estimate gas; transaction may fail or may require manual gas limit [ See:
[2025-09-07T13:52:49.648Z] reward set +4.0
[2025-09-07T13:52:50.339Z] error: cannot estimate gas; transaction may fail or may require manual gas limit [ See:
[2025-09-07T13:52:51.320Z] reward withdraw +5.818021626371773891
[2025-09-07T13:52:51.320Z] reward set +1.0
[2025-09-07T13:52:52.592Z] withdraw MESH +49.8
[2025-09-07T13:52:53.336Z] error: cannot estimate gas; transaction may fail or may require manual gas limit [ See:
[2025-09-07T13:52:54.094Z] error: cannot estimate gas; transaction may fail or may require manual gas limit [ See:
[2025-09-07T13:52:54.774Z] error: cannot estimate gas; transaction may fail or may require manual gas limit [ See:
[2025-09-07T13:52:56.041Z] withdraw MESH +49.8
[2025-09-07T13:52:57.531Z] claim E774N2736
[2025-09-07T13:52:58.862Z] claim E32N2535
[2025-09-07T13:52:59.673Z] error: cannot estimate gas; transaction may fail or may require manual gas limit [ See:
[2025-09-07T13:53:00.377Z] error: cannot estimate gas; transaction may fail or may require manual gas limit [ See:
[2025-09-07T13:53:01.457Z] reward withdraw +3.909010813185886946
[2025-09-07T13:53:01.457Z] reward set +2.0
[2025-09-07T13:53:02.832Z] withdraw MESH +52.8
[2025-09-07T13:53:04.797Z] claim W191N7189
[2025-09-07T13:53:06.593Z] withdraw MESH +67.75
[2025-09-07T13:53:07.291Z] error: cannot estimate gas; transaction may fail or may require manual gas limit [ See:
[2025-09-07T13:53:08.020Z] error: cannot estimate gas; transaction may fail or may require manual gas limit [ See:
[2025-09-07T13:53:08.693Z] error: cannot estimate gas; transaction may fail or may require manual gas limit [ See:
[2025-09-07T13:53:09.374Z] error: cannot estimate gas; transaction may fail or may require manual gas limit [ See:
[2025-09-07T13:53:10.621Z] withdraw MESH +54.3
[2025-09-07T13:53:12.373Z] claim E30S4987
[2025-09-07T13:53:13.174Z] error: cannot estimate gas; transaction may fail or may require manual gas limit [ See:
[2025-09-07T13:53:14.193Z] error: cannot estimate gas; transaction may fail or may require manual gas limit [ See:
[2025-09-07T13:53:15.841Z] withdraw MESH +64.85
[2025-09-07T13:53:16.707Z] reward set +5.0
[2025-09-07T13:53:17.474Z] error: cannot estimate gas; transaction may fail or may require manual gas limit [ See:
[2025-09-07T13:53:18.156Z] error: cannot estimate gas; transaction may fail or may require manual gas limit [ See:
[2025-09-07T13:53:18.864Z] error: cannot estimate gas; transaction may fail or may require manual gas limit [ See:
[2025-09-07T13:53:20.111Z] withdraw MESH +65.1
[2025-09-07T13:53:20.797Z] error: cannot estimate gas; transaction may fail or may require manual gas limit [ See:
[2025-09-07T13:53:22.117Z] withdraw MESH +55.8
[2025-09-07T13:53:23.483Z] claim E406N1052
[2025-09-07T13:53:24.210Z] error: cannot estimate gas; transaction may fail or may require manual gas limit [ See:
[2025-09-07T13:53:25.004Z] error: cannot estimate gas; transaction may fail or may require manual gas limit [ See:
[2025-09-07T13:53:26.257Z] withdraw MESH +57.3
[2025-09-07T13:53:26.964Z] error: cannot estimate gas; transaction may fail or may require manual gas limit [ See:
[2025-09-07T13:53:27.644Z] error: cannot estimate gas; transaction may fail or may require manual gas limit [ See:
[2025-09-07T13:53:29.015Z] withdraw MESH +57.3
[2025-09-07T13:53:29.730Z] error: cannot estimate gas; transaction may fail or may require manual gas limit [ See:
[2025-09-07T13:53:30.754Z] reward withdraw +6.954505406592943473
[2025-09-07T13:53:30.755Z] reward set +5.0
[2025-09-07T13:53:31.731Z] reward withdraw +5.977252703296471736
[2025-09-07T13:53:31.731Z] reward set +5.0
[2025-09-07T13:53:32.501Z] reward set +3.0
[2025-09-07T13:53:34.203Z] claim W207N2350
[2025-09-07T13:53:34.914Z] error: cannot estimate gas; transaction may fail or may require manual gas limit [ See:
[2025-09-07T13:53:36.723Z] claim E417S7448
[2025-09-07T13:53:38.332Z] claim E652S712
[2025-09-07T13:53:39.517Z] reward withdraw +5.488626351648235868
[2025-09-07T13:53:39.517Z] reward set +2.0
[2025-09-07T13:53:41.163Z] claim W344S7250
[2025-09-07T13:53:41.904Z] error: cannot estimate gas; transaction may fail or may require manual gas limit [ See:
[2025-09-07T13:53:42.578Z] error: cannot estimate gas; transaction may fail or may require manual gas limit [ See:
[2025-09-07T13:53:44.187Z] claim E632S5099
[2025-09-07T13:53:45.086Z] error: cannot estimate gas; transaction may fail or may require manual gas limit [ See:
[2025-09-07T13:53:46.705Z] withdraw MESH +64.8
[2025-09-07T13:53:47.499Z] error: cannot estimate gas; transaction may fail or may require manual gas limit [ See:
[2025-09-07T13:53:48.359Z] error: cannot estimate gas; transaction may fail or may require manual gas limit [ See:
[2025-09-07T13:53:49.492Z] reward withdraw +5.244313175824117934
[2025-09-07T13:53:49.492Z] reward set +5.0
[2025-09-07T13:53:50.281Z] error: cannot estimate gas; transaction may fail or may require manual gas limit [ See:
[2025-09-07T13:53:51.015Z] error: cannot estimate gas; transaction may fail or may require manual gas limit [ See:
[2025-09-07T13:53:52.603Z] claim W581N4135
[2025-09-07T13:53:54.050Z] claim W561S2269
[2025-09-07T13:53:55.426Z] withdraw MESH +84.25
[2025-09-07T13:53:56.208Z] reward set +4.0
[2025-09-07T13:53:57.166Z] reward withdraw +5.122156587912058967
[2025-09-07T13:53:57.166Z] reward set +1.0
[2025-09-07T13:53:58.558Z] withdraw MESH +67.8
[2025-09-07T13:54:00.296Z] claim E987S7314
[2025-09-07T13:54:01.261Z] reward set +4.0
[2025-09-07T13:54:02.013Z] error: cannot estimate gas; transaction may fail or may require manual gas limit [ See:
[2025-09-07T13:54:03.111Z] withdraw MESH +80.6
[2025-09-07T13:54:03.949Z] error: cannot estimate gas; transaction may fail or may require manual gas limit [ See:
[2025-09-07T13:54:04.787Z] reward set +1.0
[2025-09-07T13:54:06.429Z] withdraw MESH +69.3
[2025-09-07T13:54:07.305Z] reward set +1.0
[2025-09-07T13:54:08.018Z] error: cannot estimate gas; transaction may fail or may require manual gas limit [ See:
[2025-09-07T13:54:08.700Z] error: cannot estimate gas; transaction may fail or may require manual gas limit [ See:
[2025-09-07T13:54:09.870Z] reward withdraw +7.561078293956029484
[2025-09-07T13:54:09.870Z] reward set +4.0
[2025-09-07T13:54:11.205Z] withdraw MESH +80.85
[2025-09-07T13:54:11.961Z] reward set +2.0
[2025-09-07T13:54:13.601Z] withdraw MESH +69.3
[2025-09-07T13:54:14.324Z] error: cannot estimate gas; transaction may fail or may require manual gas limit [ See:
[2025-09-07T13:54:15.391Z] reward withdraw +7.280539146978014742
[2025-09-07T13:54:15.392Z] reward set +5.0
[2025-09-07T13:54:16.113Z] error: cannot estimate gas; transaction may fail or may require manual gas limit [ See:
[2025-09-07T13:54:16.813Z] reward set +2.0
[2025-09-07T13:54:17.523Z] error: cannot estimate gas; transaction may fail or may require manual gas limit [ See:
[2025-09-07T13:54:18.897Z] withdraw MESH +80.85
[2025-09-07T13:54:19.700Z] error: cannot estimate gas; transaction may fail or may require manual gas limit [ See:
[2025-09-07T13:54:20.665Z] reward withdraw +5.640269573489007371
[2025-09-07T13:54:20.665Z] reward set +2.0
[2025-09-07T13:54:21.361Z] error: cannot estimate gas; transaction may fail or may require manual gas limit [ See:
[2025-09-07T13:54:22.354Z] reward withdraw +4.820134786744503685
[2025-09-07T13:54:22.355Z] reward set +4.0
[2025-09-07T13:54:23.482Z] reward withdraw +4.410067393372251843
[2025-09-07T13:54:23.482Z] reward set +4.0
[2025-09-07T13:54:24.513Z] reward withdraw +4.205033696686125921
[2025-09-07T13:54:24.513Z] reward set +4.0
[2025-09-07T13:54:25.270Z] error: cannot estimate gas; transaction may fail or may require manual gas limit [ See:
[2025-09-07T13:54:25.968Z] error: cannot estimate gas; transaction may fail or may require manual gas limit [ See:
[2025-09-07T13:54:27.340Z] reward withdraw +3.602516848343062961
[2025-09-07T13:54:27.341Z] reward set +3.0
[2025-09-07T13:54:30.059Z] claim W222S5501
[2025-09-07T13:54:30.936Z] error: cannot estimate gas; transaction may fail or may require manual gas limit [ See:
[2025-09-07T13:54:32.205Z] reward withdraw +3.80125842417153148
[2025-09-07T13:54:32.205Z] reward set +4.0
[2025-09-07T13:54:33.759Z] withdraw MESH +91.2625
[2025-09-07T13:54:35.302Z] claim E154S4628
[2025-09-07T13:54:36.018Z] error: cannot estimate gas; transaction may fail or may require manual gas limit [ See:
[2025-09-07T13:54:36.874Z] reward set +1.0
[2025-09-07T13:54:37.948Z] reward set +3.0
[2025-09-07T13:54:40.255Z] withdraw MESH +84.35
[2025-09-07T13:54:42.270Z] claim W798S6179
[2025-09-07T13:54:43.678Z] reward withdraw +5.40062921208576574
[2025-09-07T13:54:43.679Z] reward set +3.0
[2025-09-07T13:54:44.366Z] error: cannot estimate gas; transaction may fail or may require manual gas limit [ See:
[2025-09-07T13:54:45.480Z] reward withdraw +4.20031460604288287
[2025-09-07T13:54:45.481Z] reward set +3.0
[2025-09-07T13:54:47.471Z] claim E298S8638
