[2025-09-07T13:59:47.230Z] Start single-user TUI: user=0x3C44CdDdB6a900fa2b585dd299e03d12FA4293BC
[2025-09-07T13:59:48.123Z] error: cannot estimate gas; transaction may fail or may require manual gas limit [ See:
[2025-09-07T13:59:49.782Z] error: Transaction ran out of gas
[2025-09-07T13:59:51.266Z] error: cannot estimate gas; transaction may fail or may require manual gas limit [ See:
[2025-09-07T13:59:52.773Z] claim E777N2745
[2025-09-07T13:59:54.068Z] withdraw MESH +1.75
[2025-09-07T13:59:54.775Z] error: cannot estimate gas; transaction may fail or may require manual gas limit [ See:
[2025-09-07T13:59:57.147Z] claim W483N7462
[2025-09-07T13:59:59.448Z] withdraw MESH +3.625
[2025-09-07T14:00:00.705Z] claim E573N1161
[2025-09-07T14:00:01.403Z] error: cannot estimate gas; transaction may fail or may require manual gas limit [ See:
[2025-09-07T14:00:02.981Z] claim W970N8459
[2025-09-07T14:00:04.607Z] claim E100N100
[2025-09-07T14:00:06.385Z] claim W620S5270
[2025-09-07T14:00:08.426Z] withdraw MESH +11.1
[2025-09-07T14:00:09.121Z] error: cannot estimate gas; transaction may fail or may require manual gas limit [ See:
[2025-09-07T14:00:11.518Z] claim W607N1599
[2025-09-07T14:00:14.333Z] claim E343S1164
[2025-09-07T14:00:16.292Z] withdraw MESH +12.3
[2025-09-07T14:00:17.769Z] claim E245N5983
[2025-09-07T14:00:19.872Z] withdraw MESH +16.1
[2025-09-07T14:00:20.621Z] error: cannot estimate gas; transaction may fail or may require manual gas limit [ See:
[2025-09-07T14:00:21.486Z] error: cannot estimate gas; transaction may fail or may require manual gas limit [ See:
[2025-09-07T14:00:23.297Z] error: Transaction ran out of gas
[2025-09-07T14:00:25.507Z] error: cannot estimate gas; transaction may fail or may require manual gas limit [ See:
[2025-09-07T14:00:28.570Z] error: cannot estimate gas; transaction may fail or may require manual gas limit [ See:
[2025-09-07T14:00:31.259Z] claim E373N7683
[2025-09-07T14:00:33.196Z] withdraw MESH +19.6125
[2025-09-07T14:00:34.462Z] withdraw MESH +15.3
[2025-09-07T14:00:35.914Z] error: cannot estimate gas; transaction may fail or may require manual gas limit [ See:
[2025-09-07T14:00:38.097Z] claim E360S5138
[2025-09-07T14:00:38.783Z] error: cannot estimate gas; transaction may fail or may require manual gas limit [ See:
[2025-09-07T14:00:40.696Z] claim W604S7397
[2025-09-07T14:00:42.143Z] claim W730S5477
[2025-09-07T14:00:43.568Z] error: cannot estimate gas; transaction may fail or may require manual gas limit [ See:
[2025-09-07T14:00:44.286Z] error: cannot estimate gas; transaction may fail or may require manual gas limit [ See:
[2025-09-07T14:00:45.872Z] claim E933N2499
[2025-09-07T14:00:47.536Z] claim E367S5000
[2025-09-07T14:00:49.140Z] claim E67N73
[2025-09-07T14:00:50.238Z] withdraw MESH +31.5830810546875
[2025-09-07T14:00:52.930Z] claim E449S1119
[2025-09-07T14:00:55.577Z] withdraw MESH +25.8
[2025-09-07T14:00:56.283Z] error: cannot estimate gas; transaction may fail or may require manual gas limit [ See:
[2025-09-07T14:00:57.982Z] withdraw MESH +25.8
[2025-09-07T14:01:00.404Z] claim W741N2867
[2025-09-07T14:01:01.819Z] error: cannot estimate gas; transaction may fail or may require manual gas limit [ See:
[2025-09-07T14:01:02.747Z] error: cannot estimate gas; transaction may fail or may require manual gas limit [ See:
[2025-09-07T14:01:05.345Z] claim E108N2610
[2025-09-07T14:01:06.753Z] error: cannot estimate gas; transaction may fail or may require manual gas limit [ See:
[2025-09-07T14:01:07.646Z] error: cannot estimate gas; transaction may fail or may require manual gas limit [ See:
[2025-09-07T14:01:09.894Z] withdraw MESH +35.875
[2025-09-07T14:01:10.696Z] error: cannot estimate gas; transaction may fail or may require manual gas limit [ See:
[2025-09-07T14:01:12.102Z] error: cannot estimate gas; transaction may fail or may require manual gas limit [ See:
[2025-09-07T14:01:14.359Z] withdraw MESH +36.0
[2025-09-07T14:01:15.163Z] error: cannot estimate gas; transaction may fail or may require manual gas limit [ See:
[2025-09-07T14:01:15.853Z] error: cannot estimate gas; transaction may fail or may require manual gas limit [ See:
[2025-09-07T14:01:18.330Z] claim E533N5191
[2025-09-07T14:01:20.168Z] withdraw MESH +35.1
[2025-09-07T14:01:20.879Z] error: cannot estimate gas; transaction may fail or may require manual gas limit [ See:
[2025-09-07T14:01:22.228Z] error: cannot estimate gas; transaction may fail or may require manual gas limit [ See:
[2025-09-07T14:01:24.369Z] withdraw MESH +30.3
[2025-09-07T14:01:26.581Z] claim W167N7096
[2025-09-07T14:01:28.587Z] withdraw MESH +37.1
[2025-09-07T14:01:29.285Z] error: cannot estimate gas; transaction may fail or may require manual gas limit [ See:
[2025-09-07T14:01:30.127Z] error: cannot estimate gas; transaction may fail or may require manual gas limit [ See:
[2025-09-07T14:01:32.801Z] claim E212S604
[2025-09-07T14:01:34.334Z] error: cannot estimate gas; transaction may fail or may require manual gas limit [ See:
[2025-09-07T14:01:35.847Z] withdraw MESH +41.5
[2025-09-07T14:01:37.594Z] claim W319S3318
[2025-09-07T14:01:39.045Z] withdraw MESH +43.375
[2025-09-07T14:01:42.052Z] withdraw MESH +34.8
[2025-09-07T14:01:43.412Z] withdraw MESH +34.8
[2025-09-07T14:01:44.638Z] withdraw MESH +34.8
[2025-09-07T14:01:46.409Z] claim W122N1948
[2025-09-07T14:01:47.216Z] error: cannot estimate gas; transaction may fail or may require manual gas limit [ See:
[2025-09-07T14:01:48.066Z] error: cannot estimate gas; transaction may fail or may require manual gas limit [ See:
[2025-09-07T14:01:51.083Z] withdraw MESH +36.3
[2025-09-07T14:01:52.719Z] error: cannot estimate gas; transaction may fail or may require manual gas limit [ See:
[2025-09-07T14:01:54.530Z] claim E139N3582
[2025-09-07T14:01:56.221Z] claim E15N2672
[2025-09-07T14:01:57.868Z] claim E75S1764
[2025-09-07T14:01:59.459Z] withdraw MESH +53.615625
[2025-09-07T14:02:01.412Z] claim E98S8302
[2025-09-07T14:02:02.112Z] error: cannot estimate gas; transaction may fail or may require manual gas limit [ See:
[2025-09-07T14:02:03.482Z] claim W768N4380
[2025-09-07T14:02:05.608Z] error: cannot estimate gas; transaction may fail or may require manual gas limit [ See:
[2025-09-07T14:02:07.204Z] claim E674S8302
[2025-09-07T14:02:08.576Z] error: cannot estimate gas; transaction may fail or may require manual gas limit [ See:
[2025-09-07T14:02:09.273Z] error: cannot estimate gas; transaction may fail or may require manual gas limit [ See:
[2025-09-07T14:02:10.562Z] withdraw MESH +59.2375
[2025-09-07T14:02:13.390Z] withdraw MESH +45.3
[2025-09-07T14:02:14.066Z] error: cannot estimate gas; transaction may fail or may require manual gas limit [ See:
[2025-09-07T14:02:14.746Z] error: cannot estimate gas; transaction may fail or may require manual gas limit [ See:
[2025-09-07T14:02:16.680Z] withdraw MESH +52.85
[2025-09-07T14:02:18.591Z] claim E146S497
[2025-09-07T14:02:20.529Z] withdraw MESH +46.8
[2025-09-07T14:02:21.397Z] error: cannot estimate gas; transaction may fail or may require manual gas limit [ See:
[2025-09-07T14:02:22.840Z] withdraw MESH +46.8
[2025-09-07T14:02:25.840Z] claim E802S5822
[2025-09-07T14:02:26.597Z] error: cannot estimate gas; transaction may fail or may require manual gas limit [ See:
[2025-09-07T14:02:28.638Z] withdraw MESH +62.2
[2025-09-07T14:02:29.361Z] error: cannot estimate gas; transaction may fail or may require manual gas limit [ See:
[2025-09-07T14:02:30.056Z] error: cannot estimate gas; transaction may fail or may require manual gas limit [ See:
[2025-09-07T14:02:30.751Z] error: cannot estimate gas; transaction may fail or may require manual gas limit [ See:
[2025-09-07T14:02:31.635Z] error: cannot estimate gas; transaction may fail or may require manual gas limit [ See:
[2025-09-07T14:02:32.511Z] error: cannot estimate gas; transaction may fail or may require manual gas limit [ See:
[2025-09-07T14:02:33.296Z] error: cannot estimate gas; transaction may fail or may require manual gas limit [ See:
[2025-09-07T14:02:33.995Z] error: cannot estimate gas; transaction may fail or may require manual gas limit [ See:
[2025-09-07T14:02:35.334Z] error: cannot estimate gas; transaction may fail or may require manual gas limit [ See:
[2025-09-07T14:02:36.903Z] claim E785N6562
[2025-09-07T14:02:37.668Z] error: cannot estimate gas; transaction may fail or may require manual gas limit [ See:
[2025-09-07T14:02:38.372Z] error: cannot estimate gas; transaction may fail or may require manual gas limit [ See:
[2025-09-07T14:02:40.056Z] claim W768S7987
[2025-09-07T14:02:41.776Z] error: Transaction ran out of gas
[2025-09-07T14:02:43.226Z] error: cannot estimate gas; transaction may fail or may require manual gas limit [ See:
[2025-09-07T14:02:45.139Z] claim W750N4899
[2025-09-07T14:02:46.350Z] withdraw MESH +69.4921875
[2025-09-07T14:02:47.072Z] error: cannot estimate gas; transaction may fail or may require manual gas limit [ See:
[2025-09-07T14:02:48.491Z] claim E42S8982
[2025-09-07T14:02:50.614Z] error: cannot estimate gas; transaction may fail or may require manual gas limit [ See:
[2025-09-07T14:02:51.282Z] error: cannot estimate gas; transaction may fail or may require manual gas limit [ See:
[2025-09-07T14:02:51.975Z] error: cannot estimate gas; transaction may fail or may require manual gas limit [ See:
[2025-09-07T14:02:53.952Z] withdraw MESH +54.3
[2025-09-07T14:02:56.719Z] withdraw MESH +54.3
[2025-09-07T14:02:58.111Z] claim E47N261
[2025-09-07T14:02:59.995Z] claim W927S2578
[2025-09-07T14:03:01.501Z] error: cannot estimate gas; transaction may fail or may require manual gas limit [ See:
[2025-09-07T14:03:02.924Z] withdraw MESH +66.85
[2025-09-07T14:03:04.406Z] error: cannot estimate gas; transaction may fail or may require manual gas limit [ See:
[2025-09-07T14:03:07.245Z] withdraw MESH +66.85
[2025-09-07T14:03:09.794Z] claim E159N7907
[2025-09-07T14:03:11.497Z] withdraw MESH +73.375
[2025-09-07T14:03:12.212Z] error: cannot estimate gas; transaction may fail or may require manual gas limit [ See:
[2025-09-07T14:03:13.551Z] withdraw MESH +58.8
[2025-09-07T14:03:14.332Z] error: cannot estimate gas; transaction may fail or may require manual gas limit [ See:
[2025-09-07T14:03:16.410Z] withdraw MESH +58.8
[2025-09-07T14:03:17.280Z] error: cannot estimate gas; transaction may fail or may require manual gas limit [ See:
[2025-09-07T14:03:19.035Z] claim E505N6683
[2025-09-07T14:03:21.848Z] error: cannot estimate gas; transaction may fail or may require manual gas limit [ See:
[2025-09-07T14:03:22.608Z] error: cannot estimate gas; transaction may fail or may require manual gas limit [ See:
[2025-09-07T14:03:23.340Z] error: cannot estimate gas; transaction may fail or may require manual gas limit [ See:
[2025-09-07T14:03:26.854Z] error: cannot estimate gas; transaction may fail or may require manual gas limit [ See:
[2025-09-07T14:03:28.345Z] withdraw MESH +77.8875
[2025-09-07T14:03:29.838Z] error: cannot estimate gas; transaction may fail or may require manual gas limit [ See:
[2025-09-07T14:03:31.461Z] error: cannot estimate gas; transaction may fail or may require manual gas limit [ See:
[2025-09-07T14:03:32.186Z] error: cannot estimate gas; transaction may fail or may require manual gas limit [ See:
[2025-09-07T14:03:33.728Z] error: cannot estimate gas; transaction may fail or may require manual gas limit [ See:
[2025-09-07T14:03:34.998Z] withdraw MESH +60.3
[2025-09-07T14:03:36.501Z] withdraw MESH +60.3
[2025-09-07T14:03:37.197Z] error: cannot estimate gas; transaction may fail or may require manual gas limit [ See:
[2025-09-07T14:03:38.643Z] error: cannot estimate gas; transaction may fail or may require manual gas limit [ See:
[2025-09-07T14:03:39.343Z] error: cannot estimate gas; transaction may fail or may require manual gas limit [ See:
[2025-09-07T14:03:40.035Z] error: cannot estimate gas; transaction may fail or may require manual gas limit [ See:
[2025-09-07T14:03:41.612Z] claim W438S8715
[2025-09-07T14:03:43.446Z] claim E987S8143
[2025-09-07T14:03:44.948Z] withdraw MESH +81.5125
[2025-09-07T14:03:46.418Z] error: cannot estimate gas; transaction may fail or may require manual gas limit [ See:
[2025-09-07T14:03:47.200Z] error: cannot estimate gas; transaction may fail or may require manual gas limit [ See:
[2025-09-07T14:03:48.711Z] error: cannot estimate gas; transaction may fail or may require manual gas limit [ See:
[2025-09-07T14:03:50.059Z] claim E95N6654
[2025-09-07T14:03:53.171Z] claim E281N158
[2025-09-07T14:03:53.866Z] error: cannot estimate gas; transaction may fail or may require manual gas limit [ See:
[2025-09-07T14:03:55.267Z] error: cannot estimate gas; transaction may fail or may require manual gas limit [ See:
[2025-09-07T14:03:56.490Z] withdraw MESH +86.8
[2025-09-07T14:04:00.663Z] withdraw MESH +66.3
[2025-09-07T14:04:02.113Z] error: cannot estimate gas; transaction may fail or may require manual gas limit [ See:
[2025-09-07T14:04:02.853Z] error: cannot estimate gas; transaction may fail or may require manual gas limit [ See:
[2025-09-07T14:04:03.571Z] error: cannot estimate gas; transaction may fail or may require manual gas limit [ See:
[2025-09-07T14:04:06.294Z] error: cannot estimate gas; transaction may fail or may require manual gas limit [ See:
[2025-09-07T14:04:07.501Z] withdraw MESH +77.35
[2025-09-07T14:04:08.306Z] error: cannot estimate gas; transaction may fail or may require manual gas limit [ See:
[2025-09-07T14:04:09.036Z] error: cannot estimate gas; transaction may fail or may require manual gas limit [ See:
[2025-09-07T14:04:12.559Z] claim E958S8228
[2025-09-07T14:04:13.268Z] error: cannot estimate gas; transaction may fail or may require manual gas limit [ See:
[2025-09-07T14:04:14.748Z] error: cannot estimate gas; transaction may fail or may require manual gas limit [ See:
[2025-09-07T14:04:15.481Z] error: cannot estimate gas; transaction may fail or may require manual gas limit [ See:
[2025-09-07T14:04:17.533Z] withdraw MESH +84.625
[2025-09-07T14:04:19.032Z] claim W728N4566
[2025-09-07T14:04:19.723Z] error: cannot estimate gas; transaction may fail or may require manual gas limit [ See:
[2025-09-07T14:04:20.422Z] error: cannot estimate gas; transaction may fail or may require manual gas limit [ See:
[2025-09-07T14:04:21.131Z] error: cannot estimate gas; transaction may fail or may require manual gas limit [ See:
[2025-09-07T14:04:23.375Z] error: cannot estimate gas; transaction may fail or may require manual gas limit [ See:
[2025-09-07T14:04:24.764Z] error: cannot estimate gas; transaction may fail or may require manual gas limit [ See:
[2025-09-07T14:04:26.140Z] withdraw MESH +89.5125
[2025-09-07T14:04:26.851Z] error: cannot estimate gas; transaction may fail or may require manual gas limit [ See:
[2025-09-07T14:04:28.388Z] error: cannot estimate gas; transaction may fail or may require manual gas limit [ See:
[2025-09-07T14:04:29.050Z] error: cannot estimate gas; transaction may fail or may require manual gas limit [ See:
[2025-09-07T14:04:29.899Z] error: cannot estimate gas; transaction may fail or may require manual gas limit [ See:
[2025-09-07T14:04:30.642Z] error: cannot estimate gas; transaction may fail or may require manual gas limit [ See:
[2025-09-07T14:04:31.469Z] error: cannot estimate gas; transaction may fail or may require manual gas limit [ See:
[2025-09-07T14:04:33.904Z] claim E212S7095
[2025-09-07T14:04:34.641Z] error: cannot estimate gas; transaction may fail or may require manual gas limit [ See:
[2025-09-07T14:04:36.140Z] withdraw MESH +82.35
[2025-09-07T14:04:38.526Z] error: cannot estimate gas; transaction may fail or may require manual gas limit [ See:
[2025-09-07T14:04:39.286Z] error: cannot estimate gas; transaction may fail or may require manual gas limit [ See:
[2025-09-07T14:04:40.101Z] error: cannot estimate gas; transaction may fail or may require manual gas limit [ See:
[2025-09-07T14:04:41.530Z] error: cannot estimate gas; transaction may fail or may require manual gas limit [ See:
[2025-09-07T14:04:42.906Z] error: cannot estimate gas; transaction may fail or may require manual gas limit [ See:
[2025-09-07T14:04:43.575Z] error: cannot estimate gas; transaction may fail or may require manual gas limit [ See:
[2025-09-07T14:04:44.244Z] error: cannot estimate gas; transaction may fail or may require manual gas limit [ See:
[2025-09-07T14:04:46.116Z] claim W979S8087
[2025-09-07T14:04:49.011Z] error: cannot estimate gas; transaction may fail or may require manual gas limit [ See:
[2025-09-07T14:04:49.785Z] error: cannot estimate gas; transaction may fail or may require manual gas limit [ See:
[2025-09-07T14:04:51.350Z] claim E572S4864
[2025-09-07T14:04:53.544Z] withdraw MESH +85.85
[2025-09-07T14:04:54.898Z] error: cannot estimate gas; transaction may fail or may require manual gas limit [ See:
[2025-09-07T14:04:55.567Z] error: cannot estimate gas; transaction may fail or may require manual gas limit [ See:
[2025-09-07T14:04:56.298Z] error: cannot estimate gas; transaction may fail or may require manual gas limit [ See:
[2025-09-07T14:04:57.060Z] error: cannot estimate gas; transaction may fail or may require manual gas limit [ See:
[2025-09-07T14:04:59.050Z] error: cannot estimate gas; transaction may fail or may require manual gas limit [ See:
[2025-09-07T14:05:01.086Z] claim W739N6474
[2025-09-07T14:05:02.360Z] withdraw MESH +99.765625
[2025-09-07T14:05:03.879Z] error: cannot estimate gas; transaction may fail or may require manual gas limit [ See:
[2025-09-07T14:05:05.199Z] withdraw MESH +75.3
[2025-09-07T14:05:06.520Z] withdraw MESH +75.3
[2025-09-07T14:05:07.989Z] error: cannot estimate gas; transaction may fail or may require manual gas limit [ See:
[2025-09-07T14:05:09.409Z] withdraw MESH +75.3
[2025-09-07T14:05:10.132Z] error: cannot estimate gas; transaction may fail or may require manual gas limit [ See:
[2025-09-07T14:05:12.922Z] withdraw MESH +87.85
[2025-09-07T14:05:15.553Z] withdraw MESH +87.85
[2025-09-07T14:05:16.277Z] error: cannot estimate gas; transaction may fail or may require manual gas limit [ See:
[2025-09-07T14:05:17.633Z] error: cannot estimate gas; transaction may fail or may require manual gas limit [ See:
[2025-09-07T14:05:19.080Z] error: cannot estimate gas; transaction may fail or may require manual gas limit [ See:
[2025-09-07T14:05:20.534Z] error: cannot estimate gas; transaction may fail or may require manual gas limit [ See:
[2025-09-07T14:05:22.622Z] withdraw MESH +94.125
[2025-09-07T14:05:23.324Z] error: cannot estimate gas; transaction may fail or may require manual gas limit [ See:
[2025-09-07T14:05:23.983Z] error: cannot estimate gas; transaction may fail or may require manual gas limit [ See:
[2025-09-07T14:05:24.642Z] error: cannot estimate gas; transaction may fail or may require manual gas limit [ See:
[2025-09-07T14:05:26.685Z] withdraw MESH +75.3
[2025-09-07T14:05:29.251Z] claim W288N2010
[2025-09-07T14:05:31.153Z] withdraw MESH +95.875
[2025-09-07T14:05:33.396Z] claim E467S3312
[2025-09-07T14:05:34.123Z] error: cannot estimate gas; transaction may fail or may require manual gas limit [ See:
[2025-09-07T14:05:35.383Z] withdraw MESH +91.1
[2025-09-07T14:05:36.945Z] error: cannot estimate gas; transaction may fail or may require manual gas limit [ See:
[2025-09-07T14:05:39.865Z] claim E192S8661
[2025-09-07T14:05:41.083Z] withdraw MESH +92.85
[2025-09-07T14:05:43.361Z] error: cannot estimate gas; transaction may fail or may require manual gas limit [ See:
[2025-09-07T14:05:44.154Z] error: cannot estimate gas; transaction may fail or may require manual gas limit [ See:
[2025-09-07T14:05:44.864Z] error: cannot estimate gas; transaction may fail or may require manual gas limit [ See:
[2025-09-07T14:05:46.845Z] withdraw MESH +93.1
[2025-09-07T14:05:47.559Z] error: cannot estimate gas; transaction may fail or may require manual gas limit [ See:
[2025-09-07T14:05:48.948Z] error: cannot estimate gas; transaction may fail or may require manual gas limit [ See:
[2025-09-07T14:05:49.622Z] error: cannot estimate gas; transaction may fail or may require manual gas limit [ See:
[2025-09-07T14:05:51.465Z] withdraw MESH +93.1
[2025-09-07T14:05:52.154Z] error: cannot estimate gas; transaction may fail or may require manual gas limit [ See:
[2025-09-07T14:05:52.896Z] error: cannot estimate gas; transaction may fail or may require manual gas limit [ See:
[2025-09-07T14:05:53.620Z] error: cannot estimate gas; transaction may fail or may require manual gas limit [ See:
[2025-09-07T14:05:55.824Z] withdraw MESH +79.8
[2025-09-07T14:05:57.882Z] error: cannot estimate gas; transaction may fail or may require manual gas limit [ See:
[2025-09-07T14:05:59.487Z] claim E402N8199
[2025-09-07T14:06:00.205Z] error: cannot estimate gas; transaction may fail or may require manual gas limit [ See:
[2025-09-07T14:06:01.543Z] error: cannot estimate gas; transaction may fail or may require manual gas limit [ See:
[2025-09-07T14:06:02.223Z] error: cannot estimate gas; transaction may fail or may require manual gas limit [ See:
[2025-09-07T14:06:03.076Z] error: cannot estimate gas; transaction may fail or may require manual gas limit [ See:
[2025-09-07T14:06:04.452Z] error: cannot estimate gas; transaction may fail or may require manual gas limit [ See:
[2025-09-07T14:06:05.182Z] error: cannot estimate gas; transaction may fail or may require manual gas limit [ See:
[2025-09-07T14:06:06.618Z] withdraw MESH +107.96875
[2025-09-07T14:06:07.378Z] error: cannot estimate gas; transaction may fail or may require manual gas limit [ See:
[2025-09-07T14:06:09.042Z] claim E987S2938
[2025-09-07T14:06:09.903Z] error: cannot estimate gas; transaction may fail or may require manual gas limit [ See:
[2025-09-07T14:06:10.606Z] error: cannot estimate gas; transaction may fail or may require manual gas limit [ See:
[2025-09-07T14:06:12.893Z] withdraw MESH +103.5
[2025-09-07T14:06:15.309Z] withdraw MESH +82.8
[2025-09-07T14:06:16.007Z] error: cannot estimate gas; transaction may fail or may require manual gas limit [ See:
[2025-09-07T14:06:16.761Z] error: cannot estimate gas; transaction may fail or may require manual gas limit [ See:
[2025-09-07T14:06:19.042Z] error: cannot estimate gas; transaction may fail or may require manual gas limit [ See:
[2025-09-07T14:06:21.497Z] claim E492S1006
[2025-09-07T14:06:24.586Z] claim E730S2442
[2025-09-07T14:06:25.350Z] error: cannot estimate gas; transaction may fail or may require manual gas limit [ See:
[2025-09-07T14:06:27.430Z] claim W140N3137
[2025-09-07T14:06:30.208Z] claim W844N213
[2025-09-07T14:06:31.584Z] withdraw MESH +117.690625
[2025-09-07T14:06:33.282Z] claim W526N693
[2025-09-07T14:06:34.779Z] withdraw MESH +90.3
[2025-09-07T14:06:35.501Z] error: cannot estimate gas; transaction may fail or may require manual gas limit [ See:
[2025-09-07T14:06:36.246Z] error: cannot estimate gas; transaction may fail or may require manual gas limit [ See:
[2025-09-07T14:06:38.529Z] withdraw MESH +90.3
[2025-09-07T14:06:39.375Z] error: cannot estimate gas; transaction may fail or may require manual gas limit [ See:
[2025-09-07T14:06:40.106Z] error: cannot estimate gas; transaction may fail or may require manual gas limit [ See:
[2025-09-07T14:06:40.929Z] error: cannot estimate gas; transaction may fail or may require manual gas limit [ See:
[2025-09-07T14:06:42.384Z] error: cannot estimate gas; transaction may fail or may require manual gas limit [ See:
[2025-09-07T14:06:43.097Z] error: cannot estimate gas; transaction may fail or may require manual gas limit [ See:
[2025-09-07T14:06:45.198Z] claim E364N7936
[2025-09-07T14:06:45.955Z] error: cannot estimate gas; transaction may fail or may require manual gas limit [ See:
[2025-09-07T14:06:46.731Z] error: cannot estimate gas; transaction may fail or may require manual gas limit [ See:
[2025-09-07T14:06:47.449Z] error: cannot estimate gas; transaction may fail or may require manual gas limit [ See:
[2025-09-07T14:06:48.191Z] error: cannot estimate gas; transaction may fail or may require manual gas limit [ See:
[2025-09-07T14:06:48.896Z] error: cannot estimate gas; transaction may fail or may require manual gas limit [ See:
[2025-09-07T14:06:49.721Z] error: cannot estimate gas; transaction may fail or may require manual gas limit [ See:
[2025-09-07T14:06:51.793Z] claim W110S7854
[2025-09-07T14:06:52.532Z] error: cannot estimate gas; transaction may fail or may require manual gas limit [ See:
[2025-09-07T14:06:53.996Z] withdraw MESH +116.5
[2025-09-07T14:06:54.788Z] error: cannot estimate gas; transaction may fail or may require manual gas limit [ See:
[2025-09-07T14:06:56.232Z] error: cannot estimate gas; transaction may fail or may require manual gas limit [ See:
[2025-09-07T14:06:57.155Z] error: cannot estimate gas; transaction may fail or may require manual gas limit [ See:
[2025-09-07T14:06:58.528Z] withdraw MESH +93.3
[2025-09-07T14:06:59.984Z] error: cannot estimate gas; transaction may fail or may require manual gas limit [ See:
[2025-09-07T14:07:01.260Z] withdraw MESH +93.3
[2025-09-07T14:07:03.130Z] claim W776N4716
[2025-09-07T14:07:04.549Z] error: cannot estimate gas; transaction may fail or may require manual gas limit [ See:
[2025-09-07T14:07:05.990Z] error: cannot estimate gas; transaction may fail or may require manual gas limit [ See:
[2025-09-07T14:07:06.682Z] error: cannot estimate gas; transaction may fail or may require manual gas limit [ See:
[2025-09-07T14:07:10.743Z] withdraw MESH +110.6
[2025-09-07T14:07:11.448Z] error: cannot estimate gas; transaction may fail or may require manual gas limit [ See:
[2025-09-07T14:07:13.714Z] claim E634S3924
[2025-09-07T14:07:15.418Z] claim W993S3167
[2025-09-07T14:07:17.021Z] claim W888N7458
[2025-09-07T14:07:17.797Z] error: cannot estimate gas; transaction may fail or may require manual gas limit [ See:
[2025-09-07T14:07:18.485Z] error: cannot estimate gas; transaction may fail or may require manual gas limit [ See:
[2025-09-07T14:07:20.937Z] claim W383N4447
[2025-09-07T14:07:22.331Z] error: cannot estimate gas; transaction may fail or may require manual gas limit [ See:
[2025-09-07T14:07:23.055Z] error: cannot estimate gas; transaction may fail or may require manual gas limit [ See:
[2025-09-07T14:07:24.805Z] claim W833N2427
[2025-09-07T14:07:26.139Z] withdraw MESH +136.043359375
[2025-09-07T14:07:26.838Z] error: cannot estimate gas; transaction may fail or may require manual gas limit [ See:
[2025-09-07T14:07:27.529Z] error: cannot estimate gas; transaction may fail or may require manual gas limit [ See:
[2025-09-07T14:07:29.561Z] error: cannot estimate gas; transaction may fail or may require manual gas limit [ See:
[2025-09-07T14:07:30.938Z] withdraw MESH +119.35
[2025-09-07T14:07:33.712Z] error: cannot estimate gas; transaction may fail or may require manual gas limit [ See:
[2025-09-07T14:07:37.067Z] withdraw MESH +132.1375
[2025-09-07T14:07:38.407Z] claim W508S8642
[2025-09-07T14:07:40.019Z] claim W98S2258
[2025-09-07T14:07:40.719Z] error: cannot estimate gas; transaction may fail or may require manual gas limit [ See:
[2025-09-07T14:07:42.130Z] claim W558S8393
[2025-09-07T14:07:43.018Z] error: cannot estimate gas; transaction may fail or may require manual gas limit [ See:
[2025-09-07T14:07:45.841Z] withdraw MESH +124.6
[2025-09-07T14:07:47.252Z] error: cannot estimate gas; transaction may fail or may require manual gas limit [ See:
[2025-09-07T14:07:48.541Z] error: Transaction ran out of gas
[2025-09-07T14:07:49.236Z] error: cannot estimate gas; transaction may fail or may require manual gas limit [ See:
[2025-09-07T14:07:50.625Z] error: cannot estimate gas; transaction may fail or may require manual gas limit [ See:
[2025-09-07T14:07:51.840Z] withdraw MESH +124.6
[2025-09-07T14:07:52.593Z] error: cannot estimate gas; transaction may fail or may require manual gas limit [ See:
[2025-09-07T14:07:53.356Z] error: cannot estimate gas; transaction may fail or may require manual gas limit [ See:
[2025-09-07T14:07:54.028Z] error: cannot estimate gas; transaction may fail or may require manual gas limit [ See:
[2025-09-07T14:07:55.666Z] claim W386S1963
[2025-09-07T14:07:57.141Z] error: cannot estimate gas; transaction may fail or may require manual gas limit [ See:
[2025-09-07T14:07:58.455Z] withdraw MESH +139.45
[2025-09-07T14:07:59.229Z] error: cannot estimate gas; transaction may fail or may require manual gas limit [ See:
[2025-09-07T14:08:01.890Z] claim W526S5656
[2025-09-07T14:08:04.112Z] claim E319N928
[2025-09-07T14:08:05.431Z] withdraw MESH +138.625
[2025-09-07T14:08:06.992Z] error: cannot estimate gas; transaction may fail or may require manual gas limit [ See:
[2025-09-07T14:08:08.488Z] error: cannot estimate gas; transaction may fail or may require manual gas limit [ See:
[2025-09-07T14:08:09.987Z] withdraw MESH +129.85
[2025-09-07T14:08:11.554Z] error: cannot estimate gas; transaction may fail or may require manual gas limit [ See:
[2025-09-07T14:08:12.354Z] error: cannot estimate gas; transaction may fail or may require manual gas limit [ See:
[2025-09-07T14:08:14.808Z] claim E787N3495
[2025-09-07T14:08:15.529Z] error: cannot estimate gas; transaction may fail or may require manual gas limit [ See:
[2025-09-07T14:08:17.522Z] error: cannot estimate gas; transaction may fail or may require manual gas limit [ See:
[2025-09-07T14:08:19.576Z] withdraw MESH +145.6375
[2025-09-07T14:08:20.288Z] error: cannot estimate gas; transaction may fail or may require manual gas limit [ See:
[2025-09-07T14:08:21.106Z] error: cannot estimate gas; transaction may fail or may require manual gas limit [ See:
[2025-09-07T14:08:24.713Z] error: cannot estimate gas; transaction may fail or may require manual gas limit [ See:
[2025-09-07T14:08:27.730Z] claim W82S1884
[2025-09-07T14:08:29.148Z] withdraw MESH +149.8
[2025-09-07T14:08:29.856Z] error: cannot estimate gas; transaction may fail or may require manual gas limit [ See:
[2025-09-07T14:08:31.977Z] error: cannot estimate gas; transaction may fail or may require manual gas limit [ See:
[2025-09-07T14:08:32.709Z] error: cannot estimate gas; transaction may fail or may require manual gas limit [ See:
[2025-09-07T14:08:33.395Z] error: cannot estimate gas; transaction may fail or may require manual gas limit [ See:
[2025-09-07T14:08:35.131Z] claim W976N7015
[2025-09-07T14:08:35.919Z] error: cannot estimate gas; transaction may fail or may require manual gas limit [ See:
[2025-09-07T14:08:38.837Z] error: Transaction ran out of gas
[2025-09-07T14:08:39.551Z] error: cannot estimate gas; transaction may fail or may require manual gas limit [ See:
[2025-09-07T14:08:40.250Z] error: cannot estimate gas; transaction may fail or may require manual gas limit [ See:
[2025-09-07T14:08:44.771Z] withdraw MESH +135.1
[2025-09-07T14:08:45.610Z] error: cannot estimate gas; transaction may fail or may require manual gas limit [ See:
[2025-09-07T14:08:47.109Z] withdraw MESH +115.8
[2025-09-07T14:08:47.872Z] error: cannot estimate gas; transaction may fail or may require manual gas limit [ See:
[2025-09-07T14:08:49.398Z] error: cannot estimate gas; transaction may fail or may require manual gas limit [ See:
[2025-09-07T14:08:50.943Z] claim W223N8189
[2025-09-07T14:08:52.334Z] claim E827S1529
[2025-09-07T14:08:53.048Z] error: cannot estimate gas; transaction may fail or may require manual gas limit [ See:
[2025-09-07T14:08:53.791Z] error: cannot estimate gas; transaction may fail or may require manual gas limit [ See:
[2025-09-07T14:08:55.831Z] withdraw MESH +118.8
[2025-09-07T14:08:58.004Z] error: cannot estimate gas; transaction may fail or may require manual gas limit [ See:
[2025-09-07T14:08:59.962Z] claim E477N2807
[2025-09-07T14:09:00.797Z] error: cannot estimate gas; transaction may fail or may require manual gas limit [ See:
[2025-09-07T14:09:02.579Z] claim W73N656
[2025-09-07T14:09:04.468Z] claim E991S2423
[2025-09-07T14:09:05.177Z] error: cannot estimate gas; transaction may fail or may require manual gas limit [ See:
[2025-09-07T14:09:05.923Z] error: cannot estimate gas; transaction may fail or may require manual gas limit [ See:
[2025-09-07T14:09:08.037Z] withdraw MESH +163.578125
[2025-09-07T14:09:09.285Z] claim W104N5680
[2025-09-07T14:09:11.339Z] error: cannot estimate gas; transaction may fail or may require manual gas limit [ See:
[2025-09-07T14:09:12.797Z] withdraw MESH +124.8
[2025-09-07T14:09:14.782Z] claim W389S5069
[2025-09-07T14:09:16.236Z] withdraw MESH +147.1
[2025-09-07T14:09:17.072Z] error: cannot estimate gas; transaction may fail or may require manual gas limit [ See:
